Sun Apr  5 20:22:46 +07 2026 - 🚨 MAJOR - 🚨 MAJOR UPDATE: Sun Apr  5 20:22:45 +07 2026 -  +       8 new Python files HEARTBEAT.md modified +       2 config files       15 total changes
Sun Apr  5 21:24:12 +07 2026 - 🚨 MAJOR - 🚨 MAJOR UPDATE: Sun Apr  5 21:24:10 +07 2026 -  +       3 new Python files +       1 config files
Sun Apr  5 22:26:01 +07 2026 - 🚨 MAJOR - 🚨 MAJOR UPDATE: 2026-04-05 22:25:59 +0700 - + 29 new Python files + 0 config files + 8 docs       56 total changes
Sun Apr  5 23:26:51 +07 2026 - 🚨 MAJOR - 🚨 MAJOR UPDATE: 2026-04-05 23:26:49 +0700 - + 4 new Python files + 0 config files + 7 docs       17 total changes
Mon Apr  6 00:27:53 +07 2026 - 🚨 MAJOR - 🚨 MAJOR UPDATE: 2026-04-06 00:27:51 +0700 - + 8 new Python files + 0 config files + 5 docs       25 total changes
Mon Apr  6 00:29:42 +07 2026 - Auto-save:        7 changes
Mon Apr  6 01:29:26 +07 2026 - 🚨 MAJOR - 🚨 MAJOR UPDATE: 2026-04-06 01:29:21 +0700 - + 4 new Python files + 0 config files + 2 docs       49 total changes
Mon Apr  6 01:30:57 +07 2026 - Auto-save:        8 changes
Mon Apr  6 02:30:41 +07 2026 - 🚨 MAJOR - 🚨 MAJOR UPDATE: 2026-04-06 02:30:40 +0700 - + 5 new Python files + 0 config files + 2 docs       19 total changes
Mon Apr  6 02:32:14 +07 2026 - Auto-save:        9 changes
Mon Apr  6 03:31:38 +07 2026 - 🚨 MAJOR - 🚨 MAJOR UPDATE: 2026-04-06 03:31:37 +0700 - + 4 new Python files + 0 config files + 4 docs       21 total changes
Mon Apr  6 03:33:06 +07 2026 - Auto-save:       10 changes
Mon Apr  6 04:33:01 +07 2026 - 🚨 MAJOR - 🚨 MAJOR UPDATE: 2026-04-06 04:33:00 +0700 - + 4 new Python files + 0 config files + 3 docs       23 total changes
Mon Apr  6 04:34:07 +07 2026 - Auto-save:        9 changes
Mon Apr  6 05:34:05 +07 2026 - 🚨 MAJOR - 🚨 MAJOR UPDATE: 2026-04-06 05:34:03 +0700 - + 0 new Python files + 0 config files + 4 docs       19 total changes
Mon Apr  6 05:36:11 +07 2026 - Auto-save:        9 changes
Mon Apr  6 06:36:11 +07 2026 - 🚨 MAJOR - 🚨 MAJOR UPDATE: 2026-04-06 06:36:09 +0700 - + 0 new Python files + 0 config files + 2 docs       12 total changes
Mon Apr  6 06:37:01 +07 2026 - Auto-save:        9 changes
Mon Apr  6 07:37:04 +07 2026 - 🚨 MAJOR - 🚨 MAJOR UPDATE: 2026-04-06 07:37:02 +0700 - + 0 new Python files + 0 config files + 2 docs       13 total changes
Mon Apr  6 07:38:00 +07 2026 - Auto-save:        9 changes
Mon Apr  6 08:38:00 +07 2026 - 🚨 MAJOR - 🚨 MAJOR UPDATE: 2026-04-06 08:37:58 +0700 - + 0 new Python files + 0 config files + 2 docs       12 total changes
Mon Apr  6 08:38:53 +07 2026 - Auto-save:        9 changes
Mon Apr  6 09:38:51 +07 2026 - 🚨 MAJOR - 🚨 MAJOR UPDATE: 2026-04-06 09:38:49 +0700 - + 0 new Python files + 0 config files + 2 docs       13 total changes
Mon Apr  6 09:39:52 +07 2026 - Auto-save:        9 changes
Mon Apr  6 10:39:49 +07 2026 - 🚨 MAJOR - 🚨 MAJOR UPDATE: 2026-04-06 10:39:47 +0700 - + 0 new Python files + 0 config files + 2 docs       12 total changes
Mon Apr  6 10:40:52 +07 2026 - Auto-save:        9 changes
Mon Apr  6 11:40:45 +07 2026 - 🚨 MAJOR - 🚨 MAJOR UPDATE: 2026-04-06 11:40:43 +0700 - + 0 new Python files + 0 config files + 2 docs       17 total changes
Mon Apr  6 11:41:37 +07 2026 - Auto-save:        9 changes
Mon Apr  6 12:42:46 +07 2026 - 🚨 MAJOR - 🚨 MAJOR UPDATE: 2026-04-06 12:42:44 +0700 - + 2 new Python files + 0 config files + 3 docs       25 total changes
Mon Apr  6 13:31:28 +07 2026 - 🚨 MAJOR - 🚨 MAJOR UPDATE: 2026-04-06 13:31:26 +0700 - + 0 new Python files + 0 config files + 2 docs        6 total changes
Mon Apr  6 13:42:43 +07 2026 - Auto-save:        1 changes
Mon Apr  6 14:32:03 +07 2026 - 🚨 MAJOR - 🚨 MAJOR UPDATE: 2026-04-06 14:32:02 +0700 - + 0 new Python files + 0 config files + 2 docs        4 total changes
Mon Apr  6 14:42:43 +07 2026 - Auto-save:        1 changes
Mon Apr  6 15:32:33 +07 2026 - 🚨 MAJOR - 🚨 MAJOR UPDATE: 2026-04-06 15:32:32 +0700 - + 0 new Python files + 0 config files + 2 docs        6 total changes
Mon Apr  6 15:42:43 +07 2026 - Auto-save:        1 changes
Mon Apr  6 16:33:21 +07 2026 - 🚨 MAJOR - 🚨 MAJOR UPDATE: 2026-04-06 16:33:20 +0700 - + 0 new Python files + 0 config files + 2 docs        4 total changes
Mon Apr  6 16:42:43 +07 2026 - Auto-save:        1 changes
Mon Apr  6 17:33:57 +07 2026 - 🚨 MAJOR - 🚨 MAJOR UPDATE: 2026-04-06 17:33:55 +0700 - + 0 new Python files + 0 config files + 2 docs        5 total changes
Mon Apr  6 17:42:43 +07 2026 - Auto-save:        1 changes
Mon Apr  6 18:34:28 +07 2026 - 🚨 MAJOR - 🚨 MAJOR UPDATE: 2026-04-06 18:34:27 +0700 - + 0 new Python files + 0 config files + 2 docs        4 total changes
Mon Apr  6 18:42:43 +07 2026 - Auto-save:        1 changes
Mon Apr  6 19:34:59 +07 2026 - 🚨 MAJOR - 🚨 MAJOR UPDATE: 2026-04-06 19:34:57 +0700 - + 0 new Python files + 0 config files + 2 docs        6 total changes
Mon Apr  6 19:42:44 +07 2026 - Auto-save:        1 changes
Mon Apr  6 20:35:39 +07 2026 - 🚨 MAJOR - 🚨 MAJOR UPDATE: 2026-04-06 20:35:38 +0700 - + 0 new Python files + 0 config files + 2 docs        4 total changes
Mon Apr  6 20:42:44 +07 2026 - Auto-save:        1 changes
Mon Apr  6 21:36:08 +07 2026 - 🚨 MAJOR - 🚨 MAJOR UPDATE: 2026-04-06 21:36:06 +0700 - + 0 new Python files + 0 config files + 2 docs        6 total changes
Mon Apr  6 21:42:44 +07 2026 - Auto-save:        1 changes
Mon Apr  6 22:36:55 +07 2026 - 🚨 MAJOR - 🚨 MAJOR UPDATE: 2026-04-06 22:36:53 +0700 - + 0 new Python files + 0 config files + 2 docs        4 total changes
Mon Apr  6 22:42:44 +07 2026 - Auto-save:        1 changes
Mon Apr  6 23:37:34 +07 2026 - 🚨 MAJOR - 🚨 MAJOR UPDATE: 2026-04-06 23:37:32 +0700 - + 0 new Python files + 0 config files + 2 docs        6 total changes
Mon Apr  6 23:42:44 +07 2026 - Auto-save:        1 changes
Tue Apr  7 00:38:24 +07 2026 - 🚨 MAJOR - 🚨 MAJOR UPDATE: 2026-04-07 00:38:22 +0700 - + 0 new Python files + 0 config files + 2 docs        4 total changes
Tue Apr  7 00:42:43 +07 2026 - Auto-save:        1 changes
Tue Apr  7 01:39:00 +07 2026 - 🚨 MAJOR - 🚨 MAJOR UPDATE: 2026-04-07 01:38:58 +0700 - + 0 new Python files + 0 config files + 2 docs        6 total changes
Tue Apr  7 01:42:43 +07 2026 - Auto-save:        1 changes
Tue Apr  7 02:39:31 +07 2026 - 🚨 MAJOR - 🚨 MAJOR UPDATE: 2026-04-07 02:39:30 +0700 - + 0 new Python files + 0 config files + 2 docs        4 total changes
Tue Apr  7 02:42:44 +07 2026 - Auto-save:        1 changes
Tue Apr  7 03:40:04 +07 2026 - 🚨 MAJOR - 🚨 MAJOR UPDATE: 2026-04-07 03:40:03 +0700 - + 0 new Python files + 0 config files + 2 docs        6 total changes
Tue Apr  7 03:42:43 +07 2026 - Auto-save:        1 changes
Tue Apr  7 04:40:41 +07 2026 - 🚨 MAJOR - 🚨 MAJOR UPDATE: 2026-04-07 04:40:39 +0700 - + 0 new Python files + 0 config files + 2 docs        4 total changes
Tue Apr  7 04:42:43 +07 2026 - Auto-save:        1 changes
Tue Apr  7 05:41:07 +07 2026 - 🚨 MAJOR - 🚨 MAJOR UPDATE: 2026-04-07 05:41:05 +0700 - + 0 new Python files + 0 config files + 2 docs        5 total changes
Tue Apr  7 05:42:43 +07 2026 - Auto-save:        1 changes
Tue Apr  7 06:41:33 +07 2026 - 🚨 MAJOR - 🚨 MAJOR UPDATE: 2026-04-07 06:41:32 +0700 - + 0 new Python files + 0 config files + 2 docs        4 total changes
Tue Apr  7 06:42:43 +07 2026 - Auto-save:        1 changes
Tue Apr  7 07:42:07 +07 2026 - 🚨 MAJOR - 🚨 MAJOR UPDATE: 2026-04-07 07:42:06 +0700 - + 0 new Python files + 0 config files + 2 docs        6 total changes
Tue Apr  7 07:42:44 +07 2026 - Auto-save:        1 changes
Tue Apr  7 08:42:43 +07 2026 - 🚨 MAJOR - 🚨 MAJOR UPDATE: 2026-04-07 08:42:42 +0700 - + 0 new Python files + 0 config files + 2 docs        4 total changes
Tue Apr  7 08:44:52 +07 2026 - Auto-save:        3 changes
Tue Apr  7 09:43:19 +07 2026 - 🚨 MAJOR - 🚨 MAJOR UPDATE: 2026-04-07 09:43:17 +0700 - + 0 new Python files + 0 config files + 2 docs        4 total changes
Tue Apr  7 09:44:53 +07 2026 - Auto-save:        1 changes
Tue Apr  7 10:44:06 +07 2026 - 🚨 MAJOR - 🚨 MAJOR UPDATE: 2026-04-07 10:44:04 +0700 - + 0 new Python files + 0 config files + 2 docs        5 total changes
Tue Apr  7 10:44:53 +07 2026 - Auto-save:        1 changes
Tue Apr  7 11:44:40 +07 2026 - 🚨 MAJOR - 🚨 MAJOR UPDATE: 2026-04-07 11:44:39 +0700 - + 0 new Python files + 0 config files + 2 docs        4 total changes
Tue Apr  7 11:45:18 +07 2026 - Auto-save:        1 changes
Tue Apr  7 12:45:16 +07 2026 - 🚨 MAJOR - 🚨 MAJOR UPDATE: 2026-04-07 12:45:14 +0700 - + 0 new Python files + 0 config files + 2 docs        6 total changes
Tue Apr  7 12:45:54 +07 2026 - Auto-save:        1 changes
Tue Apr  7 13:45:52 +07 2026 - 🚨 MAJOR - 🚨 MAJOR UPDATE: 2026-04-07 13:45:50 +0700 - + 0 new Python files + 0 config files + 2 docs        4 total changes
Tue Apr  7 13:46:33 +07 2026 - Auto-save:        1 changes
Tue Apr  7 14:46:32 +07 2026 - 🚨 MAJOR - 🚨 MAJOR UPDATE: 2026-04-07 14:46:31 +0700 - + 0 new Python files + 0 config files + 2 docs        6 total changes
Tue Apr  7 14:47:11 +07 2026 - Auto-save:        1 changes
Tue Apr  7 15:47:09 +07 2026 - 🚨 MAJOR - 🚨 MAJOR UPDATE: 2026-04-07 15:47:08 +0700 - + 0 new Python files + 0 config files + 2 docs        4 total changes
Tue Apr  7 15:47:51 +07 2026 - Auto-save:        1 changes
