[2026-03-18 07:38:59] ============================================================
[2026-03-18 07:38:59] CONSERVATIVE CRYPTO TRADING ANALYSIS & EXECUTION
[2026-03-18 07:38:59] ============================================================
[2026-03-18 07:38:59] Fetching market data...
[2026-03-18 07:39:00] 
CURRENT MARKET PRICES:
[2026-03-18 07:39:00]   BTC/USD: $73,647.00
[2026-03-18 07:39:00]   ETH/USD: $2,311.09
[2026-03-18 07:39:00] 
MARKET SENTIMENT ANALYSIS:
[2026-03-18 07:39:06] 
  BTC/USD:
[2026-03-18 07:39:06]     Price: $73,647.00
[2026-03-18 07:39:06]     Sentiment: NEUTRAL (confidence: 50.0%)
[2026-03-18 07:39:06]     Recommendation: HOLD
[2026-03-18 07:39:06]     Support Levels: $73,424.02, 71,955.54, 69,752.82
[2026-03-18 07:39:06]     Resistance Levels: $76,000.00, 77,520.00, 79,800.00
[2026-03-18 07:39:11] 
  ETH/USD:
[2026-03-18 07:39:11]     Price: $2,311.09
[2026-03-18 07:39:11]     Sentiment: NEUTRAL (confidence: 50.0%)
[2026-03-18 07:39:11]     Recommendation: HOLD
[2026-03-18 07:39:11]     Support Levels: $2,298.36, 2,252.39, 2,183.44
[2026-03-18 07:39:11]     Resistance Levels: $2,376.31, 2,423.84, 2,495.13
[2026-03-18 07:39:11] 
ERROR in trading strategy: 'timestamp'
[2026-03-18 07:39:42] ============================================================
[2026-03-18 07:39:42] CONSERVATIVE CRYPTO TRADING ANALYSIS & EXECUTION
[2026-03-18 07:39:42] ============================================================
[2026-03-18 07:39:42] Fetching market data...
[2026-03-18 07:39:43] 
CURRENT MARKET PRICES:
[2026-03-18 07:39:43]   BTC/USD: $73,633.00
[2026-03-18 07:39:43]   ETH/USD: $2,309.81
[2026-03-18 07:39:43] 
MARKET SENTIMENT ANALYSIS:
[2026-03-18 07:39:49] 
  BTC/USD:
[2026-03-18 07:39:49]     Price: $73,633.00
[2026-03-18 07:39:49]     Sentiment: NEUTRAL (confidence: 50.0%)
[2026-03-18 07:39:49]     Recommendation: HOLD
[2026-03-18 07:39:49]     Support Levels: $73,424.02, 71,955.54, 69,752.82
[2026-03-18 07:39:49]     Resistance Levels: $76,000.00, 77,520.00, 79,800.00
[2026-03-18 07:39:54] 
  ETH/USD:
[2026-03-18 07:39:54]     Price: $2,309.81
[2026-03-18 07:39:54]     Sentiment: NEUTRAL (confidence: 50.0%)
[2026-03-18 07:39:54]     Recommendation: HOLD
[2026-03-18 07:39:54]     Support Levels: $2,298.36, 2,252.39, 2,183.44
[2026-03-18 07:39:54]     Resistance Levels: $2,376.31, 2,423.84, 2,495.13
[2026-03-18 07:39:54] 
TRADING LIMIT REACHED: Maximum 2 trades per day already executed
