::1 - - [06/Apr/2026 00:28:39] "GET /actual_trading_dashboard_with_real_data.html HTTP/1.1" 200 -
::1 - - [06/Apr/2026 00:29:59] "GET /actual_trading_dashboard_with_real_data.html HTTP/1.1" 200 -
::1 - - [06/Apr/2026 00:29:59] code 404, message File not found
::1 - - [06/Apr/2026 00:29:59] "GET /real_trading_data/dashboard_data.json?t=1775410199858 HTTP/1.1" 200 -
::1 - - [06/Apr/2026 00:29:59] "GET /api/status HTTP/1.1" 404 -
::1 - - [06/Apr/2026 00:29:59] code 404, message File not found
::1 - - [06/Apr/2026 00:29:59] "GET /favicon.ico HTTP/1.1" 404 -
::1 - - [06/Apr/2026 00:29:59] code 404, message File not found
::1 - - [06/Apr/2026 00:29:59] "GET /favicon.ico HTTP/1.1" 404 -
::1 - - [06/Apr/2026 00:30:29] "GET /real_trading_data/dashboard_data.json?t=1775410229859 HTTP/1.1" 200 -
::1 - - [06/Apr/2026 00:30:59] "GET /real_trading_data/dashboard_data.json?t=1775410259860 HTTP/1.1" 200 -
::1 - - [06/Apr/2026 01:25:58] "GET /actual_trading_dashboard_with_real_data.html HTTP/1.1" 200 -
::1 - - [06/Apr/2026 01:25:58] "GET /real_trading_data/dashboard_data.json?t=1775413558226 HTTP/1.1" 200 -
::1 - - [06/Apr/2026 01:25:58] code 404, message File not found
::1 - - [06/Apr/2026 01:25:58] "GET /api/status HTTP/1.1" 404 -
::1 - - [06/Apr/2026 01:25:58] code 404, message File not found
::1 - - [06/Apr/2026 01:25:58] "GET /favicon.ico HTTP/1.1" 404 -
::1 - - [06/Apr/2026 01:26:28] "GET /real_trading_data/dashboard_data.json?t=1775413588270 HTTP/1.1" 200 -
::1 - - [06/Apr/2026 01:26:58] "GET /real_trading_data/dashboard_data.json?t=1775413618271 HTTP/1.1" 200 -
::1 - - [06/Apr/2026 01:27:28] "GET /real_trading_data/dashboard_data.json?t=1775413648270 HTTP/1.1" 200 -
::1 - - [06/Apr/2026 01:27:58] "GET /real_trading_data/dashboard_data.json?t=1775413678271 HTTP/1.1" 200 -
::1 - - [06/Apr/2026 01:28:28] "GET /real_trading_data/dashboard_data.json?t=1775413708270 HTTP/1.1" 200 -
::1 - - [06/Apr/2026 01:28:58] "GET /real_trading_data/dashboard_data.json?t=1775413738270 HTTP/1.1" 200 -
::1 - - [06/Apr/2026 01:29:32] "GET /real_trading_data/dashboard_data.json?t=1775413772270 HTTP/1.1" 200 -
::1 - - [06/Apr/2026 01:30:32] "GET /real_trading_data/dashboard_data.json?t=1775413832271 HTTP/1.1" 200 -
::1 - - [06/Apr/2026 01:31:32] "GET /real_trading_data/dashboard_data.json?t=1775413892270 HTTP/1.1" 200 -
::1 - - [06/Apr/2026 01:32:32] "GET /real_trading_data/dashboard_data.json?t=1775413952270 HTTP/1.1" 200 -
::1 - - [06/Apr/2026 01:33:32] "GET /real_trading_data/dashboard_data.json?t=1775414012272 HTTP/1.1" 200 -
::1 - - [06/Apr/2026 01:34:32] "GET /real_trading_data/dashboard_data.json?t=1775414072271 HTTP/1.1" 200 -
::1 - - [06/Apr/2026 01:35:32] "GET /real_trading_data/dashboard_data.json?t=1775414132271 HTTP/1.1" 200 -
::1 - - [06/Apr/2026 01:36:32] "GET /real_trading_data/dashboard_data.json?t=1775414192271 HTTP/1.1" 200 -
::1 - - [06/Apr/2026 01:37:32] "GET /real_trading_data/dashboard_data.json?t=1775414252267 HTTP/1.1" 200 -
::1 - - [06/Apr/2026 01:38:32] "GET /real_trading_data/dashboard_data.json?t=1775414312269 HTTP/1.1" 200 -
::1 - - [06/Apr/2026 01:39:32] "GET /real_trading_data/dashboard_data.json?t=1775414372265 HTTP/1.1" 200 -
::1 - - [06/Apr/2026 01:40:32] "GET /real_trading_data/dashboard_data.json?t=1775414432262 HTTP/1.1" 200 -
::1 - - [06/Apr/2026 01:41:32] "GET /real_trading_data/dashboard_data.json?t=1775414492267 HTTP/1.1" 200 -
::1 - - [06/Apr/2026 01:42:32] "GET /real_trading_data/dashboard_data.json?t=1775414552261 HTTP/1.1" 200 -
::1 - - [06/Apr/2026 01:43:32] "GET /real_trading_data/dashboard_data.json?t=1775414612264 HTTP/1.1" 200 -
::1 - - [06/Apr/2026 01:44:24] "GET /real_trading_data/dashboard_data.json?t=1775414664434 HTTP/1.1" 200 -
::1 - - [06/Apr/2026 01:44:28] "GET /real_trading_data/dashboard_data.json?t=1775414668219 HTTP/1.1" 200 -
::1 - - [06/Apr/2026 01:55:46] "GET / HTTP/1.1" 200 -
::1 - - [06/Apr/2026 03:58:23] "GET / HTTP/1.1" 200 -
