::1 - - [05/Apr/2026 23:39:08] "GET /simple_verified_status.html HTTP/1.1" 200 -
::1 - - [05/Apr/2026 23:39:08] "GET /fixed_simulated_trades_audit.json HTTP/1.1" 200 -
::1 - - [05/Apr/2026 23:39:08] code 404, message File not found
::1 - - [05/Apr/2026 23:39:08] "GET /favicon.ico HTTP/1.1" 404 -
::1 - - [05/Apr/2026 23:39:38] "GET /simple_verified_status.html HTTP/1.1" 200 -
::1 - - [05/Apr/2026 23:39:38] "GET /fixed_simulated_trades_audit.json HTTP/1.1" 304 -
::1 - - [05/Apr/2026 23:39:38] code 404, message File not found
::1 - - [05/Apr/2026 23:39:38] "GET /favicon.ico HTTP/1.1" 404 -
::1 - - [05/Apr/2026 23:39:45] "GET / HTTP/1.1" 200 -
::1 - - [05/Apr/2026 23:39:45] code 404, message File not found
::1 - - [05/Apr/2026 23:39:45] "GET /favicon.ico HTTP/1.1" 404 -
::1 - - [05/Apr/2026 23:39:45] "GET /improved_real_status.html HTTP/1.1" 200 -
::1 - - [05/Apr/2026 23:39:45] "GET /simulated_trades_audit.json HTTP/1.1" 200 -
::1 - - [05/Apr/2026 23:39:45] code 404, message File not found
::1 - - [05/Apr/2026 23:39:45] "GET /favicon.ico HTTP/1.1" 404 -
::1 - - [05/Apr/2026 23:43:46] "GET /simulated_trades_audit.json HTTP/1.1" 304 -
::1 - - [05/Apr/2026 23:47:32] "GET /simulated_trades_audit.json HTTP/1.1" 304 -
::1 - - [05/Apr/2026 23:51:32] "GET /simulated_trades_audit.json HTTP/1.1" 304 -
::1 - - [05/Apr/2026 23:52:10] "GET / HTTP/1.1" 200 -
::1 - - [05/Apr/2026 23:52:15] "GET /improved_real_status.html HTTP/1.1" 200 -
::1 - - [05/Apr/2026 23:52:19] "GET /improved_real_status.html HTTP/1.1" 200 -
::1 - - [05/Apr/2026 23:56:32] "GET /simulated_trades_audit.json HTTP/1.1" 304 -
::1 - - [06/Apr/2026 00:01:32] "GET /simulated_trades_audit.json HTTP/1.1" 304 -
::1 - - [06/Apr/2026 00:07:32] "GET /simulated_trades_audit.json HTTP/1.1" 304 -
::1 - - [06/Apr/2026 00:09:33] "GET /improved_real_status.html HTTP/1.1" 304 -
::1 - - [06/Apr/2026 00:09:33] code 404, message File not found
::1 - - [06/Apr/2026 00:09:33] "GET /favicon.ico HTTP/1.1" 404 -
::1 - - [06/Apr/2026 00:10:07] "GET /simple_real_status.html HTTP/1.1" 304 -
::1 - - [06/Apr/2026 00:10:07] code 404, message File not found
::1 - - [06/Apr/2026 00:10:07] "GET /favicon.ico HTTP/1.1" 404 -
::1 - - [06/Apr/2026 00:10:23] "GET /improved_real_status.html HTTP/1.1" 304 -
::1 - - [06/Apr/2026 00:10:23] code 404, message File not found
::1 - - [06/Apr/2026 00:10:23] "GET /favicon.ico HTTP/1.1" 404 -
::1 - - [06/Apr/2026 00:10:38] "GET /simple_real_status.html HTTP/1.1" 304 -
::1 - - [06/Apr/2026 00:10:38] code 404, message File not found
::1 - - [06/Apr/2026 00:10:38] "GET /favicon.ico HTTP/1.1" 404 -
::1 - - [06/Apr/2026 00:11:09] "GET /simple_real_status.html HTTP/1.1" 304 -
::1 - - [06/Apr/2026 00:11:09] code 404, message File not found
::1 - - [06/Apr/2026 00:11:09] "GET /favicon.ico HTTP/1.1" 404 -
::1 - - [06/Apr/2026 00:11:28] "GET /fixed_actual_status.html HTTP/1.1" 200 -
::1 - - [06/Apr/2026 00:11:28] "GET /actual_reality.json HTTP/1.1" 200 -
::1 - - [06/Apr/2026 00:11:28] "GET /actual_error_status.json HTTP/1.1" 200 -
::1 - - [06/Apr/2026 00:11:28] "GET /actual_disk_status.json HTTP/1.1" 200 -
::1 - - [06/Apr/2026 00:11:28] "GET /actual_system_status.json HTTP/1.1" 200 -
::1 - - [06/Apr/2026 00:11:28] code 404, message File not found
::1 - - [06/Apr/2026 00:11:28] "GET /favicon.ico HTTP/1.1" 404 -
::1 - - [06/Apr/2026 00:11:37] "GET /actual_status.html HTTP/1.1" 200 -
::1 - - [06/Apr/2026 00:11:37] "GET /actual_reality.json HTTP/1.1" 200 -
::1 - - [06/Apr/2026 00:11:37] code 404, message File not found
::1 - - [06/Apr/2026 00:11:37] "GET /favicon.ico HTTP/1.1" 404 -
::1 - - [06/Apr/2026 00:11:40] "GET /simple_real_status.html HTTP/1.1" 304 -
::1 - - [06/Apr/2026 00:11:40] code 404, message File not found
::1 - - [06/Apr/2026 00:11:40] "GET /favicon.ico HTTP/1.1" 404 -
::1 - - [06/Apr/2026 00:11:44] "GET /simple_verified_status.html HTTP/1.1" 304 -
::1 - - [06/Apr/2026 00:11:44] "GET /fixed_simulated_trades_audit.json HTTP/1.1" 200 -
::1 - - [06/Apr/2026 00:11:44] code 404, message File not found
::1 - - [06/Apr/2026 00:11:44] "GET /favicon.ico HTTP/1.1" 404 -
::1 - - [06/Apr/2026 00:11:59] "GET /fixed_actual_status.html HTTP/1.1" 200 -
::1 - - [06/Apr/2026 00:11:59] "GET /actual_reality.json HTTP/1.1" 304 -
::1 - - [06/Apr/2026 00:11:59] code 404, message File not found
::1 - - [06/Apr/2026 00:11:59] "GET /favicon.ico HTTP/1.1" 404 -
::1 - - [06/Apr/2026 00:12:04] "GET /fixed_simulated_trades_audit.json HTTP/1.1" 304 -
::1 - - [06/Apr/2026 00:12:04] code 404, message File not found
::1 - - [06/Apr/2026 00:12:04] "GET /favicon.ico HTTP/1.1" 404 -
::1 - - [06/Apr/2026 00:12:08] "GET /actual_status.html HTTP/1.1" 200 -
::1 - - [06/Apr/2026 00:12:08] "GET /actual_reality.json HTTP/1.1" 304 -
::1 - - [06/Apr/2026 00:12:08] code 404, message File not found
::1 - - [06/Apr/2026 00:12:08] "GET /favicon.ico HTTP/1.1" 404 -
::1 - - [06/Apr/2026 00:12:11] "GET /simple_real_status.html HTTP/1.1" 304 -
::1 - - [06/Apr/2026 00:12:11] code 404, message File not found
::1 - - [06/Apr/2026 00:12:11] "GET /favicon.ico HTTP/1.1" 404 -
::1 - - [06/Apr/2026 00:12:30] "GET /fixed_actual_status.html HTTP/1.1" 304 -
::1 - - [06/Apr/2026 00:12:30] "GET /actual_reality.json HTTP/1.1" 304 -
::1 - - [06/Apr/2026 00:12:30] code 404, message File not found
::1 - - [06/Apr/2026 00:12:30] "GET /favicon.ico HTTP/1.1" 404 -
::1 - - [06/Apr/2026 00:12:39] "GET /actual_status.html HTTP/1.1" 304 -
::1 - - [06/Apr/2026 00:12:39] "GET /actual_reality.json HTTP/1.1" 200 -
::1 - - [06/Apr/2026 00:12:39] code 404, message File not found
::1 - - [06/Apr/2026 00:12:39] "GET /favicon.ico HTTP/1.1" 404 -
::1 - - [06/Apr/2026 00:12:42] "GET /simple_real_status.html HTTP/1.1" 304 -
::1 - - [06/Apr/2026 00:12:42] code 404, message File not found
::1 - - [06/Apr/2026 00:12:42] "GET /favicon.ico HTTP/1.1" 404 -
::1 - - [06/Apr/2026 00:13:01] "GET /fixed_actual_status.html HTTP/1.1" 304 -
::1 - - [06/Apr/2026 00:13:01] "GET /actual_reality.json HTTP/1.1" 304 -
::1 - - [06/Apr/2026 00:13:01] code 404, message File not found
::1 - - [06/Apr/2026 00:13:01] "GET /favicon.ico HTTP/1.1" 404 -
::1 - - [06/Apr/2026 00:13:10] "GET /actual_status.html HTTP/1.1" 304 -
::1 - - [06/Apr/2026 00:13:10] "GET /actual_reality.json HTTP/1.1" 304 -
::1 - - [06/Apr/2026 00:13:10] code 404, message File not found
::1 - - [06/Apr/2026 00:13:10] "GET /favicon.ico HTTP/1.1" 404 -
::1 - - [06/Apr/2026 00:13:13] "GET /simple_real_status.html HTTP/1.1" 304 -
::1 - - [06/Apr/2026 00:13:13] code 404, message File not found
::1 - - [06/Apr/2026 00:13:13] "GET /favicon.ico HTTP/1.1" 404 -
::1 - - [06/Apr/2026 00:13:32] "GET /fixed_actual_status.html HTTP/1.1" 304 -
::1 - - [06/Apr/2026 00:13:32] "GET /actual_reality.json HTTP/1.1" 200 -
::1 - - [06/Apr/2026 00:13:32] "GET /actual_error_status.json HTTP/1.1" 304 -
::1 - - [06/Apr/2026 00:13:32] "GET /actual_disk_status.json HTTP/1.1" 304 -
::1 - - [06/Apr/2026 00:13:32] "GET /actual_system_status.json HTTP/1.1" 304 -
::1 - - [06/Apr/2026 00:13:32] code 404, message File not found
::1 - - [06/Apr/2026 00:13:32] "GET /favicon.ico HTTP/1.1" 404 -
::1 - - [06/Apr/2026 00:13:41] "GET /actual_status.html HTTP/1.1" 304 -
::1 - - [06/Apr/2026 00:13:41] "GET /actual_reality.json HTTP/1.1" 200 -
::1 - - [06/Apr/2026 00:13:41] code 404, message File not found
::1 - - [06/Apr/2026 00:13:41] "GET /favicon.ico HTTP/1.1" 404 -
::1 - - [06/Apr/2026 00:13:44] "GET /simple_real_status.html HTTP/1.1" 304 -
::1 - - [06/Apr/2026 00:13:44] code 404, message File not found
::1 - - [06/Apr/2026 00:13:44] "GET /favicon.ico HTTP/1.1" 404 -
::1 - - [06/Apr/2026 00:14:03] "GET /fixed_actual_status.html HTTP/1.1" 304 -
::1 - - [06/Apr/2026 00:14:03] "GET /actual_reality.json HTTP/1.1" 304 -
::1 - - [06/Apr/2026 00:14:03] code 404, message File not found
::1 - - [06/Apr/2026 00:14:03] "GET /favicon.ico HTTP/1.1" 404 -
::1 - - [06/Apr/2026 00:14:12] "GET /actual_status.html HTTP/1.1" 304 -
::1 - - [06/Apr/2026 00:14:12] "GET /actual_reality.json HTTP/1.1" 304 -
::1 - - [06/Apr/2026 00:14:12] code 404, message File not found
::1 - - [06/Apr/2026 00:14:12] "GET /favicon.ico HTTP/1.1" 404 -
::1 - - [06/Apr/2026 00:14:15] "GET /simple_real_status.html HTTP/1.1" 304 -
::1 - - [06/Apr/2026 00:14:15] code 404, message File not found
::1 - - [06/Apr/2026 00:14:15] "GET /favicon.ico HTTP/1.1" 404 -
::1 - - [06/Apr/2026 00:14:24] "GET /simulated_trades_audit.json HTTP/1.1" 304 -
::1 - - [06/Apr/2026 00:14:34] "GET /fixed_actual_status.html HTTP/1.1" 304 -
::1 - - [06/Apr/2026 00:14:34] "GET /actual_reality.json HTTP/1.1" 200 -
::1 - - [06/Apr/2026 00:14:34] code 404, message File not found
::1 - - [06/Apr/2026 00:14:34] "GET /favicon.ico HTTP/1.1" 404 -
::1 - - [06/Apr/2026 00:14:43] "GET /actual_status.html HTTP/1.1" 304 -
::1 - - [06/Apr/2026 00:14:43] "GET /actual_reality.json HTTP/1.1" 200 -
::1 - - [06/Apr/2026 00:14:43] code 404, message File not found
::1 - - [06/Apr/2026 00:14:43] "GET /favicon.ico HTTP/1.1" 404 -
::1 - - [06/Apr/2026 00:14:46] "GET /simple_real_status.html HTTP/1.1" 304 -
::1 - - [06/Apr/2026 00:14:46] code 404, message File not found
::1 - - [06/Apr/2026 00:14:46] "GET /favicon.ico HTTP/1.1" 404 -
::1 - - [06/Apr/2026 00:15:05] "GET /fixed_actual_status.html HTTP/1.1" 304 -
::1 - - [06/Apr/2026 00:15:05] "GET /actual_reality.json HTTP/1.1" 304 -
::1 - - [06/Apr/2026 00:15:05] code 404, message File not found
::1 - - [06/Apr/2026 00:15:05] "GET /favicon.ico HTTP/1.1" 404 -
::1 - - [06/Apr/2026 00:15:14] "GET /actual_status.html HTTP/1.1" 304 -
::1 - - [06/Apr/2026 00:15:14] "GET /actual_reality.json HTTP/1.1" 304 -
::1 - - [06/Apr/2026 00:15:14] code 404, message File not found
::1 - - [06/Apr/2026 00:15:14] "GET /favicon.ico HTTP/1.1" 404 -
::1 - - [06/Apr/2026 00:15:17] "GET /simple_real_status.html HTTP/1.1" 304 -
::1 - - [06/Apr/2026 00:15:17] code 404, message File not found
::1 - - [06/Apr/2026 00:15:17] "GET /favicon.ico HTTP/1.1" 404 -
::1 - - [06/Apr/2026 00:15:36] "GET /fixed_actual_status.html HTTP/1.1" 304 -
::1 - - [06/Apr/2026 00:15:36] "GET /actual_reality.json HTTP/1.1" 200 -
::1 - - [06/Apr/2026 00:15:36] "GET /actual_system_status.json HTTP/1.1" 304 -
::1 - - [06/Apr/2026 00:15:36] code 404, message File not found
::1 - - [06/Apr/2026 00:15:36] "GET /favicon.ico HTTP/1.1" 404 -
::1 - - [06/Apr/2026 00:15:45] "GET /actual_status.html HTTP/1.1" 304 -
::1 - - [06/Apr/2026 00:15:45] "GET /actual_reality.json HTTP/1.1" 200 -
::1 - - [06/Apr/2026 00:15:45] code 404, message File not found
::1 - - [06/Apr/2026 00:15:45] "GET /favicon.ico HTTP/1.1" 404 -
::1 - - [06/Apr/2026 00:15:48] "GET /simple_real_status.html HTTP/1.1" 304 -
::1 - - [06/Apr/2026 00:15:48] code 404, message File not found
::1 - - [06/Apr/2026 00:15:48] "GET /favicon.ico HTTP/1.1" 404 -
::1 - - [06/Apr/2026 00:16:07] "GET /fixed_actual_status.html HTTP/1.1" 304 -
::1 - - [06/Apr/2026 00:16:07] "GET /actual_reality.json HTTP/1.1" 304 -
::1 - - [06/Apr/2026 00:16:07] "GET /actual_error_status.json HTTP/1.1" 304 -
::1 - - [06/Apr/2026 00:16:07] "GET /actual_disk_status.json HTTP/1.1" 304 -
::1 - - [06/Apr/2026 00:16:07] code 404, message File not found
::1 - - [06/Apr/2026 00:16:07] "GET /favicon.ico HTTP/1.1" 404 -
::1 - - [06/Apr/2026 00:16:16] "GET /actual_status.html HTTP/1.1" 304 -
::1 - - [06/Apr/2026 00:16:16] "GET /actual_reality.json HTTP/1.1" 304 -
::1 - - [06/Apr/2026 00:16:16] code 404, message File not found
::1 - - [06/Apr/2026 00:16:16] "GET /favicon.ico HTTP/1.1" 404 -
::1 - - [06/Apr/2026 00:16:19] "GET /simple_real_status.html HTTP/1.1" 304 -
::1 - - [06/Apr/2026 00:16:19] code 404, message File not found
::1 - - [06/Apr/2026 00:16:19] "GET /favicon.ico HTTP/1.1" 404 -
::1 - - [06/Apr/2026 00:16:38] "GET /fixed_actual_status.html HTTP/1.1" 304 -
::1 - - [06/Apr/2026 00:16:38] "GET /actual_reality.json HTTP/1.1" 200 -
::1 - - [06/Apr/2026 00:16:38] code 404, message File not found
::1 - - [06/Apr/2026 00:16:38] "GET /favicon.ico HTTP/1.1" 404 -
::1 - - [06/Apr/2026 00:16:47] "GET /actual_status.html HTTP/1.1" 304 -
::1 - - [06/Apr/2026 00:16:47] "GET /actual_reality.json HTTP/1.1" 304 -
::1 - - [06/Apr/2026 00:16:47] code 404, message File not found
::1 - - [06/Apr/2026 00:16:47] "GET /favicon.ico HTTP/1.1" 404 -
::1 - - [06/Apr/2026 00:16:50] "GET /simple_real_status.html HTTP/1.1" 304 -
::1 - - [06/Apr/2026 00:16:50] code 404, message File not found
::1 - - [06/Apr/2026 00:16:50] "GET /favicon.ico HTTP/1.1" 404 -
::1 - - [06/Apr/2026 00:17:09] "GET /fixed_actual_status.html HTTP/1.1" 304 -
::1 - - [06/Apr/2026 00:17:09] "GET /actual_reality.json HTTP/1.1" 304 -
::1 - - [06/Apr/2026 00:17:09] code 404, message File not found
::1 - - [06/Apr/2026 00:17:09] "GET /favicon.ico HTTP/1.1" 404 -
::1 - - [06/Apr/2026 00:17:18] "GET /actual_status.html HTTP/1.1" 304 -
::1 - - [06/Apr/2026 00:17:18] "GET /actual_reality.json HTTP/1.1" 304 -
::1 - - [06/Apr/2026 00:17:18] code 404, message File not found
::1 - - [06/Apr/2026 00:17:18] "GET /favicon.ico HTTP/1.1" 404 -
::1 - - [06/Apr/2026 00:17:21] "GET /simple_real_status.html HTTP/1.1" 304 -
::1 - - [06/Apr/2026 00:17:21] code 404, message File not found
::1 - - [06/Apr/2026 00:17:21] "GET /favicon.ico HTTP/1.1" 404 -
::1 - - [06/Apr/2026 00:17:40] "GET /fixed_actual_status.html HTTP/1.1" 304 -
::1 - - [06/Apr/2026 00:17:40] "GET /actual_reality.json HTTP/1.1" 200 -
::1 - - [06/Apr/2026 00:17:40] code 404, message File not found
::1 - - [06/Apr/2026 00:17:40] "GET /favicon.ico HTTP/1.1" 404 -
::1 - - [06/Apr/2026 00:17:49] "GET /actual_status.html HTTP/1.1" 304 -
::1 - - [06/Apr/2026 00:17:49] "GET /actual_reality.json HTTP/1.1" 304 -
::1 - - [06/Apr/2026 00:17:49] code 404, message File not found
::1 - - [06/Apr/2026 00:17:49] "GET /favicon.ico HTTP/1.1" 404 -
::1 - - [06/Apr/2026 00:17:52] "GET /simple_real_status.html HTTP/1.1" 304 -
::1 - - [06/Apr/2026 00:17:52] code 404, message File not found
::1 - - [06/Apr/2026 00:17:52] "GET /favicon.ico HTTP/1.1" 404 -
::1 - - [06/Apr/2026 00:18:11] "GET /fixed_actual_status.html HTTP/1.1" 304 -
::1 - - [06/Apr/2026 00:18:11] "GET /actual_reality.json HTTP/1.1" 304 -
::1 - - [06/Apr/2026 00:18:11] "GET /actual_system_status.json HTTP/1.1" 304 -
::1 - - [06/Apr/2026 00:18:11] code 404, message File not found
::1 - - [06/Apr/2026 00:18:11] "GET /favicon.ico HTTP/1.1" 404 -
::1 - - [06/Apr/2026 00:18:20] "GET /actual_status.html HTTP/1.1" 304 -
::1 - - [06/Apr/2026 00:18:20] "GET /actual_reality.json HTTP/1.1" 304 -
::1 - - [06/Apr/2026 00:18:20] code 404, message File not found
::1 - - [06/Apr/2026 00:18:20] "GET /favicon.ico HTTP/1.1" 404 -
::1 - - [06/Apr/2026 00:18:23] "GET /simple_real_status.html HTTP/1.1" 304 -
::1 - - [06/Apr/2026 00:18:23] code 404, message File not found
::1 - - [06/Apr/2026 00:18:23] "GET /favicon.ico HTTP/1.1" 404 -
::1 - - [06/Apr/2026 00:18:42] "GET /fixed_actual_status.html HTTP/1.1" 304 -
::1 - - [06/Apr/2026 00:18:42] "GET /actual_reality.json HTTP/1.1" 200 -
::1 - - [06/Apr/2026 00:18:42] "GET /actual_error_status.json HTTP/1.1" 304 -
::1 - - [06/Apr/2026 00:18:42] "GET /actual_disk_status.json HTTP/1.1" 304 -
::1 - - [06/Apr/2026 00:18:42] code 404, message File not found
::1 - - [06/Apr/2026 00:18:42] "GET /favicon.ico HTTP/1.1" 404 -
::1 - - [06/Apr/2026 00:18:51] "GET /actual_status.html HTTP/1.1" 304 -
::1 - - [06/Apr/2026 00:18:51] "GET /actual_reality.json HTTP/1.1" 304 -
::1 - - [06/Apr/2026 00:18:51] code 404, message File not found
::1 - - [06/Apr/2026 00:18:51] "GET /favicon.ico HTTP/1.1" 404 -
::1 - - [06/Apr/2026 00:18:54] "GET /simple_real_status.html HTTP/1.1" 304 -
::1 - - [06/Apr/2026 00:18:54] code 404, message File not found
::1 - - [06/Apr/2026 00:18:54] "GET /favicon.ico HTTP/1.1" 404 -
::1 - - [06/Apr/2026 00:19:13] "GET /fixed_actual_status.html HTTP/1.1" 304 -
::1 - - [06/Apr/2026 00:19:13] "GET /actual_reality.json HTTP/1.1" 304 -
::1 - - [06/Apr/2026 00:19:13] code 404, message File not found
::1 - - [06/Apr/2026 00:19:13] "GET /favicon.ico HTTP/1.1" 404 -
::1 - - [06/Apr/2026 00:19:22] "GET /actual_status.html HTTP/1.1" 304 -
::1 - - [06/Apr/2026 00:19:22] "GET /actual_reality.json HTTP/1.1" 304 -
::1 - - [06/Apr/2026 00:19:22] code 404, message File not found
::1 - - [06/Apr/2026 00:19:22] "GET /favicon.ico HTTP/1.1" 404 -
::1 - - [06/Apr/2026 00:19:25] "GET /simple_real_status.html HTTP/1.1" 304 -
::1 - - [06/Apr/2026 00:19:25] code 404, message File not found
::1 - - [06/Apr/2026 00:19:25] "GET /favicon.ico HTTP/1.1" 404 -
::1 - - [06/Apr/2026 00:19:44] "GET /fixed_actual_status.html HTTP/1.1" 304 -
::1 - - [06/Apr/2026 00:19:44] "GET /actual_reality.json HTTP/1.1" 200 -
::1 - - [06/Apr/2026 00:19:44] code 404, message File not found
::1 - - [06/Apr/2026 00:19:44] "GET /favicon.ico HTTP/1.1" 404 -
::1 - - [06/Apr/2026 00:19:53] "GET /actual_status.html HTTP/1.1" 304 -
::1 - - [06/Apr/2026 00:19:53] "GET /actual_reality.json HTTP/1.1" 304 -
::1 - - [06/Apr/2026 00:19:53] code 404, message File not found
::1 - - [06/Apr/2026 00:19:53] "GET /favicon.ico HTTP/1.1" 404 -
::1 - - [06/Apr/2026 00:19:56] "GET /simple_real_status.html HTTP/1.1" 304 -
::1 - - [06/Apr/2026 00:19:56] code 404, message File not found
::1 - - [06/Apr/2026 00:19:56] "GET /favicon.ico HTTP/1.1" 404 -
::1 - - [06/Apr/2026 00:20:15] "GET /fixed_actual_status.html HTTP/1.1" 304 -
::1 - - [06/Apr/2026 00:20:15] "GET /actual_reality.json HTTP/1.1" 304 -
::1 - - [06/Apr/2026 00:20:15] code 404, message File not found
::1 - - [06/Apr/2026 00:20:15] "GET /favicon.ico HTTP/1.1" 404 -
::1 - - [06/Apr/2026 00:20:24] "GET /actual_status.html HTTP/1.1" 304 -
::1 - - [06/Apr/2026 00:20:24] "GET /actual_reality.json HTTP/1.1" 304 -
::1 - - [06/Apr/2026 00:20:24] code 404, message File not found
::1 - - [06/Apr/2026 00:20:24] "GET /favicon.ico HTTP/1.1" 404 -
::1 - - [06/Apr/2026 00:20:27] "GET /simple_real_status.html HTTP/1.1" 304 -
::1 - - [06/Apr/2026 00:20:27] code 404, message File not found
::1 - - [06/Apr/2026 00:20:27] "GET /favicon.ico HTTP/1.1" 404 -
::1 - - [06/Apr/2026 00:20:46] "GET /fixed_actual_status.html HTTP/1.1" 304 -
::1 - - [06/Apr/2026 00:20:46] "GET /actual_reality.json HTTP/1.1" 200 -
::1 - - [06/Apr/2026 00:20:46] "GET /actual_system_status.json HTTP/1.1" 304 -
::1 - - [06/Apr/2026 00:20:46] code 404, message File not found
::1 - - [06/Apr/2026 00:20:46] "GET /favicon.ico HTTP/1.1" 404 -
::1 - - [06/Apr/2026 00:20:55] "GET /actual_status.html HTTP/1.1" 304 -
::1 - - [06/Apr/2026 00:20:55] "GET /actual_reality.json HTTP/1.1" 304 -
::1 - - [06/Apr/2026 00:20:55] code 404, message File not found
::1 - - [06/Apr/2026 00:20:55] "GET /favicon.ico HTTP/1.1" 404 -
::1 - - [06/Apr/2026 00:20:58] "GET /simple_real_status.html HTTP/1.1" 304 -
::1 - - [06/Apr/2026 00:20:58] code 404, message File not found
::1 - - [06/Apr/2026 00:20:58] "GET /favicon.ico HTTP/1.1" 404 -
::1 - - [06/Apr/2026 00:21:17] "GET /fixed_actual_status.html HTTP/1.1" 304 -
::1 - - [06/Apr/2026 00:21:17] "GET /actual_reality.json HTTP/1.1" 304 -
::1 - - [06/Apr/2026 00:21:17] code 404, message File not found
::1 - - [06/Apr/2026 00:21:17] "GET /favicon.ico HTTP/1.1" 404 -
::1 - - [06/Apr/2026 00:21:26] "GET /actual_status.html HTTP/1.1" 304 -
::1 - - [06/Apr/2026 00:21:26] "GET /actual_reality.json HTTP/1.1" 304 -
::1 - - [06/Apr/2026 00:21:26] code 404, message File not found
::1 - - [06/Apr/2026 00:21:26] "GET /favicon.ico HTTP/1.1" 404 -
::1 - - [06/Apr/2026 00:21:29] "GET /simple_real_status.html HTTP/1.1" 304 -
::1 - - [06/Apr/2026 00:21:29] code 404, message File not found
::1 - - [06/Apr/2026 00:21:29] "GET /favicon.ico HTTP/1.1" 404 -
::1 - - [06/Apr/2026 00:21:32] "GET /simulated_trades_audit.json HTTP/1.1" 304 -
::1 - - [06/Apr/2026 00:21:48] "GET /fixed_actual_status.html HTTP/1.1" 304 -
::1 - - [06/Apr/2026 00:21:48] "GET /actual_reality.json HTTP/1.1" 200 -
::1 - - [06/Apr/2026 00:21:48] "GET /actual_error_status.json HTTP/1.1" 304 -
::1 - - [06/Apr/2026 00:21:48] "GET /actual_disk_status.json HTTP/1.1" 304 -
::1 - - [06/Apr/2026 00:21:48] code 404, message File not found
::1 - - [06/Apr/2026 00:21:48] "GET /favicon.ico HTTP/1.1" 404 -
::1 - - [06/Apr/2026 00:21:57] "GET /actual_status.html HTTP/1.1" 304 -
::1 - - [06/Apr/2026 00:21:57] "GET /actual_reality.json HTTP/1.1" 304 -
::1 - - [06/Apr/2026 00:21:57] code 404, message File not found
::1 - - [06/Apr/2026 00:21:57] "GET /favicon.ico HTTP/1.1" 404 -
::1 - - [06/Apr/2026 00:22:00] "GET /simple_real_status.html HTTP/1.1" 304 -
::1 - - [06/Apr/2026 00:22:00] code 404, message File not found
::1 - - [06/Apr/2026 00:22:00] "GET /favicon.ico HTTP/1.1" 404 -
::1 - - [06/Apr/2026 00:22:19] "GET /fixed_actual_status.html HTTP/1.1" 304 -
::1 - - [06/Apr/2026 00:22:19] "GET /actual_reality.json HTTP/1.1" 304 -
::1 - - [06/Apr/2026 00:22:19] code 404, message File not found
::1 - - [06/Apr/2026 00:22:19] "GET /favicon.ico HTTP/1.1" 404 -
::1 - - [06/Apr/2026 00:22:28] "GET /actual_status.html HTTP/1.1" 304 -
::1 - - [06/Apr/2026 00:22:28] "GET /actual_reality.json HTTP/1.1" 304 -
::1 - - [06/Apr/2026 00:22:28] code 404, message File not found
::1 - - [06/Apr/2026 00:22:28] "GET /favicon.ico HTTP/1.1" 404 -
::1 - - [06/Apr/2026 00:22:31] "GET /simple_real_status.html HTTP/1.1" 304 -
::1 - - [06/Apr/2026 00:22:31] code 404, message File not found
::1 - - [06/Apr/2026 00:22:31] "GET /favicon.ico HTTP/1.1" 404 -
::1 - - [06/Apr/2026 00:22:50] "GET /fixed_actual_status.html HTTP/1.1" 304 -
::1 - - [06/Apr/2026 00:22:50] "GET /actual_reality.json HTTP/1.1" 200 -
::1 - - [06/Apr/2026 00:22:50] code 404, message File not found
::1 - - [06/Apr/2026 00:22:50] "GET /favicon.ico HTTP/1.1" 404 -
::1 - - [06/Apr/2026 00:22:59] "GET /actual_status.html HTTP/1.1" 304 -
::1 - - [06/Apr/2026 00:22:59] "GET /actual_reality.json HTTP/1.1" 304 -
::1 - - [06/Apr/2026 00:22:59] code 404, message File not found
::1 - - [06/Apr/2026 00:22:59] "GET /favicon.ico HTTP/1.1" 404 -
::1 - - [06/Apr/2026 00:23:02] "GET /simple_real_status.html HTTP/1.1" 304 -
::1 - - [06/Apr/2026 00:23:02] code 404, message File not found
::1 - - [06/Apr/2026 00:23:02] "GET /favicon.ico HTTP/1.1" 404 -
::1 - - [06/Apr/2026 00:23:21] "GET /fixed_actual_status.html HTTP/1.1" 304 -
::1 - - [06/Apr/2026 00:23:21] "GET /actual_reality.json HTTP/1.1" 304 -
::1 - - [06/Apr/2026 00:23:21] code 404, message File not found
::1 - - [06/Apr/2026 00:23:21] "GET /favicon.ico HTTP/1.1" 404 -
::1 - - [06/Apr/2026 00:23:30] "GET /actual_status.html HTTP/1.1" 304 -
::1 - - [06/Apr/2026 00:23:30] "GET /actual_reality.json HTTP/1.1" 304 -
::1 - - [06/Apr/2026 00:23:30] code 404, message File not found
::1 - - [06/Apr/2026 00:23:30] "GET /favicon.ico HTTP/1.1" 404 -
::1 - - [06/Apr/2026 00:23:33] "GET /simple_real_status.html HTTP/1.1" 304 -
::1 - - [06/Apr/2026 00:23:33] code 404, message File not found
::1 - - [06/Apr/2026 00:23:33] "GET /favicon.ico HTTP/1.1" 404 -
::1 - - [06/Apr/2026 00:23:52] "GET /fixed_actual_status.html HTTP/1.1" 304 -
::1 - - [06/Apr/2026 00:23:52] "GET /actual_reality.json HTTP/1.1" 200 -
::1 - - [06/Apr/2026 00:23:52] "GET /actual_system_status.json HTTP/1.1" 304 -
::1 - - [06/Apr/2026 00:23:52] code 404, message File not found
::1 - - [06/Apr/2026 00:23:52] "GET /favicon.ico HTTP/1.1" 404 -
::1 - - [06/Apr/2026 00:24:01] "GET /actual_status.html HTTP/1.1" 304 -
::1 - - [06/Apr/2026 00:24:01] "GET /actual_reality.json HTTP/1.1" 304 -
::1 - - [06/Apr/2026 00:24:01] code 404, message File not found
::1 - - [06/Apr/2026 00:24:01] "GET /favicon.ico HTTP/1.1" 404 -
::1 - - [06/Apr/2026 00:24:04] "GET /simple_real_status.html HTTP/1.1" 304 -
::1 - - [06/Apr/2026 00:24:04] code 404, message File not found
::1 - - [06/Apr/2026 00:24:04] "GET /favicon.ico HTTP/1.1" 404 -
::1 - - [06/Apr/2026 00:24:23] "GET /fixed_actual_status.html HTTP/1.1" 304 -
::1 - - [06/Apr/2026 00:24:23] "GET /actual_reality.json HTTP/1.1" 304 -
::1 - - [06/Apr/2026 00:24:23] code 404, message File not found
::1 - - [06/Apr/2026 00:24:23] "GET /favicon.ico HTTP/1.1" 404 -
::1 - - [06/Apr/2026 00:24:32] "GET /actual_status.html HTTP/1.1" 304 -
::1 - - [06/Apr/2026 00:24:32] "GET /actual_reality.json HTTP/1.1" 304 -
::1 - - [06/Apr/2026 00:24:32] code 404, message File not found
::1 - - [06/Apr/2026 00:24:32] "GET /favicon.ico HTTP/1.1" 404 -
::1 - - [06/Apr/2026 00:24:35] "GET /simple_real_status.html HTTP/1.1" 304 -
::1 - - [06/Apr/2026 00:24:35] code 404, message File not found
::1 - - [06/Apr/2026 00:24:35] "GET /favicon.ico HTTP/1.1" 404 -
::1 - - [06/Apr/2026 00:24:54] "GET /fixed_actual_status.html HTTP/1.1" 304 -
::1 - - [06/Apr/2026 00:24:54] "GET /actual_error_status.json HTTP/1.1" 200 -
::1 - - [06/Apr/2026 00:24:54] "GET /actual_reality.json HTTP/1.1" 200 -
::1 - - [06/Apr/2026 00:24:54] "GET /actual_disk_status.json HTTP/1.1" 200 -
::1 - - [06/Apr/2026 00:24:54] code 404, message File not found
::1 - - [06/Apr/2026 00:24:54] "GET /favicon.ico HTTP/1.1" 404 -
::1 - - [06/Apr/2026 00:25:03] "GET /actual_status.html HTTP/1.1" 304 -
::1 - - [06/Apr/2026 00:25:03] "GET /actual_reality.json HTTP/1.1" 304 -
::1 - - [06/Apr/2026 00:25:03] code 404, message File not found
::1 - - [06/Apr/2026 00:25:03] "GET /favicon.ico HTTP/1.1" 404 -
::1 - - [06/Apr/2026 00:25:06] "GET /simple_real_status.html HTTP/1.1" 304 -
::1 - - [06/Apr/2026 00:25:06] code 404, message File not found
::1 - - [06/Apr/2026 00:25:06] "GET /favicon.ico HTTP/1.1" 404 -
::1 - - [06/Apr/2026 00:25:25] "GET /fixed_actual_status.html HTTP/1.1" 304 -
::1 - - [06/Apr/2026 00:25:25] "GET /actual_reality.json HTTP/1.1" 304 -
::1 - - [06/Apr/2026 00:25:25] "GET /actual_error_status.json HTTP/1.1" 304 -
::1 - - [06/Apr/2026 00:25:25] "GET /actual_disk_status.json HTTP/1.1" 304 -
::1 - - [06/Apr/2026 00:25:25] code 404, message File not found
::1 - - [06/Apr/2026 00:25:25] "GET /favicon.ico HTTP/1.1" 404 -
::1 - - [06/Apr/2026 00:25:34] "GET /actual_status.html HTTP/1.1" 304 -
::1 - - [06/Apr/2026 00:25:34] "GET /actual_reality.json HTTP/1.1" 200 -
::1 - - [06/Apr/2026 00:25:34] code 404, message File not found
::1 - - [06/Apr/2026 00:25:34] "GET /favicon.ico HTTP/1.1" 404 -
::1 - - [06/Apr/2026 00:25:37] "GET /simple_real_status.html HTTP/1.1" 304 -
::1 - - [06/Apr/2026 00:25:37] code 404, message File not found
::1 - - [06/Apr/2026 00:25:37] "GET /favicon.ico HTTP/1.1" 404 -
::1 - - [06/Apr/2026 00:25:47] "GET /fixed_actual_status.html HTTP/1.1" 304 -
::1 - - [06/Apr/2026 00:25:47] "GET /actual_disk_status.json HTTP/1.1" 304 -
::1 - - [06/Apr/2026 00:25:47] "GET /actual_reality.json HTTP/1.1" 200 -
::1 - - [06/Apr/2026 00:25:47] "GET /actual_error_status.json HTTP/1.1" 304 -
::1 - - [06/Apr/2026 00:25:47] code 404, message File not found
::1 - - [06/Apr/2026 00:25:47] "GET /favicon.ico HTTP/1.1" 404 -
::1 - - [06/Apr/2026 00:25:56] "GET /fixed_actual_status.html HTTP/1.1" 304 -
::1 - - [06/Apr/2026 00:25:56] "GET /actual_reality.json HTTP/1.1" 304 -
::1 - - [06/Apr/2026 00:25:56] "GET /actual_disk_status.json HTTP/1.1" 304 -
::1 - - [06/Apr/2026 00:25:56] code 404, message File not found
::1 - - [06/Apr/2026 00:25:56] "GET /favicon.ico HTTP/1.1" 404 -
::1 - - [06/Apr/2026 00:26:05] "GET /actual_status.html HTTP/1.1" 304 -
::1 - - [06/Apr/2026 00:26:05] "GET /actual_reality.json HTTP/1.1" 304 -
::1 - - [06/Apr/2026 00:26:05] code 404, message File not found
::1 - - [06/Apr/2026 00:26:05] "GET /favicon.ico HTTP/1.1" 404 -
::1 - - [06/Apr/2026 00:26:08] "GET /simple_real_status.html HTTP/1.1" 304 -
::1 - - [06/Apr/2026 00:26:08] code 404, message File not found
::1 - - [06/Apr/2026 00:26:08] "GET /favicon.ico HTTP/1.1" 404 -
::1 - - [06/Apr/2026 00:26:18] "GET /fixed_actual_status.html HTTP/1.1" 304 -
::1 - - [06/Apr/2026 00:26:18] "GET /actual_reality.json HTTP/1.1" 304 -
::1 - - [06/Apr/2026 00:26:18] "GET /actual_error_status.json HTTP/1.1" 304 -
::1 - - [06/Apr/2026 00:26:18] "GET /actual_disk_status.json HTTP/1.1" 304 -
::1 - - [06/Apr/2026 00:26:18] code 404, message File not found
::1 - - [06/Apr/2026 00:26:18] "GET /favicon.ico HTTP/1.1" 404 -
::1 - - [06/Apr/2026 00:26:27] "GET /fixed_actual_status.html HTTP/1.1" 304 -
::1 - - [06/Apr/2026 00:26:27] "GET /actual_reality.json HTTP/1.1" 304 -
::1 - - [06/Apr/2026 00:26:27] code 404, message File not found
::1 - - [06/Apr/2026 00:26:27] "GET /favicon.ico HTTP/1.1" 404 -
::1 - - [06/Apr/2026 00:26:36] "GET /actual_status.html HTTP/1.1" 304 -
::1 - - [06/Apr/2026 00:26:36] "GET /actual_reality.json HTTP/1.1" 200 -
::1 - - [06/Apr/2026 00:26:36] code 404, message File not found
::1 - - [06/Apr/2026 00:26:36] "GET /favicon.ico HTTP/1.1" 404 -
::1 - - [06/Apr/2026 00:26:39] "GET /simple_real_status.html HTTP/1.1" 304 -
::1 - - [06/Apr/2026 00:26:39] code 404, message File not found
::1 - - [06/Apr/2026 00:26:39] "GET /favicon.ico HTTP/1.1" 404 -
::1 - - [06/Apr/2026 00:26:49] "GET /fixed_actual_status.html HTTP/1.1" 304 -
::1 - - [06/Apr/2026 00:26:49] "GET /actual_error_status.json HTTP/1.1" 304 -
::1 - - [06/Apr/2026 00:26:49] "GET /actual_disk_status.json HTTP/1.1" 304 -
::1 - - [06/Apr/2026 00:26:49] "GET /actual_reality.json HTTP/1.1" 200 -
::1 - - [06/Apr/2026 00:26:49] code 404, message File not found
::1 - - [06/Apr/2026 00:26:49] "GET /favicon.ico HTTP/1.1" 404 -
::1 - - [06/Apr/2026 00:26:58] "GET /fixed_actual_status.html HTTP/1.1" 304 -
::1 - - [06/Apr/2026 00:26:58] "GET /actual_reality.json HTTP/1.1" 304 -
::1 - - [06/Apr/2026 00:26:58] "GET /actual_system_status.json HTTP/1.1" 200 -
::1 - - [06/Apr/2026 00:26:58] code 404, message File not found
::1 - - [06/Apr/2026 00:26:58] "GET /favicon.ico HTTP/1.1" 404 -
::1 - - [06/Apr/2026 00:27:07] "GET /actual_status.html HTTP/1.1" 304 -
::1 - - [06/Apr/2026 00:27:07] "GET /actual_reality.json HTTP/1.1" 304 -
::1 - - [06/Apr/2026 00:27:07] code 404, message File not found
::1 - - [06/Apr/2026 00:27:07] "GET /favicon.ico HTTP/1.1" 404 -
::1 - - [06/Apr/2026 00:27:10] "GET /simple_real_status.html HTTP/1.1" 304 -
::1 - - [06/Apr/2026 00:27:10] code 404, message File not found
::1 - - [06/Apr/2026 00:27:10] "GET /favicon.ico HTTP/1.1" 404 -
::1 - - [06/Apr/2026 00:27:20] "GET /fixed_actual_status.html HTTP/1.1" 304 -
::1 - - [06/Apr/2026 00:27:20] "GET /actual_error_status.json HTTP/1.1" 304 -
::1 - - [06/Apr/2026 00:27:20] "GET /actual_disk_status.json HTTP/1.1" 304 -
::1 - - [06/Apr/2026 00:27:20] "GET /actual_reality.json HTTP/1.1" 304 -
::1 - - [06/Apr/2026 00:27:20] "GET /actual_system_status.json HTTP/1.1" 304 -
::1 - - [06/Apr/2026 00:27:20] code 404, message File not found
::1 - - [06/Apr/2026 00:27:20] "GET /favicon.ico HTTP/1.1" 404 -
::1 - - [06/Apr/2026 00:27:29] "GET /fixed_actual_status.html HTTP/1.1" 304 -
::1 - - [06/Apr/2026 00:27:29] "GET /actual_reality.json HTTP/1.1" 304 -
::1 - - [06/Apr/2026 00:27:29] code 404, message File not found
::1 - - [06/Apr/2026 00:27:29] "GET /favicon.ico HTTP/1.1" 404 -
::1 - - [06/Apr/2026 00:27:32] code 404, message File not found
::1 - - [06/Apr/2026 00:27:32] "GET /favicon.ico HTTP/1.1" 404 -
::1 - - [06/Apr/2026 00:27:38] "GET /actual_status.html HTTP/1.1" 304 -
::1 - - [06/Apr/2026 00:27:38] "GET /actual_reality.json HTTP/1.1" 200 -
::1 - - [06/Apr/2026 00:27:38] code 404, message File not found
::1 - - [06/Apr/2026 00:27:38] "GET /favicon.ico HTTP/1.1" 404 -
::1 - - [06/Apr/2026 00:27:41] "GET /simple_real_status.html HTTP/1.1" 304 -
::1 - - [06/Apr/2026 00:27:41] code 404, message File not found
::1 - - [06/Apr/2026 00:27:41] "GET /favicon.ico HTTP/1.1" 404 -
::1 - - [06/Apr/2026 00:28:03] "GET /fixed_actual_status.html HTTP/1.1" 304 -
::1 - - [06/Apr/2026 00:28:03] "GET /actual_error_status.json HTTP/1.1" 304 -
::1 - - [06/Apr/2026 00:28:03] "GET /actual_reality.json HTTP/1.1" 200 -
::1 - - [06/Apr/2026 00:28:03] "GET /actual_disk_status.json HTTP/1.1" 304 -
::1 - - [06/Apr/2026 00:28:03] "GET /actual_system_status.json HTTP/1.1" 304 -
::1 - - [06/Apr/2026 00:28:03] code 404, message File not found
::1 - - [06/Apr/2026 00:28:03] "GET /favicon.ico HTTP/1.1" 404 -
::1 - - [06/Apr/2026 00:28:16] "GET /actual_status.html HTTP/1.1" 200 -
::1 - - [06/Apr/2026 00:28:34] "GET /fixed_actual_status.html HTTP/1.1" 304 -
::1 - - [06/Apr/2026 00:28:34] "GET /actual_reality.json HTTP/1.1" 200 -
::1 - - [06/Apr/2026 00:28:34] "GET /actual_error_status.json HTTP/1.1" 304 -
::1 - - [06/Apr/2026 00:28:34] "GET /actual_disk_status.json HTTP/1.1" 304 -
::1 - - [06/Apr/2026 00:28:34] "GET /actual_system_status.json HTTP/1.1" 304 -
::1 - - [06/Apr/2026 00:28:34] code 404, message File not found
::1 - - [06/Apr/2026 00:28:34] "GET /favicon.ico HTTP/1.1" 404 -
::1 - - [06/Apr/2026 00:29:05] "GET /fixed_actual_status.html HTTP/1.1" 304 -
::1 - - [06/Apr/2026 00:29:05] "GET /actual_reality.json HTTP/1.1" 200 -
::1 - - [06/Apr/2026 00:29:05] "GET /actual_error_status.json HTTP/1.1" 304 -
::1 - - [06/Apr/2026 00:29:05] "GET /actual_system_status.json HTTP/1.1" 304 -
::1 - - [06/Apr/2026 00:29:05] "GET /actual_disk_status.json HTTP/1.1" 304 -
::1 - - [06/Apr/2026 00:29:05] code 404, message File not found
::1 - - [06/Apr/2026 00:29:05] "GET /favicon.ico HTTP/1.1" 404 -
::1 - - [06/Apr/2026 00:29:36] "GET /fixed_actual_status.html HTTP/1.1" 304 -
::1 - - [06/Apr/2026 00:29:36] "GET /actual_reality.json HTTP/1.1" 200 -
::1 - - [06/Apr/2026 00:29:36] "GET /actual_error_status.json HTTP/1.1" 304 -
::1 - - [06/Apr/2026 00:29:36] "GET /actual_disk_status.json HTTP/1.1" 304 -
::1 - - [06/Apr/2026 00:29:36] "GET /actual_system_status.json HTTP/1.1" 304 -
::1 - - [06/Apr/2026 00:29:36] code 404, message File not found
::1 - - [06/Apr/2026 00:29:36] "GET /favicon.ico HTTP/1.1" 404 -
::1 - - [06/Apr/2026 00:30:07] "GET /fixed_actual_status.html HTTP/1.1" 304 -
::1 - - [06/Apr/2026 00:30:07] "GET /actual_reality.json HTTP/1.1" 200 -
::1 - - [06/Apr/2026 00:30:07] "GET /actual_system_status.json HTTP/1.1" 304 -
::1 - - [06/Apr/2026 00:30:07] code 404, message File not found
::1 - - [06/Apr/2026 00:30:07] "GET /favicon.ico HTTP/1.1" 404 -
::1 - - [06/Apr/2026 00:30:38] "GET /fixed_actual_status.html HTTP/1.1" 304 -
::1 - - [06/Apr/2026 00:30:38] "GET /actual_reality.json HTTP/1.1" 200 -
::1 - - [06/Apr/2026 00:30:38] "GET /actual_disk_status.json HTTP/1.1" 304 -
::1 - - [06/Apr/2026 00:30:38] "GET /actual_error_status.json HTTP/1.1" 304 -
::1 - - [06/Apr/2026 00:30:38] code 404, message File not found
::1 - - [06/Apr/2026 00:30:38] "GET /favicon.ico HTTP/1.1" 404 -
::1 - - [06/Apr/2026 00:31:09] "GET /fixed_actual_status.html HTTP/1.1" 304 -
::1 - - [06/Apr/2026 00:31:09] "GET /actual_reality.json HTTP/1.1" 200 -
::1 - - [06/Apr/2026 00:31:09] "GET /actual_system_status.json HTTP/1.1" 304 -
::1 - - [06/Apr/2026 00:31:09] code 404, message File not found
::1 - - [06/Apr/2026 00:31:09] "GET /favicon.ico HTTP/1.1" 404 -
::1 - - [06/Apr/2026 00:42:14] "GET / HTTP/1.1" 200 -
::1 - - [06/Apr/2026 00:42:18] "GET /improved_real_status.html HTTP/1.1" 200 -
::1 - - [06/Apr/2026 01:55:42] "GET / HTTP/1.1" 200 -
::1 - - [06/Apr/2026 01:55:50] "GET /improved_real_status.html HTTP/1.1" 200 -
::1 - - [06/Apr/2026 03:58:23] "GET / HTTP/1.1" 200 -
