--- Progress Monitor Start: Tue Mar 17 19:40:00 +07 2026 ---
[WARN] Flask API is down. Attempting restart...
/Users/chetantemkar/.openclaw/workspace/app/restart_gateway.sh: line 2: lsof: command not found
[OK] Gateway restarted on port 5000
[OK] Trading Bot is running.
--- Monitor Complete ---
Starting Flask app...
 * Serving Flask app 'app'
 * Debug mode: off
Address already in use
Port 5001 is in use by another program. Either identify and stop that program, or start the server with a different port.
Cleaning up managed processes...
--- Progress Monitor Start: Tue Mar 17 19:50:00 +07 2026 ---
[WARN] Flask API is down. Attempting restart...
/Users/chetantemkar/.openclaw/workspace/app/restart_gateway.sh: line 2: lsof: command not found
[OK] Gateway restarted on port 5000
[OK] Trading Bot is running.
--- Monitor Complete ---
Starting Flask app...
 * Serving Flask app 'app'
 * Debug mode: off
Address already in use
Port 5001 is in use by another program. Either identify and stop that program, or start the server with a different port.
Cleaning up managed processes...
--- Progress Monitor Start: Tue Mar 17 20:00:00 +07 2026 ---
[WARN] Flask API is down. Attempting restart...
/Users/chetantemkar/.openclaw/workspace/app/restart_gateway.sh: line 2: lsof: command not found
[OK] Gateway restarted on port 5000
[OK] Trading Bot is running.
--- Monitor Complete ---
Starting Flask app...
 * Serving Flask app 'app'
 * Debug mode: off
[31m[1mWARNING: This is a development server. Do not use it in a production deployment. Use a production WSGI server instead.[0m
 * Running on http://127.0.0.1:5001
[33mPress CTRL+C to quit[0m
--- Progress Monitor Start: Tue Mar 17 20:10:01 +07 2026 (Port: 53587) ---
[OK] API is responding on 53587.
[WARN] Trading Bot NOT detected.
--- Progress Monitor Start: Tue Mar 17 20:20:00 +07 2026 (Port: 53728) ---
[OK] API is responding on 53728.
[WARN] Trading Bot NOT detected.
--- Progress Monitor Start: Tue Mar 17 20:30:00 +07 2026 (Port: 53728) ---
[OK] API is responding on 53728.
[OK] Trading Bot is running.
--- Progress Monitor Start: Tue Mar 17 20:40:00 +07 2026 ---
WEBSITE_LINK: http://127.0.0.1:5000/api/status/all
[OK] API is responding on 54227.
CURRENT_API_URL: http://127.0.0.1:54227/api/status/all
[OK] Trading Bot is running.
--- Progress Monitor: Tue Mar 17 20:50:01 +07 2026 ---
Click to open Dashboard:
http://127.0.0.1:54227/api/status/all

STATUS: [OK] API is UP
BOT: [OK] RUNNING
--- Progress Monitor: Tue Mar 17 21:00:00 +07 2026 ---
Click to open Dashboard:
http://127.0.0.1:54227/api/status/all

STATUS: [OK] API is UP
BOT: [OK] RUNNING
--- Progress Monitor: Tue Mar 17 21:10:00 +07 2026 ---
Click to open Dashboard:
http://127.0.0.1:55038

STATUS: [OK] API is UP
BOT: [OK] RUNNING
--- Progress Monitor: Tue Mar 17 21:20:00 +07 2026 ---
Click to open Dashboard:
http://127.0.0.1:55283

STATUS: [OK] API is UP
BOT: [OK] RUNNING
--- Progress Monitor: Tue Mar 17 21:30:00 +07 2026 ---
Click to open Dashboard:
http://127.0.0.1:55548

STATUS: [OK] API is UP
BOT: [OK] RUNNING
--- Progress Monitor: Tue Mar 17 21:40:00 +07 2026 ---
Click to open Dashboard:
http://127.0.0.1:55548

STATUS: [OK] API is UP
BOT: [OK] RUNNING
--- Progress Monitor: Tue Mar 17 21:50:00 +07 2026 ---
Click to open Dashboard:
http://127.0.0.1:55825

STATUS: [OK] API is UP
BOT: [OK] RUNNING
--- Progress Monitor: Tue Mar 17 22:00:00 +07 2026 ---
Click to open Dashboard:
http://127.0.0.1:55825

STATUS: [OK] API is UP
BOT: [OK] RUNNING
--- Progress Monitor: Tue Mar 17 22:10:01 +07 2026 ---
Click to open Dashboard:
http://127.0.0.1:57101

STATUS: [OK] API is UP
BOT: [OK] RUNNING
--- Progress Monitor: Tue Mar 17 22:20:00 +07 2026 ---
Click to open Dashboard:
http://127.0.0.1:59482

STATUS: [OK] API is UP
BOT: [OK] RUNNING
--- Progress Monitor: Tue Mar 17 22:30:00 +07 2026 ---
Click to open Dashboard:
http://127.0.0.1:59482

STATUS: [OK] API is UP
BOT: [OK] RUNNING
--- Progress Monitor: Tue Mar 17 22:40:00 +07 2026 ---
Click to open Dashboard:
http://127.0.0.1:59482

STATUS: [OK] API is UP
BOT: [OK] RUNNING
--- Progress Monitor: Tue Mar 17 22:50:00 +07 2026 ---
Click to open Dashboard:
http://127.0.0.1:59482

STATUS: [OK] API is UP
BOT: [OK] RUNNING
--- Progress Monitor: Tue Mar 17 23:00:00 +07 2026 ---
Click to open Dashboard:
http://127.0.0.1:59482

STATUS: [WARN] API is DOWN
BOT: [OK] RUNNING
--- Progress Monitor: Tue Mar 17 23:10:01 +07 2026 ---
Click to open Dashboard:
http://127.0.0.1:59482

STATUS: [WARN] API is DOWN
BOT: [OK] RUNNING
--- Progress Monitor: Tue Mar 17 23:20:00 +07 2026 ---
Click to open Dashboard:
http://127.0.0.1:59482

STATUS: [WARN] API is DOWN
BOT: [OK] RUNNING
--- Progress Monitor: Tue Mar 17 23:30:01 +07 2026 ---
Click to open Dashboard:
http://127.0.0.1:62977

STATUS: [OK] API is UP
BOT: [OK] RUNNING
--- Progress Monitor: Tue Mar 17 23:40:00 +07 2026 ---
Click to open Dashboard:
http://127.0.0.1:62977

STATUS: [OK] API is UP
BOT: [OK] RUNNING
--- Progress Monitor: Tue Mar 17 23:50:00 +07 2026 ---
Click to open Dashboard:
http://127.0.0.1:62977

STATUS: [OK] API is UP
BOT: [OK] RUNNING
--- Progress Monitor: Wed Mar 18 00:00:00 +07 2026 ---
Click to open Dashboard:
http://127.0.0.1:62977

STATUS: [WARN] API is DOWN
BOT: [OK] RUNNING
--- Progress Monitor: Wed Mar 18 00:10:00 +07 2026 ---
Click to open Dashboard:
http://127.0.0.1:50466

STATUS: [OK] API is UP
BOT: [OK] RUNNING
--- Progress Monitor: Wed Mar 18 00:20:00 +07 2026 ---
Click to open Dashboard:
http://127.0.0.1:52946

STATUS: [OK] API is UP
BOT: [OK] RUNNING
--- Progress Monitor: Wed Mar 18 00:30:00 +07 2026 ---
Click to open Dashboard:
http://127.0.0.1:52946

STATUS: [OK] API is UP
BOT: [OK] RUNNING
--- Progress Monitor: Wed Mar 18 00:40:00 +07 2026 ---
Click to open Dashboard:
http://127.0.0.1:62359

STATUS: [WARN] API is DOWN
BOT: [OK] RUNNING
--- Progress Monitor: Wed Mar 18 00:50:00 +07 2026 ---
Click to open Dashboard:
http://127.0.0.1:63408

STATUS: [OK] API is UP
BOT: [OK] RUNNING
--- Progress Monitor: Wed Mar 18 01:00:00 +07 2026 ---
Click to open Dashboard:
http://127.0.0.1:63408

STATUS: [OK] API is UP
BOT: [OK] RUNNING
--- Progress Monitor: Wed Mar 18 01:10:00 +07 2026 ---
Click to open Dashboard:
http://127.0.0.1:53926

STATUS: [OK] API is UP
BOT: [OK] RUNNING
--- Progress Monitor: Wed Mar 18 01:20:00 +07 2026 ---
Click to open Dashboard:
http://127.0.0.1:56859

STATUS: [OK] API is UP
BOT: [OK] RUNNING
--- Progress Monitor: Wed Mar 18 01:30:01 +07 2026 ---
Click to open Dashboard:
http://127.0.0.1:56859

STATUS: [OK] API is UP
BOT: [OK] RUNNING
--- Progress Monitor: Wed Mar 18 01:40:00 +07 2026 ---
Click to open Dashboard:
http://127.0.0.1:62754

STATUS: [OK] API is UP
BOT: [OK] RUNNING
--- Progress Monitor: Wed Mar 18 01:50:00 +07 2026 ---
Click to open Dashboard:
http://127.0.0.1:64677

STATUS: [WARN] API is DOWN
BOT: [OK] RUNNING
--- Progress Monitor: Wed Mar 18 02:00:00 +07 2026 ---
Click to open Dashboard:
http://127.0.0.1:51228

STATUS: [OK] API is UP
BOT: [OK] RUNNING
--- Progress Monitor: Wed Mar 18 02:10:00 +07 2026 ---
Click to open Dashboard:
http://127.0.0.1:54306

STATUS: [OK] API is UP
BOT: [OK] RUNNING
--- Progress Monitor: Wed Mar 18 02:20:00 +07 2026 ---
Click to open Dashboard:
http://127.0.0.1:57697

STATUS: [OK] API is UP
BOT: [OK] RUNNING
--- Progress Monitor: Wed Mar 18 02:30:00 +07 2026 ---
Click to open Dashboard:
http://127.0.0.1:57697

STATUS: [OK] API is UP
BOT: [OK] RUNNING
--- Progress Monitor: Wed Mar 18 02:40:00 +07 2026 ---
Click to open Dashboard:
http://127.0.0.1:5001

STATUS: [OK] API is UP
BOT: [OK] RUNNING
--- Progress Monitor: Wed Mar 18 02:50:00 +07 2026 ---
Click to open Dashboard:
http://127.0.0.1:5001

STATUS: [OK] API is UP
BOT: [OK] RUNNING
--- Progress Monitor: Wed Mar 18 03:00:00 +07 2026 ---
Click to open Dashboard:
http://127.0.0.1:5001

STATUS: [OK] API is UP
BOT: [OK] RUNNING
--- Progress Monitor: Wed Mar 18 03:10:00 +07 2026 ---
Click to open Dashboard:
http://127.0.0.1:5001

STATUS: [OK] API is UP
BOT: [OK] RUNNING
--- Progress Monitor: Wed Mar 18 03:20:00 +07 2026 ---
Click to open Dashboard:
http://127.0.0.1:5001

STATUS: [OK] API is UP
BOT: [OK] RUNNING
--- Progress Monitor: Wed Mar 18 03:30:00 +07 2026 ---
Click to open Dashboard:
http://127.0.0.1:5001

STATUS: [OK] API is UP
BOT: [OK] RUNNING
--- Progress Monitor: Wed Mar 18 03:40:00 +07 2026 ---
Click to open Dashboard:
http://127.0.0.1:5001

STATUS: [OK] API is UP
BOT: [OK] RUNNING
--- Progress Monitor: Wed Mar 18 03:50:00 +07 2026 ---
Click to open Dashboard:
http://127.0.0.1:5001

STATUS: [WARN] API is DOWN
BOT: [OK] RUNNING
--- Progress Monitor: Wed Mar 18 04:00:00 +07 2026 ---
Click to open Dashboard:
http://127.0.0.1:62022

STATUS: [OK] API is UP
BOT: [OK] RUNNING
--- Progress Monitor: Wed Mar 18 04:10:00 +07 2026 ---
Click to open Dashboard:
http://127.0.0.1:62022

STATUS: [WARN] API is DOWN
BOT: [WARN] NOT DETECTED
--- Progress Monitor: Wed Mar 18 04:20:00 +07 2026 ---
Click to open Dashboard:
http://127.0.0.1:54213

STATUS: [OK] API is UP
BOT: [WARN] NOT DETECTED
--- Progress Monitor: Wed Mar 18 04:30:00 +07 2026 ---
Click to open Dashboard:
http://127.0.0.1:59137

STATUS: [OK] API is UP
BOT: [WARN] NOT DETECTED
--- Progress Monitor: Wed Mar 18 04:40:00 +07 2026 ---
Click to open Dashboard:
http://127.0.0.1:61804

STATUS: [OK] API is UP
BOT: [WARN] NOT DETECTED
--- Progress Monitor: Wed Mar 18 04:50:00 +07 2026 ---
Click to open Dashboard:
http://127.0.0.1:61804

STATUS: [OK] API is UP
BOT: [OK] RUNNING
--- Progress Monitor: Wed Mar 18 05:00:00 +07 2026 ---
Click to open Dashboard:
http://127.0.0.1:61804

STATUS: [OK] API is UP
BOT: [OK] RUNNING
--- Progress Monitor: Wed Mar 18 05:10:01 +07 2026 ---
Click to open Dashboard:
http://127.0.0.1:61804

STATUS: [OK] API is UP
BOT: [OK] RUNNING
--- Progress Monitor: Wed Mar 18 05:20:00 +07 2026 ---
Click to open Dashboard:
http://127.0.0.1:54174

STATUS: [OK] API is UP
BOT: [OK] RUNNING
--- Progress Monitor: Wed Mar 18 05:30:00 +07 2026 ---
Click to open Dashboard:
http://127.0.0.1:54174

STATUS: [OK] API is UP
BOT: [OK] RUNNING
--- Progress Monitor: Wed Mar 18 05:40:00 +07 2026 ---
Click to open Dashboard:
http://127.0.0.1:54174

STATUS: [OK] API is UP
BOT: [OK] RUNNING
--- Progress Monitor: Wed Mar 18 05:50:01 +07 2026 ---
Click to open Dashboard:
http://127.0.0.1:54174

STATUS: [OK] API is UP
BOT: [OK] RUNNING
--- Progress Monitor: Wed Mar 18 06:00:00 +07 2026 ---
Click to open Dashboard:
http://127.0.0.1:54174

STATUS: [OK] API is UP
BOT: [OK] RUNNING
--- Progress Monitor: Wed Mar 18 06:10:00 +07 2026 ---
Click to open Dashboard:
http://127.0.0.1:54174

STATUS: [OK] API is UP
BOT: [OK] RUNNING
--- Progress Monitor: Wed Mar 18 06:20:00 +07 2026 ---
Click to open Dashboard:
http://127.0.0.1:55923

STATUS: [OK] API is UP
BOT: [OK] RUNNING
--- Progress Monitor: Wed Mar 18 06:30:00 +07 2026 ---
Click to open Dashboard:
http://127.0.0.1:55923

STATUS: [OK] API is UP
BOT: [OK] RUNNING
--- Progress Monitor: Wed Mar 18 06:40:00 +07 2026 ---
Click to open Dashboard:
http://127.0.0.1:56478

STATUS: [OK] API is UP
BOT: [OK] RUNNING
--- Progress Monitor: Wed Mar 18 06:50:00 +07 2026 ---
Click to open Dashboard:
http://127.0.0.1:56478

STATUS: [OK] API is UP
BOT: [OK] RUNNING
--- Progress Monitor: Wed Mar 18 07:00:00 +07 2026 ---
Click to open Dashboard:
http://127.0.0.1:56478

STATUS: [OK] API is UP
BOT: [OK] RUNNING
--- Progress Monitor: Wed Mar 18 07:10:00 +07 2026 ---
Click to open Dashboard:
http://127.0.0.1:57092

STATUS: [OK] API is UP
BOT: [OK] RUNNING
--- Progress Monitor: Wed Mar 18 07:20:00 +07 2026 ---
Click to open Dashboard:
http://127.0.0.1:57260

STATUS: [OK] API is UP
BOT: [OK] RUNNING
--- Progress Monitor: Wed Mar 18 07:30:00 +07 2026 ---
Click to open Dashboard:
http://127.0.0.1:57696

STATUS: [OK] API is UP
BOT: [WARN] NOT DETECTED
--- Progress Monitor: Wed Mar 18 07:40:00 +07 2026 ---
Click to open Dashboard:
http://127.0.0.1:57696

STATUS: [OK] API is UP
BOT: [WARN] NOT DETECTED
--- Progress Monitor: Wed Mar 18 07:50:00 +07 2026 ---
Click to open Dashboard:
http://127.0.0.1:57696

STATUS: [OK] API is UP
BOT: [WARN] NOT DETECTED
--- Progress Monitor: Wed Mar 18 08:00:00 +07 2026 ---
Click to open Dashboard:
http://127.0.0.1:57696

STATUS: [WARN] API is DOWN
BOT: [OK] RUNNING
--- Progress Monitor: Wed Mar 18 08:10:00 +07 2026 ---
Click to open Dashboard:
http://127.0.0.1:57686

STATUS: [OK] API is UP
BOT: [OK] RUNNING
--- Progress Monitor: Wed Mar 18 08:20:00 +07 2026 ---
Click to open Dashboard:
http://127.0.0.1:57686

STATUS: [OK] API is UP
BOT: [OK] RUNNING
--- Progress Monitor: Wed Mar 18 08:30:00 +07 2026 ---
Click to open Dashboard:
http://127.0.0.1:57686

STATUS: [OK] API is UP
BOT: [OK] RUNNING
--- Progress Monitor: Wed Mar 18 08:40:00 +07 2026 ---
Click to open Dashboard:
http://127.0.0.1:57686

STATUS: [OK] API is UP
BOT: [OK] RUNNING
--- Progress Monitor: Wed Mar 18 08:50:00 +07 2026 ---
Click to open Dashboard:
http://127.0.0.1:57686

STATUS: [OK] API is UP
BOT: [OK] RUNNING
--- Progress Monitor: Wed Mar 18 09:00:00 +07 2026 ---
Click to open Dashboard:
http://127.0.0.1:57686

STATUS: [OK] API is UP
BOT: [OK] RUNNING
--- Progress Monitor: Wed Mar 18 09:10:00 +07 2026 ---
Click to open Dashboard:
http://127.0.0.1:59745

STATUS: [OK] API is UP
BOT: [OK] RUNNING
--- Progress Monitor: Wed Mar 18 09:20:00 +07 2026 ---
Click to open Dashboard:
http://127.0.0.1:59745

STATUS: [OK] API is UP
BOT: [OK] RUNNING
--- Progress Monitor: Wed Mar 18 09:30:00 +07 2026 ---
Click to open Dashboard:
http://127.0.0.1:59745

STATUS: [OK] API is UP
BOT: [OK] RUNNING
--- Progress Monitor: Wed Mar 18 09:40:00 +07 2026 ---
Click to open Dashboard:
http://127.0.0.1:59745

STATUS: [OK] API is UP
BOT: [OK] RUNNING
--- Progress Monitor: Wed Mar 18 09:50:01 +07 2026 ---
Click to open Dashboard:
http://127.0.0.1:59745

STATUS: [OK] API is UP
BOT: [OK] RUNNING
--- Progress Monitor: Wed Mar 18 10:00:00 +07 2026 ---
Click to open Dashboard:
http://127.0.0.1:59745

STATUS: [OK] API is UP
BOT: [OK] RUNNING
--- Progress Monitor: Wed Mar 18 10:10:00 +07 2026 ---
Click to open Dashboard:
http://127.0.0.1:59745

STATUS: [OK] API is UP
BOT: [OK] RUNNING
--- Progress Monitor: Wed Mar 18 10:20:00 +07 2026 ---
Click to open Dashboard:
http://127.0.0.1:61481

STATUS: [OK] API is UP
BOT: [OK] RUNNING
--- Progress Monitor: Wed Mar 18 10:30:00 +07 2026 ---
Click to open Dashboard:
http://127.0.0.1:49168

STATUS: [OK] API is UP
BOT: [OK] RUNNING
--- Progress Monitor: Wed Mar 18 10:40:00 +07 2026 ---
Click to open Dashboard:
http://127.0.0.1:49168

STATUS: [OK] API is UP
BOT: [OK] RUNNING
--- Progress Monitor: Wed Mar 18 10:50:00 +07 2026 ---
Click to open Dashboard:
http://127.0.0.1:52407

STATUS: [OK] API is UP
BOT: [OK] RUNNING
--- Progress Monitor: Wed Mar 18 11:00:00 +07 2026 ---
Click to open Dashboard:
http://127.0.0.1:56776

STATUS: [OK] API is UP
BOT: [OK] RUNNING
--- Progress Monitor: Wed Mar 18 11:10:00 +07 2026 ---
Click to open Dashboard:
http://127.0.0.1:59544

STATUS: [WARN] API is DOWN
BOT: [OK] RUNNING
--- Progress Monitor: Wed Mar 18 11:20:00 +07 2026 ---
Click to open Dashboard:
http://127.0.0.1:59544

STATUS: [WARN] API is DOWN
BOT: [OK] RUNNING
--- Progress Monitor: Wed Mar 18 11:30:00 +07 2026 ---
Click to open Dashboard:
http://127.0.0.1:59544

STATUS: [WARN] API is DOWN
BOT: [OK] RUNNING
--- Progress Monitor: Wed Mar 18 11:40:01 +07 2026 ---
Click to open Dashboard:
http://127.0.0.1:59544

STATUS: [WARN] API is DOWN
BOT: [OK] RUNNING
--- Progress Monitor: Wed Mar 18 11:50:00 +07 2026 ---
Click to open Dashboard:
http://127.0.0.1:59544

STATUS: [WARN] API is DOWN
BOT: [OK] RUNNING
--- Progress Monitor: Wed Mar 18 12:00:00 +07 2026 ---
Click to open Dashboard:
http://127.0.0.1:59544

STATUS: [WARN] API is DOWN
BOT: [OK] RUNNING
--- Progress Monitor: Wed Mar 18 12:10:00 +07 2026 ---
Click to open Dashboard:
http://127.0.0.1:59544

STATUS: [WARN] API is DOWN
BOT: [OK] RUNNING
--- Progress Monitor: Wed Mar 18 12:20:00 +07 2026 ---
Click to open Dashboard:
http://127.0.0.1:59544

STATUS: [WARN] API is DOWN
BOT: [OK] RUNNING
--- Progress Monitor: Wed Mar 18 12:30:01 +07 2026 ---
Click to open Dashboard:
http://127.0.0.1:59544

STATUS: [WARN] API is DOWN
BOT: [OK] RUNNING
--- Progress Monitor: Wed Mar 18 12:40:00 +07 2026 ---
Click to open Dashboard:
http://127.0.0.1:59544

STATUS: [WARN] API is DOWN
BOT: [OK] RUNNING
--- Progress Monitor: Wed Mar 18 12:50:00 +07 2026 ---
Click to open Dashboard:
http://127.0.0.1:59544

STATUS: [WARN] API is DOWN
BOT: [OK] RUNNING
--- Progress Monitor: Wed Mar 18 13:00:00 +07 2026 ---
Click to open Dashboard:
http://127.0.0.1:59544

STATUS: [WARN] API is DOWN
BOT: [OK] RUNNING
--- Progress Monitor: Wed Mar 18 13:10:00 +07 2026 ---
Click to open Dashboard:
http://127.0.0.1:59544

STATUS: [WARN] API is DOWN
BOT: [OK] RUNNING
--- Progress Monitor: Wed Mar 18 13:20:01 +07 2026 ---
Click to open Dashboard:
http://127.0.0.1:59544

STATUS: [WARN] API is DOWN
BOT: [OK] RUNNING
--- Progress Monitor: Wed Mar 18 13:30:01 +07 2026 ---
Click to open Dashboard:
http://127.0.0.1:59544

STATUS: [WARN] API is DOWN
BOT: [OK] RUNNING
--- Progress Monitor: Wed Mar 18 13:40:00 +07 2026 ---
Click to open Dashboard:
http://127.0.0.1:59544

STATUS: [WARN] API is DOWN
BOT: [OK] RUNNING
--- Progress Monitor: Wed Mar 18 13:50:00 +07 2026 ---
Click to open Dashboard:
http://127.0.0.1:59544

STATUS: [WARN] API is DOWN
BOT: [OK] RUNNING
--- Progress Monitor: Wed Mar 18 14:00:00 +07 2026 ---
Click to open Dashboard:
http://127.0.0.1:59544

STATUS: [WARN] API is DOWN
BOT: [OK] RUNNING
--- Progress Monitor: Wed Mar 18 14:10:01 +07 2026 ---
Click to open Dashboard:
http://127.0.0.1:59544

STATUS: [WARN] API is DOWN
BOT: [OK] RUNNING
--- Progress Monitor: Wed Mar 18 14:20:00 +07 2026 ---
Click to open Dashboard:
http://127.0.0.1:59544

STATUS: [WARN] API is DOWN
BOT: [OK] RUNNING
--- Progress Monitor: Wed Mar 18 14:30:00 +07 2026 ---
Click to open Dashboard:
http://127.0.0.1:59544

STATUS: [WARN] API is DOWN
BOT: [OK] RUNNING
--- Progress Monitor: Wed Mar 18 14:40:00 +07 2026 ---
Click to open Dashboard:
http://127.0.0.1:59544

STATUS: [WARN] API is DOWN
BOT: [OK] RUNNING
--- Progress Monitor: Wed Mar 18 14:50:00 +07 2026 ---
Click to open Dashboard:
http://127.0.0.1:59544

STATUS: [WARN] API is DOWN
BOT: [OK] RUNNING
--- Progress Monitor: Wed Mar 18 15:00:00 +07 2026 ---
Click to open Dashboard:
http://127.0.0.1:59544

STATUS: [WARN] API is DOWN
BOT: [OK] RUNNING
--- Progress Monitor: Wed Mar 18 15:10:01 +07 2026 ---
Click to open Dashboard:
http://127.0.0.1:59544

STATUS: [WARN] API is DOWN
BOT: [OK] RUNNING
--- Progress Monitor: Wed Mar 18 15:20:00 +07 2026 ---
Click to open Dashboard:
http://127.0.0.1:5001

STATUS: [OK] API is UP
BOT: [OK] RUNNING
--- Progress Monitor: Wed Mar 18 15:30:00 +07 2026 ---
Click to open Dashboard:
http://127.0.0.1:5001

STATUS: [OK] API is UP
BOT: [OK] RUNNING
--- Progress Monitor: Wed Mar 18 15:40:01 +07 2026 ---
Click to open Dashboard:
http://127.0.0.1:5001

STATUS: [OK] API is UP
BOT: [OK] RUNNING
--- Progress Monitor: Wed Mar 18 15:50:00 +07 2026 ---
Click to open Dashboard:
http://127.0.0.1:5001

STATUS: [OK] API is UP
BOT: [WARN] NOT DETECTED
--- Progress Monitor: Wed Mar 18 16:00:00 +07 2026 ---
Click to open Dashboard:
http://127.0.0.1:5001

STATUS: [OK] API is UP
BOT: [WARN] NOT DETECTED
--- Progress Monitor: Wed Mar 18 16:10:00 +07 2026 ---
Click to open Dashboard:
http://127.0.0.1:5001

STATUS: [OK] API is UP
BOT: [WARN] NOT DETECTED
--- Progress Monitor: Wed Mar 18 16:20:00 +07 2026 ---
Click to open Dashboard:
http://127.0.0.1:5001

STATUS: [WARN] API is DOWN
BOT: [WARN] NOT DETECTED
--- Progress Monitor: Wed Mar 18 16:30:00 +07 2026 ---
Click to open Dashboard:
http://127.0.0.1:5001

STATUS: [OK] API is UP
BOT: [WARN] NOT DETECTED
--- Progress Monitor: Wed Mar 18 16:40:00 +07 2026 ---
Click to open Dashboard:
http://127.0.0.1:5001

STATUS: [OK] API is UP
BOT: [WARN] NOT DETECTED
--- Progress Monitor: Wed Mar 18 16:50:00 +07 2026 ---
Click to open Dashboard:
http://127.0.0.1:5001

STATUS: [OK] API is UP
BOT: [OK] RUNNING
--- Progress Monitor: Wed Mar 18 17:00:00 +07 2026 ---
Click to open Dashboard:
http://127.0.0.1:5001

STATUS: [OK] API is UP
BOT: [OK] RUNNING
--- Progress Monitor: Wed Mar 18 17:10:00 +07 2026 ---
Click to open Dashboard:
http://127.0.0.1:5001

STATUS: [OK] API is UP
BOT: [OK] RUNNING
--- Progress Monitor: Wed Mar 18 17:20:00 +07 2026 ---
Click to open Dashboard:
http://127.0.0.1:5001

STATUS: [OK] API is UP
BOT: [OK] RUNNING
--- Progress Monitor: Wed Mar 18 17:30:01 +07 2026 ---
Click to open Dashboard:
http://127.0.0.1:5001

STATUS: [OK] API is UP
BOT: [OK] RUNNING
--- Progress Monitor: Wed Mar 18 17:40:00 +07 2026 ---
Click to open Dashboard:
http://127.0.0.1:5001

STATUS: [OK] API is UP
BOT: [OK] RUNNING
--- Progress Monitor: Wed Mar 18 17:50:01 +07 2026 ---
Click to open Dashboard:
http://127.0.0.1:5001

STATUS: [OK] API is UP
BOT: [OK] RUNNING
--- Progress Monitor: Wed Mar 18 18:00:00 +07 2026 ---
Click to open Dashboard:
http://127.0.0.1:5001

STATUS: [OK] API is UP
BOT: [OK] RUNNING
--- Progress Monitor: Wed Mar 18 18:10:00 +07 2026 ---
Click to open Dashboard:
http://127.0.0.1:5001

STATUS: [OK] API is UP
BOT: [OK] RUNNING
--- Progress Monitor: Wed Mar 18 18:20:00 +07 2026 ---
Click to open Dashboard:
http://127.0.0.1:5001

STATUS: [OK] API is UP
BOT: [OK] RUNNING
--- Progress Monitor: Wed Mar 18 18:30:00 +07 2026 ---
Click to open Dashboard:
http://127.0.0.1:5001

STATUS: [OK] API is UP
BOT: [OK] RUNNING
--- Progress Monitor: Wed Mar 18 18:40:00 +07 2026 ---
Click to open Dashboard:
http://127.0.0.1:5001

STATUS: [OK] API is UP
BOT: [OK] RUNNING
--- Progress Monitor: Wed Mar 18 18:50:00 +07 2026 ---
Click to open Dashboard:
http://127.0.0.1:5001

STATUS: [OK] API is UP
BOT: [OK] RUNNING
--- Progress Monitor: Wed Mar 18 19:00:00 +07 2026 ---
Click to open Dashboard:
http://127.0.0.1:5001

STATUS: [OK] API is UP
BOT: [OK] RUNNING
--- Progress Monitor: Wed Mar 18 19:10:00 +07 2026 ---
Click to open Dashboard:
http://127.0.0.1:5001

STATUS: [OK] API is UP
BOT: [OK] RUNNING
--- Progress Monitor: Wed Mar 18 19:20:00 +07 2026 ---
Click to open Dashboard:
http://127.0.0.1:5001

STATUS: [OK] API is UP
BOT: [OK] RUNNING
--- Progress Monitor: Wed Mar 18 19:30:00 +07 2026 ---
Click to open Dashboard:
http://127.0.0.1:5001

STATUS: [OK] API is UP
BOT: [OK] RUNNING
--- Progress Monitor: Wed Mar 18 19:40:00 +07 2026 ---
Click to open Dashboard:
http://127.0.0.1:5001

STATUS: [OK] API is UP
BOT: [OK] RUNNING
--- Progress Monitor: Wed Mar 18 19:50:00 +07 2026 ---
Click to open Dashboard:
http://127.0.0.1:5001

STATUS: [OK] API is UP
BOT: [OK] RUNNING
--- Progress Monitor: Wed Mar 18 20:00:01 +07 2026 ---
Click to open Dashboard:
http://127.0.0.1:5001

STATUS: [OK] API is UP
BOT: [OK] RUNNING
--- Progress Monitor: Wed Mar 18 20:10:00 +07 2026 ---
Click to open Dashboard:
http://127.0.0.1:5001

STATUS: [OK] API is UP
BOT: [OK] RUNNING
--- Progress Monitor: Wed Mar 18 20:20:00 +07 2026 ---
Click to open Dashboard:
http://127.0.0.1:5001

STATUS: [OK] API is UP
BOT: [OK] RUNNING
--- Progress Monitor: Wed Mar 18 20:30:00 +07 2026 ---
Click to open Dashboard:
http://127.0.0.1:5001

STATUS: [OK] API is UP
BOT: [OK] RUNNING
--- Progress Monitor: Wed Mar 18 20:40:00 +07 2026 ---
Click to open Dashboard:
http://127.0.0.1:5001

STATUS: [OK] API is UP
BOT: [OK] RUNNING
--- Progress Monitor: Wed Mar 18 20:50:00 +07 2026 ---
Click to open Dashboard:
http://127.0.0.1:5001

STATUS: [OK] API is UP
BOT: [OK] RUNNING
--- Progress Monitor: Wed Mar 18 21:00:00 +07 2026 ---
Click to open Dashboard:
http://127.0.0.1:5001

STATUS: [OK] API is UP
BOT: [OK] RUNNING
--- Progress Monitor: Wed Mar 18 21:10:00 +07 2026 ---
Click to open Dashboard:
http://127.0.0.1:5001

STATUS: [OK] API is UP
BOT: [OK] RUNNING
--- Progress Monitor: Wed Mar 18 21:20:00 +07 2026 ---
Click to open Dashboard:
http://127.0.0.1:5080

STATUS: [OK] API is UP
BOT: [OK] RUNNING
--- Progress Monitor: Wed Mar 18 21:30:00 +07 2026 ---
Click to open Dashboard:
http://127.0.0.1:5080

STATUS: [OK] API is UP
BOT: [OK] RUNNING
--- Progress Monitor: Wed Mar 18 21:40:00 +07 2026 ---
Click to open Dashboard:
http://127.0.0.1:5080

STATUS: [OK] API is UP
BOT: [OK] RUNNING
--- Progress Monitor: Wed Mar 18 21:50:00 +07 2026 ---
Click to open Dashboard:
http://127.0.0.1:5080

STATUS: [OK] API is UP
BOT: [OK] RUNNING
--- Progress Monitor: Wed Mar 18 22:00:01 +07 2026 ---
Click to open Dashboard:
http://127.0.0.1:5080

STATUS: [OK] API is UP
BOT: [OK] RUNNING
--- Progress Monitor: Wed Mar 18 22:10:00 +07 2026 ---
Click to open Dashboard:
http://127.0.0.1:5080

STATUS: [OK] API is UP
BOT: [OK] RUNNING
--- Progress Monitor: Wed Mar 18 22:20:00 +07 2026 ---
Click to open Dashboard:
http://127.0.0.1:5080

STATUS: [OK] API is UP
BOT: [OK] RUNNING
--- Progress Monitor: Wed Mar 18 22:30:01 +07 2026 ---
Click to open Dashboard:
http://127.0.0.1:5080

STATUS: [OK] API is UP
BOT: [OK] RUNNING
--- Progress Monitor: Wed Mar 18 22:40:00 +07 2026 ---
Click to open Dashboard:
http://127.0.0.1:5080

STATUS: [OK] API is UP
BOT: [OK] RUNNING
--- Progress Monitor: Wed Mar 18 22:50:00 +07 2026 ---
Click to open Dashboard:
http://127.0.0.1:5080

STATUS: [OK] API is UP
BOT: [OK] RUNNING
--- Progress Monitor: Wed Mar 18 23:00:00 +07 2026 ---
Click to open Dashboard:
http://127.0.0.1:5080

STATUS: [OK] API is UP
BOT: [OK] RUNNING
--- Progress Monitor: Wed Mar 18 23:10:00 +07 2026 ---
Click to open Dashboard:
http://127.0.0.1:5080

STATUS: [OK] API is UP
BOT: [OK] RUNNING
--- Progress Monitor: Wed Mar 18 23:20:00 +07 2026 ---
Click to open Dashboard:
http://127.0.0.1:5080

STATUS: [OK] API is UP
BOT: [WARN] NOT DETECTED
--- Progress Monitor: Wed Mar 18 23:30:00 +07 2026 ---
Click to open Dashboard:
http://127.0.0.1:5080

STATUS: [OK] API is UP
BOT: [WARN] NOT DETECTED
--- Progress Monitor: Wed Mar 18 23:40:00 +07 2026 ---
Click to open Dashboard:
http://127.0.0.1:5080

STATUS: [OK] API is UP
BOT: [WARN] NOT DETECTED
--- Progress Monitor: Wed Mar 18 23:50:00 +07 2026 ---
Click to open Dashboard:
http://127.0.0.1:5080

STATUS: [OK] API is UP
BOT: [WARN] NOT DETECTED
--- Progress Monitor: Thu Mar 19 00:00:00 +07 2026 ---
Click to open Dashboard:
http://127.0.0.1:5080

STATUS: [OK] API is UP
BOT: [OK] RUNNING
--- Progress Monitor: Thu Mar 19 00:10:00 +07 2026 ---
Click to open Dashboard:
http://127.0.0.1:5080

STATUS: [OK] API is UP
BOT: [OK] RUNNING
--- Progress Monitor: Thu Mar 19 00:20:00 +07 2026 ---
Click to open Dashboard:
http://127.0.0.1:5080

STATUS: [OK] API is UP
BOT: [OK] RUNNING
--- Progress Monitor: Thu Mar 19 00:30:00 +07 2026 ---
Click to open Dashboard:
http://127.0.0.1:5080

STATUS: [OK] API is UP
BOT: [OK] RUNNING
--- Progress Monitor: Thu Mar 19 00:40:00 +07 2026 ---
Click to open Dashboard:
http://127.0.0.1:5080

STATUS: [OK] API is UP
BOT: [OK] RUNNING
--- Progress Monitor: Thu Mar 19 00:50:00 +07 2026 ---
Click to open Dashboard:
http://127.0.0.1:5080

STATUS: [OK] API is UP
BOT: [OK] RUNNING
--- Progress Monitor: Thu Mar 19 01:00:00 +07 2026 ---
Click to open Dashboard:
http://127.0.0.1:5080

STATUS: [OK] API is UP
BOT: [OK] RUNNING
--- Progress Monitor: Thu Mar 19 01:10:00 +07 2026 ---
Click to open Dashboard:
http://127.0.0.1:5080

STATUS: [OK] API is UP
BOT: [OK] RUNNING
--- Progress Monitor: Thu Mar 19 01:20:00 +07 2026 ---
Click to open Dashboard:
http://127.0.0.1:5080

STATUS: [OK] API is UP
BOT: [OK] RUNNING
--- Progress Monitor: Thu Mar 19 01:30:00 +07 2026 ---
Click to open Dashboard:
http://127.0.0.1:5080

STATUS: [OK] API is UP
BOT: [OK] RUNNING
--- Progress Monitor: Thu Mar 19 01:40:00 +07 2026 ---
Click to open Dashboard:
http://127.0.0.1:5080

STATUS: [OK] API is UP
BOT: [OK] RUNNING
--- Progress Monitor: Thu Mar 19 01:50:00 +07 2026 ---
Click to open Dashboard:
http://127.0.0.1:5080

STATUS: [OK] API is UP
BOT: [OK] RUNNING
--- Progress Monitor: Thu Mar 19 02:00:00 +07 2026 ---
Click to open Dashboard:
http://127.0.0.1:5080

STATUS: [OK] API is UP
BOT: [OK] RUNNING
--- Progress Monitor: Thu Mar 19 02:10:00 +07 2026 ---
Click to open Dashboard:
http://127.0.0.1:5080

STATUS: [OK] API is UP
BOT: [OK] RUNNING
--- Progress Monitor: Thu Mar 19 02:20:00 +07 2026 ---
Click to open Dashboard:
http://127.0.0.1:5080

STATUS: [OK] API is UP
BOT: [OK] RUNNING
--- Progress Monitor: Thu Mar 19 02:30:00 +07 2026 ---
Click to open Dashboard:
http://127.0.0.1:5080

STATUS: [OK] API is UP
BOT: [OK] RUNNING
--- Progress Monitor: Thu Mar 19 02:40:00 +07 2026 ---
Click to open Dashboard:
http://127.0.0.1:5080

STATUS: [OK] API is UP
BOT: [OK] RUNNING
--- Progress Monitor: Thu Mar 19 02:50:00 +07 2026 ---
Click to open Dashboard:
http://127.0.0.1:5080

STATUS: [OK] API is UP
BOT: [OK] RUNNING
--- Progress Monitor: Thu Mar 19 03:00:00 +07 2026 ---
Click to open Dashboard:
http://127.0.0.1:5080

STATUS: [OK] API is UP
BOT: [OK] RUNNING
--- Progress Monitor: Thu Mar 19 03:10:00 +07 2026 ---
Click to open Dashboard:
http://127.0.0.1:5080

STATUS: [OK] API is UP
BOT: [OK] RUNNING
--- Progress Monitor: Thu Mar 19 03:20:00 +07 2026 ---
Click to open Dashboard:
http://127.0.0.1:5080

STATUS: [OK] API is UP
BOT: [OK] RUNNING
--- Progress Monitor: Thu Mar 19 03:30:00 +07 2026 ---
Click to open Dashboard:
http://127.0.0.1:5080

STATUS: [OK] API is UP
BOT: [OK] RUNNING
--- Progress Monitor: Thu Mar 19 03:40:00 +07 2026 ---
Click to open Dashboard:
http://127.0.0.1:5080

STATUS: [OK] API is UP
BOT: [OK] RUNNING
--- Progress Monitor: Thu Mar 19 03:50:01 +07 2026 ---
Click to open Dashboard:
http://127.0.0.1:5080

STATUS: [OK] API is UP
BOT: [OK] RUNNING
--- Progress Monitor: Thu Mar 19 04:00:01 +07 2026 ---
Click to open Dashboard:
http://127.0.0.1:5080

STATUS: [OK] API is UP
BOT: [OK] RUNNING
--- Progress Monitor: Thu Mar 19 04:10:00 +07 2026 ---
Click to open Dashboard:
http://127.0.0.1:5080

STATUS: [OK] API is UP
BOT: [OK] RUNNING
--- Progress Monitor: Thu Mar 19 04:20:00 +07 2026 ---
Click to open Dashboard:
http://127.0.0.1:5080

STATUS: [OK] API is UP
BOT: [OK] RUNNING
--- Progress Monitor: Thu Mar 19 04:30:00 +07 2026 ---
Click to open Dashboard:
http://127.0.0.1:5080

STATUS: [OK] API is UP
BOT: [OK] RUNNING
--- Progress Monitor: Thu Mar 19 04:40:00 +07 2026 ---
Click to open Dashboard:
http://127.0.0.1:5080

STATUS: [OK] API is UP
BOT: [OK] RUNNING
--- Progress Monitor: Thu Mar 19 04:50:00 +07 2026 ---
Click to open Dashboard:
http://127.0.0.1:5001

STATUS: [OK] API is UP
BOT: [OK] RUNNING
--- Progress Monitor: Thu Mar 19 05:00:01 +07 2026 ---
Click to open Dashboard:
http://127.0.0.1:5001

STATUS: [OK] API is UP
BOT: [OK] RUNNING
--- Progress Monitor: Thu Mar 19 05:10:00 +07 2026 ---
Click to open Dashboard:
http://127.0.0.1:5001

STATUS: [OK] API is UP
BOT: [OK] RUNNING
--- Progress Monitor: Thu Mar 19 05:20:00 +07 2026 ---
Click to open Dashboard:
http://127.0.0.1:5001

STATUS: [OK] API is UP
BOT: [OK] RUNNING
--- Progress Monitor: Thu Mar 19 05:30:01 +07 2026 ---
Click to open Dashboard:
http://127.0.0.1:5001

STATUS: [OK] API is UP
BOT: [OK] RUNNING
--- Progress Monitor: Thu Mar 19 05:40:00 +07 2026 ---
Click to open Dashboard:
http://127.0.0.1:5001

STATUS: [OK] API is UP
BOT: [OK] RUNNING
--- Progress Monitor: Thu Mar 19 05:50:00 +07 2026 ---
Click to open Dashboard:
http://127.0.0.1:5001

STATUS: [OK] API is UP
BOT: [OK] RUNNING
--- Progress Monitor: Thu Mar 19 06:00:00 +07 2026 ---
Click to open Dashboard:
http://127.0.0.1:5001

STATUS: [OK] API is UP
BOT: [OK] RUNNING
--- Progress Monitor: Thu Mar 19 06:10:00 +07 2026 ---
Click to open Dashboard:
http://127.0.0.1:5001

STATUS: [OK] API is UP
BOT: [OK] RUNNING
--- Progress Monitor: Thu Mar 19 06:20:00 +07 2026 ---
Click to open Dashboard:
http://127.0.0.1:5001

STATUS: [OK] API is UP
BOT: [OK] RUNNING
--- Progress Monitor: Thu Mar 19 06:30:00 +07 2026 ---
Click to open Dashboard:
http://127.0.0.1:5001

STATUS: [OK] API is UP
BOT: [OK] RUNNING
--- Progress Monitor: Thu Mar 19 06:40:00 +07 2026 ---
Click to open Dashboard:
http://127.0.0.1:5001

STATUS: [OK] API is UP
BOT: [OK] RUNNING
--- Progress Monitor: Thu Mar 19 06:50:00 +07 2026 ---
Click to open Dashboard:
http://127.0.0.1:5001

STATUS: [OK] API is UP
BOT: [OK] RUNNING
--- Progress Monitor: Thu Mar 19 07:00:00 +07 2026 ---
Click to open Dashboard:
http://127.0.0.1:5001

STATUS: [OK] API is UP
BOT: [OK] RUNNING
--- Progress Monitor: Thu Mar 19 07:10:00 +07 2026 ---
Click to open Dashboard:
http://127.0.0.1:5001

STATUS: [OK] API is UP
BOT: [OK] RUNNING
--- Progress Monitor: Thu Mar 19 07:20:00 +07 2026 ---
Click to open Dashboard:
http://127.0.0.1:5001

STATUS: [OK] API is UP
BOT: [OK] RUNNING
--- Progress Monitor: Thu Mar 19 07:30:00 +07 2026 ---
Click to open Dashboard:
http://127.0.0.1:5001

STATUS: [OK] API is UP
BOT: [OK] RUNNING
--- Progress Monitor: Thu Mar 19 07:40:00 +07 2026 ---
Click to open Dashboard:
http://127.0.0.1:5001

STATUS: [OK] API is UP
BOT: [OK] RUNNING
--- Progress Monitor: Thu Mar 19 07:50:00 +07 2026 ---
Click to open Dashboard:
http://127.0.0.1:5001

STATUS: [OK] API is UP
BOT: [OK] RUNNING
--- Progress Monitor: Thu Mar 19 08:00:00 +07 2026 ---
Click to open Dashboard:
http://127.0.0.1:5001

STATUS: [OK] API is UP
BOT: [OK] RUNNING
--- Progress Monitor: Thu Mar 19 08:10:00 +07 2026 ---
Click to open Dashboard:
http://127.0.0.1:5001

STATUS: [OK] API is UP
BOT: [OK] RUNNING
--- Progress Monitor: Thu Mar 19 08:20:00 +07 2026 ---
Click to open Dashboard:
http://127.0.0.1:5001

STATUS: [OK] API is UP
BOT: [OK] RUNNING
--- Progress Monitor: Thu Mar 19 08:30:00 +07 2026 ---
Click to open Dashboard:
http://127.0.0.1:5001

STATUS: [OK] API is UP
BOT: [OK] RUNNING
--- Progress Monitor: Thu Mar 19 08:40:00 +07 2026 ---
Click to open Dashboard:
http://127.0.0.1:5001

STATUS: [OK] API is UP
BOT: [OK] RUNNING
--- Progress Monitor: Thu Mar 19 08:50:00 +07 2026 ---
Click to open Dashboard:
http://127.0.0.1:5001

STATUS: [OK] API is UP
BOT: [OK] RUNNING
--- Progress Monitor: Thu Mar 19 09:00:01 +07 2026 ---
Click to open Dashboard:
http://127.0.0.1:5001

STATUS: [OK] API is UP
BOT: [OK] RUNNING
--- Progress Monitor: Thu Mar 19 09:10:00 +07 2026 ---
Click to open Dashboard:
http://127.0.0.1:5001

STATUS: [OK] API is UP
BOT: [OK] RUNNING
--- Progress Monitor: Thu Mar 19 09:20:00 +07 2026 ---
Click to open Dashboard:
http://127.0.0.1:5001

STATUS: [OK] API is UP
BOT: [OK] RUNNING
--- Progress Monitor: Thu Mar 19 09:30:00 +07 2026 ---
Click to open Dashboard:
http://127.0.0.1:5001

STATUS: [OK] API is UP
BOT: [OK] RUNNING
--- Progress Monitor: Thu Mar 19 09:40:00 +07 2026 ---
Click to open Dashboard:
http://127.0.0.1:5001

STATUS: [OK] API is UP
BOT: [OK] RUNNING
--- Progress Monitor: Thu Mar 19 09:50:00 +07 2026 ---
Click to open Dashboard:
http://127.0.0.1:5001

STATUS: [OK] API is UP
BOT: [OK] RUNNING
--- Progress Monitor: Thu Mar 19 10:00:00 +07 2026 ---
Click to open Dashboard:
http://127.0.0.1:5001

STATUS: [OK] API is UP
BOT: [OK] RUNNING
--- Progress Monitor: Thu Mar 19 10:10:00 +07 2026 ---
Click to open Dashboard:
http://127.0.0.1:5001

STATUS: [OK] API is UP
BOT: [OK] RUNNING
--- Progress Monitor: Thu Mar 19 10:20:00 +07 2026 ---
Click to open Dashboard:
http://127.0.0.1:5001

STATUS: [OK] API is UP
BOT: [OK] RUNNING
--- Progress Monitor: Thu Mar 19 10:30:01 +07 2026 ---
Click to open Dashboard:
http://127.0.0.1:5001

STATUS: [OK] API is UP
BOT: [OK] RUNNING
--- Progress Monitor: Thu Mar 19 10:40:00 +07 2026 ---
Click to open Dashboard:
http://127.0.0.1:5001

STATUS: [OK] API is UP
BOT: [OK] RUNNING
--- Progress Monitor: Thu Mar 19 10:50:00 +07 2026 ---
Click to open Dashboard:
http://127.0.0.1:5001

STATUS: [OK] API is UP
BOT: [OK] RUNNING
--- Progress Monitor: Thu Mar 19 11:00:01 +07 2026 ---
Click to open Dashboard:
http://127.0.0.1:5001

STATUS: [OK] API is UP
BOT: [OK] RUNNING
--- Progress Monitor: Thu Mar 19 11:10:00 +07 2026 ---
Click to open Dashboard:
http://127.0.0.1:5001

STATUS: [OK] API is UP
BOT: [OK] RUNNING
--- Progress Monitor: Thu Mar 19 11:20:00 +07 2026 ---
Click to open Dashboard:
http://127.0.0.1:5001

STATUS: [OK] API is UP
BOT: [OK] RUNNING
--- Progress Monitor: Thu Mar 19 11:30:00 +07 2026 ---
Click to open Dashboard:
http://127.0.0.1:5001

STATUS: [OK] API is UP
BOT: [OK] RUNNING
--- Progress Monitor: Thu Mar 19 11:40:00 +07 2026 ---
Click to open Dashboard:
http://127.0.0.1:5001

STATUS: [OK] API is UP
BOT: [OK] RUNNING
--- Progress Monitor: Thu Mar 19 11:50:01 +07 2026 ---
Click to open Dashboard:
http://127.0.0.1:5001

STATUS: [OK] API is UP
BOT: [OK] RUNNING
--- Progress Monitor: Thu Mar 19 12:00:00 +07 2026 ---
Click to open Dashboard:
http://127.0.0.1:5001

STATUS: [OK] API is UP
BOT: [OK] RUNNING
--- Progress Monitor: Thu Mar 19 12:10:01 +07 2026 ---
Click to open Dashboard:
http://127.0.0.1:5001

STATUS: [OK] API is UP
BOT: [OK] RUNNING
--- Progress Monitor: Thu Mar 19 12:20:00 +07 2026 ---
Click to open Dashboard:
http://127.0.0.1:5001

STATUS: [OK] API is UP
BOT: [OK] RUNNING
--- Progress Monitor: Thu Mar 19 12:30:00 +07 2026 ---
Click to open Dashboard:
http://127.0.0.1:5001

STATUS: [OK] API is UP
BOT: [OK] RUNNING
--- Progress Monitor: Thu Mar 19 12:40:00 +07 2026 ---
Click to open Dashboard:
http://127.0.0.1:5001

STATUS: [OK] API is UP
BOT: [OK] RUNNING
--- Progress Monitor: Thu Mar 19 12:50:00 +07 2026 ---
Click to open Dashboard:
http://127.0.0.1:5001

STATUS: [OK] API is UP
BOT: [OK] RUNNING
--- Progress Monitor: Thu Mar 19 13:00:00 +07 2026 ---
Click to open Dashboard:
http://127.0.0.1:5001

STATUS: [OK] API is UP
BOT: [OK] RUNNING
--- Progress Monitor: Thu Mar 19 13:10:01 +07 2026 ---
Click to open Dashboard:
http://127.0.0.1:5001

STATUS: [OK] API is UP
BOT: [OK] RUNNING
--- Progress Monitor: Thu Mar 19 13:20:00 +07 2026 ---
Click to open Dashboard:
http://127.0.0.1:5001

STATUS: [OK] API is UP
BOT: [OK] RUNNING
--- Progress Monitor: Thu Mar 19 13:30:00 +07 2026 ---
Click to open Dashboard:
http://127.0.0.1:5001

STATUS: [OK] API is UP
BOT: [OK] RUNNING
--- Progress Monitor: Thu Mar 19 13:40:00 +07 2026 ---
Click to open Dashboard:
http://127.0.0.1:5001

STATUS: [OK] API is UP
BOT: [OK] RUNNING
--- Progress Monitor: Thu Mar 19 13:50:00 +07 2026 ---
Click to open Dashboard:
http://127.0.0.1:5001

STATUS: [OK] API is UP
BOT: [OK] RUNNING
--- Progress Monitor: Thu Mar 19 14:00:00 +07 2026 ---
Click to open Dashboard:
http://127.0.0.1:5001

STATUS: [OK] API is UP
BOT: [OK] RUNNING
--- Progress Monitor: Thu Mar 19 14:10:00 +07 2026 ---
Click to open Dashboard:
http://127.0.0.1:5001

STATUS: [OK] API is UP
BOT: [OK] RUNNING
--- Progress Monitor: Thu Mar 19 14:20:00 +07 2026 ---
Click to open Dashboard:
http://127.0.0.1:5001

STATUS: [OK] API is UP
BOT: [OK] RUNNING
--- Progress Monitor: Thu Mar 19 14:30:00 +07 2026 ---
Click to open Dashboard:
http://127.0.0.1:5001

STATUS: [OK] API is UP
BOT: [OK] RUNNING
--- Progress Monitor: Thu Mar 19 14:40:00 +07 2026 ---
Click to open Dashboard:
http://127.0.0.1:5001

STATUS: [OK] API is UP
BOT: [OK] RUNNING
--- Progress Monitor: Thu Mar 19 14:50:00 +07 2026 ---
Click to open Dashboard:
http://127.0.0.1:5001

STATUS: [OK] API is UP
BOT: [OK] RUNNING
--- Progress Monitor: Thu Mar 19 15:00:00 +07 2026 ---
Click to open Dashboard:
http://127.0.0.1:5001

STATUS: [OK] API is UP
BOT: [OK] RUNNING
--- Progress Monitor: Thu Mar 19 15:10:00 +07 2026 ---
Click to open Dashboard:
http://127.0.0.1:5001

STATUS: [OK] API is UP
BOT: [OK] RUNNING
--- Progress Monitor: Thu Mar 19 15:20:00 +07 2026 ---
Click to open Dashboard:
http://127.0.0.1:5001

STATUS: [OK] API is UP
BOT: [OK] RUNNING
--- Progress Monitor: Thu Mar 19 15:30:00 +07 2026 ---
Click to open Dashboard:
http://127.0.0.1:5001

STATUS: [OK] API is UP
BOT: [OK] RUNNING
--- Progress Monitor: Thu Mar 19 15:40:00 +07 2026 ---
Click to open Dashboard:
http://127.0.0.1:5001

STATUS: [OK] API is UP
BOT: [OK] RUNNING
--- Progress Monitor: Thu Mar 19 15:50:00 +07 2026 ---
Click to open Dashboard:
http://127.0.0.1:5001

STATUS: [OK] API is UP
BOT: [OK] RUNNING
--- Progress Monitor: Thu Mar 19 16:00:00 +07 2026 ---
Click to open Dashboard:
http://127.0.0.1:5001

STATUS: [OK] API is UP
BOT: [OK] RUNNING
--- Progress Monitor: Thu Mar 19 16:10:00 +07 2026 ---
Click to open Dashboard:
http://127.0.0.1:5001

STATUS: [OK] API is UP
BOT: [OK] RUNNING
--- Progress Monitor: Thu Mar 19 16:20:00 +07 2026 ---
Click to open Dashboard:
http://127.0.0.1:5001

STATUS: [OK] API is UP
BOT: [OK] RUNNING
--- Progress Monitor: Thu Mar 19 16:30:01 +07 2026 ---
Click to open Dashboard:
http://127.0.0.1:5001

STATUS: [OK] API is UP
BOT: [OK] RUNNING
--- Progress Monitor: Thu Mar 19 16:40:00 +07 2026 ---
Click to open Dashboard:
http://127.0.0.1:5001

STATUS: [OK] API is UP
BOT: [OK] RUNNING
--- Progress Monitor: Thu Mar 19 16:50:00 +07 2026 ---
Click to open Dashboard:
http://127.0.0.1:5001

STATUS: [OK] API is UP
BOT: [OK] RUNNING
--- Progress Monitor: Thu Mar 19 17:00:00 +07 2026 ---
Click to open Dashboard:
http://127.0.0.1:5001

