=== TRADING MONITORING LOG ===
Timestamp: 2026-03-19 10:58:13 (Asia/Bangkok)
Dashboard Status: Active

SYSTEM STATUS:
- Status: running
- Capital: $1000.00
- Last Analysis: 2026-03-19T10:41:44.057881
- Analysis Scheduled: hourly
- Port: 5001

RISK PARAMETERS:
- Stop-loss: 5.0%
- Take-profit: 10.0%
- Max trades/day: 2
- Trading Pairs: BTC/USD, ETH/USD

RECENT TRADES (Last 10):
1. ETH/USD - BUY - 0.00428857 @ $2331.78 - Status: filled - Time: 10:21:22
2. BTC/USD - BUY - 0.00013452 @ $74335.92 - Status: filled - Time: 10:21:21
3. BTC/USD - BUY - 0.00013458 @ $74308.00 - Status: filled - Time: 10:20:26
4. BTC/USD - BUY - 0.00013457 @ $74308.79 - Status: filled - Time: 10:18:29
5. BTC/USD - BUY - 0.00013453 @ $74332.65 - Status: filled - Time: 10:14:36
6. BTC/USD - BUY - 0.00013455 @ $74319.47 - Status: filled - Time: 10:14:33
7. BTC/USD - BUY - 0.002699 @ $74094.64 - Reason: Near support - Time: 13:39:48
8. ETH/USD - BUY - 0.086 @ $2325.28 - Reason: Near support - Time: 13:39:49
9. BTC/USD - BUY - 0.002802 @ $71386.00 - Reason: Near support - Time: 00:33:00
10. ETH/USD - BUY - 0.0912 @ $2193.60 - Reason: Near support - Time: 00:33:02

CURRENT MARKET ANALYSIS (from last run at 10:41:44):
BTC/USD:
- Current Price: $71283.36
- SMA 10: $71195.43
- SMA 20: $71975.81
- Support: $70501.79
- Resistance: $72010.09
- Signal: BUY (Confidence: 70%)
- Status: Skipped (max daily trades reached)

ETH/USD:
- Current Price: $2210.72
- SMA 10: $2194.99
- SMA 20: $2227.34
- Support: $2154.55
- Resistance: $2220.00
- Signal: SELL (Confidence: 70%)
- Status: Skipped (max daily trades reached)

TRADING SUMMARY:
- Today's trades executed: 2/2
- Total trades: 4
- Total P&L: $0.00
- Available capital: $1000.00

RISK ASSESSMENT:
- Daily trade limit reached (2/2 trades)
- No stop-loss triggers detected
- No take-profit triggers detected
- Capital utilization: Minimal (small position sizes)
- Drawdown risk: LOW (positions appear to be near entry prices)

ALERTS:
- ✅ No critical alerts at this time
- ⚠️ Daily trade limit reached - system will wait for next analysis cycle
- ℹ️ Next analysis scheduled in approximately 43 minutes

=== END OF MONITORING LOG ===