2026-03-31 12:49:19,074 - CRITICAL - ======================================================================
2026-03-31 12:49:19,074 - CRITICAL - 🚀 REAL BINANCE FUTURES SHORT TRADING BOT
2026-03-31 12:49:19,074 - CRITICAL - ======================================================================
2026-03-31 12:49:19,074 - CRITICAL - ⚠️  WARNING: REAL TRADE EXECUTION ENABLED
2026-03-31 12:49:19,074 - CRITICAL - ======================================================================
2026-03-31 12:49:19,074 - INFO - SHORT threshold: 1.0% drop
2026-03-31 12:49:19,074 - INFO - Max daily trades: 2
2026-03-31 12:49:19,074 - INFO - Leverage: 2x (conservative)
2026-03-31 12:49:19,074 - INFO - Position size: 15% of capital
2026-03-31 12:49:19,075 - INFO - Stop-loss: 3%, Take-profit: 5%
2026-03-31 12:49:19,075 - INFO - Scan interval: 120 seconds
2026-03-31 12:49:19,075 - CRITICAL - ======================================================================
2026-03-31 12:49:19,075 - CRITICAL - REAL MONEY AT RISK - TRADES WILL BE EXECUTED
2026-03-31 12:49:19,075 - CRITICAL - ======================================================================
2026-03-31 12:49:21,355 - INFO - ✅ Binance Futures exchange connected
2026-03-31 12:49:21,468 - WARNING - ⚠️  Could not set position mode: binance {"code":-4067,"msg":"Position side cannot be changed if there exists open orders."}
2026-03-31 12:49:21,468 - INFO -    Trying to continue anyway...
2026-03-31 12:49:21,588 - INFO - 💰 Binance Futures balance:
2026-03-31 12:49:21,588 - INFO -    Free USDT: $41.03
2026-03-31 12:49:21,588 - INFO -    Total USDT: $76.93
2026-03-31 12:49:21,588 - INFO - ✅ Sufficient balance: $76.93
2026-03-31 12:49:21,588 - INFO - Daily trades today: 0/2
2026-03-31 12:49:21,588 - INFO - 
📊 REAL TRADING CYCLE 1 - 12:49:21
2026-03-31 12:49:21,589 - INFO - --------------------------------------------------
2026-03-31 12:49:21,589 - INFO - 🔍 Analyzing futures pairs for SHORT opportunities...
2026-03-31 12:49:22,182 - WARNING - ⚡ STRONG SHORT SIGNAL: XRP/USDT down -2.27%
2026-03-31 12:49:22,182 - WARNING - 🎯 ATTEMPTING REAL FUTURES SHORT: XRP/USDT
2026-03-31 12:49:22,182 - WARNING -    Current price: $1.3227
2026-03-31 12:49:22,182 - WARNING -    24h change: -2.27%
2026-03-31 12:49:22,182 - WARNING -    Position size: 9.305499 contracts
2026-03-31 12:49:22,182 - WARNING -    Position value: $12.31 (with 2x leverage)
2026-03-31 12:49:22,182 - WARNING -    Capital at risk: $6.15
2026-03-31 12:49:22,182 - WARNING -    Stop-loss: $1.3624 (+3.0%)
2026-03-31 12:49:22,182 - WARNING -    Take-profit: $1.2566 (-5.0%)
2026-03-31 12:49:22,182 - INFO - Setting 2x leverage for XRP/USDT...
2026-03-31 12:49:22,292 - INFO - Setting up SHORT position for XRP/USDT...
2026-03-31 12:49:22,292 - WARNING - 📉 PLACING REAL SHORT ORDER: 9.305499 XRP/USDT @ market
2026-03-31 12:49:22,496 - ERROR - ❌ Trade execution failed: binance {"code":-4061,"msg":"Order's position side does not match user's setting."}
2026-03-31 12:49:22,605 - WARNING - ⚡ STRONG SHORT SIGNAL: DOT/USDT down -1.03%
2026-03-31 12:49:22,605 - WARNING - 🎯 ATTEMPTING REAL FUTURES SHORT: DOT/USDT
2026-03-31 12:49:22,605 - WARNING -    Current price: $1.2470
2026-03-31 12:49:22,605 - WARNING -    24h change: -1.03%
2026-03-31 12:49:22,605 - WARNING -    Position size: 9.870396 contracts
2026-03-31 12:49:22,605 - WARNING -    Position value: $12.31 (with 2x leverage)
2026-03-31 12:49:22,605 - WARNING -    Capital at risk: $6.15
2026-03-31 12:49:22,605 - WARNING -    Stop-loss: $1.2844 (+3.0%)
2026-03-31 12:49:22,605 - WARNING -    Take-profit: $1.1846 (-5.0%)
2026-03-31 12:49:22,605 - INFO - Setting 2x leverage for DOT/USDT...
2026-03-31 12:49:22,718 - INFO - Setting up SHORT position for DOT/USDT...
2026-03-31 12:49:22,718 - WARNING - 📉 PLACING REAL SHORT ORDER: 9.870396 DOT/USDT @ market
2026-03-31 12:49:22,982 - ERROR - ❌ Trade execution failed: binance {"code":-4061,"msg":"Order's position side does not match user's setting."}
2026-03-31 12:49:23,093 - WARNING - ⚡ STRONG SHORT SIGNAL: DOGE/USDT down -1.89%
2026-03-31 12:49:23,094 - WARNING - 🎯 ATTEMPTING REAL FUTURES SHORT: DOGE/USDT
2026-03-31 12:49:23,094 - WARNING -    Current price: $0.0914
2026-03-31 12:49:23,094 - WARNING -    24h change: -1.89%
2026-03-31 12:49:23,094 - WARNING -    Position size: 134.709246 contracts
2026-03-31 12:49:23,094 - WARNING -    Position value: $12.31 (with 2x leverage)
2026-03-31 12:49:23,094 - WARNING -    Capital at risk: $6.15
2026-03-31 12:49:23,094 - WARNING -    Stop-loss: $0.0941 (+3.0%)
2026-03-31 12:49:23,094 - WARNING -    Take-profit: $0.0868 (-5.0%)
2026-03-31 12:49:23,094 - INFO - Setting 2x leverage for DOGE/USDT...
2026-03-31 12:49:23,208 - INFO - Setting up SHORT position for DOGE/USDT...
2026-03-31 12:49:23,208 - WARNING - 📉 PLACING REAL SHORT ORDER: 134.709246 DOGE/USDT @ market
2026-03-31 12:49:23,483 - ERROR - ❌ Trade execution failed: binance {"code":-4061,"msg":"Order's position side does not match user's setting."}
2026-03-31 12:49:25,065 - WARNING - ⚡ STRONG SHORT SIGNAL: MKR/USDT down -3.40%
2026-03-31 12:49:25,065 - WARNING - 🎯 ATTEMPTING REAL FUTURES SHORT: MKR/USDT
2026-03-31 12:49:25,066 - WARNING -    Current price: $1650.1000
2026-03-31 12:49:25,066 - WARNING -    24h change: -3.40%
2026-03-31 12:49:25,066 - WARNING -    Position size: 0.007459 contracts
2026-03-31 12:49:25,066 - WARNING -    Position value: $12.31 (with 2x leverage)
2026-03-31 12:49:25,066 - WARNING -    Capital at risk: $6.15
2026-03-31 12:49:25,066 - WARNING -    Stop-loss: $1699.6030 (+3.0%)
2026-03-31 12:49:25,066 - WARNING -    Take-profit: $1567.5950 (-5.0%)
2026-03-31 12:49:25,066 - INFO - Setting 2x leverage for MKR/USDT...
2026-03-31 12:49:25,181 - INFO - Setting up SHORT position for MKR/USDT...
2026-03-31 12:49:25,181 - WARNING - 📉 PLACING REAL SHORT ORDER: 0.007459 MKR/USDT @ market
2026-03-31 12:49:25,446 - ERROR - ❌ Trade execution failed: binance {"code":-4140,"msg":"Invalid symbol status for opening position."}
2026-03-31 12:49:25,557 - WARNING - ⚡ STRONG SHORT SIGNAL: COMP/USDT down -3.13%
2026-03-31 12:49:25,558 - WARNING - 🎯 ATTEMPTING REAL FUTURES SHORT: COMP/USDT
2026-03-31 12:49:25,558 - WARNING -    Current price: $17.6600
2026-03-31 12:49:25,558 - WARNING -    24h change: -3.13%
2026-03-31 12:49:25,558 - WARNING -    Position size: 0.696964 contracts
2026-03-31 12:49:25,558 - WARNING -    Position value: $12.31 (with 2x leverage)
2026-03-31 12:49:25,558 - WARNING -    Capital at risk: $6.15
2026-03-31 12:49:25,558 - WARNING -    Stop-loss: $18.1898 (+3.0%)
2026-03-31 12:49:25,558 - WARNING -    Take-profit: $16.7770 (-5.0%)
2026-03-31 12:49:25,559 - INFO - Setting 2x leverage for COMP/USDT...
2026-03-31 12:49:25,673 - INFO - Setting up SHORT position for COMP/USDT...
2026-03-31 12:49:25,674 - WARNING - 📉 PLACING REAL SHORT ORDER: 0.696964 COMP/USDT @ market
2026-03-31 12:49:25,941 - ERROR - ❌ Trade execution failed: binance {"code":-4061,"msg":"Order's position side does not match user's setting."}
2026-03-31 12:49:26,169 - INFO - 
📈 CYCLE 1 SUMMARY:
2026-03-31 12:49:26,169 - INFO -    Trades executed: 0
2026-03-31 12:49:26,169 - INFO -    Daily trades: 0/2
2026-03-31 12:49:26,169 - INFO -    Cycle duration: 4.6 seconds
2026-03-31 12:49:26,169 - INFO -    Free balance: $41.03
2026-03-31 12:49:26,169 - INFO -    ⏳ No trades this cycle
2026-03-31 12:49:26,170 - INFO - 
⏰ Next scan in 120 seconds...
2026-03-31 12:49:26,170 - INFO - ======================================================================
2026-03-31 12:49:26,286 - INFO - 💰 Binance Futures balance:
2026-03-31 12:49:26,286 - INFO -    Free USDT: $41.03
2026-03-31 12:49:26,287 - INFO -    Total USDT: $76.93
2026-03-31 12:51:26,359 - INFO - 
📊 REAL TRADING CYCLE 2 - 12:51:26
2026-03-31 12:51:26,360 - INFO - --------------------------------------------------
2026-03-31 12:51:26,360 - INFO - 🔍 Analyzing futures pairs for SHORT opportunities...
2026-03-31 12:51:26,924 - WARNING - ⚡ STRONG SHORT SIGNAL: XRP/USDT down -2.38%
2026-03-31 12:51:26,924 - WARNING - 🎯 ATTEMPTING REAL FUTURES SHORT: XRP/USDT
2026-03-31 12:51:26,924 - WARNING -    Current price: $1.3225
2026-03-31 12:51:26,924 - WARNING -    24h change: -2.38%
2026-03-31 12:51:26,924 - WARNING -    Position size: 9.306920 contracts
2026-03-31 12:51:26,924 - WARNING -    Position value: $12.31 (with 2x leverage)
2026-03-31 12:51:26,925 - WARNING -    Capital at risk: $6.15
2026-03-31 12:51:26,925 - WARNING -    Stop-loss: $1.3622 (+3.0%)
2026-03-31 12:51:26,925 - WARNING -    Take-profit: $1.2564 (-5.0%)
2026-03-31 12:51:26,925 - INFO - Setting 2x leverage for XRP/USDT...
2026-03-31 12:51:27,040 - INFO - Setting up SHORT position for XRP/USDT...
2026-03-31 12:51:27,040 - WARNING - 📉 PLACING REAL SHORT ORDER: 9.306920 XRP/USDT @ market
2026-03-31 12:51:27,274 - ERROR - ❌ Trade execution failed: binance {"code":-4061,"msg":"Order's position side does not match user's setting."}
2026-03-31 12:51:27,504 - WARNING - ⚡ STRONG SHORT SIGNAL: DOGE/USDT down -1.97%
2026-03-31 12:51:27,504 - WARNING - 🎯 ATTEMPTING REAL FUTURES SHORT: DOGE/USDT
2026-03-31 12:51:27,504 - WARNING -    Current price: $0.0914
2026-03-31 12:51:27,504 - WARNING -    24h change: -1.97%
2026-03-31 12:51:27,504 - WARNING -    Position size: 134.709435 contracts
2026-03-31 12:51:27,505 - WARNING -    Position value: $12.31 (with 2x leverage)
2026-03-31 12:51:27,505 - WARNING -    Capital at risk: $6.15
2026-03-31 12:51:27,505 - WARNING -    Stop-loss: $0.0941 (+3.0%)
2026-03-31 12:51:27,505 - WARNING -    Take-profit: $0.0868 (-5.0%)
2026-03-31 12:51:27,505 - INFO - Setting 2x leverage for DOGE/USDT...
2026-03-31 12:51:27,623 - INFO - Setting up SHORT position for DOGE/USDT...
2026-03-31 12:51:27,623 - WARNING - 📉 PLACING REAL SHORT ORDER: 134.709435 DOGE/USDT @ market
2026-03-31 12:51:27,848 - ERROR - ❌ Trade execution failed: binance {"code":-4061,"msg":"Order's position side does not match user's setting."}
2026-03-31 12:51:29,432 - WARNING - ⚡ STRONG SHORT SIGNAL: MKR/USDT down -3.40%
2026-03-31 12:51:29,432 - WARNING - 🎯 ATTEMPTING REAL FUTURES SHORT: MKR/USDT
2026-03-31 12:51:29,432 - WARNING -    Current price: $1650.1000
2026-03-31 12:51:29,432 - WARNING -    24h change: -3.40%
2026-03-31 12:51:29,432 - WARNING -    Position size: 0.007459 contracts
2026-03-31 12:51:29,432 - WARNING -    Position value: $12.31 (with 2x leverage)
2026-03-31 12:51:29,432 - WARNING -    Capital at risk: $6.15
2026-03-31 12:51:29,432 - WARNING -    Stop-loss: $1699.6030 (+3.0%)
2026-03-31 12:51:29,432 - WARNING -    Take-profit: $1567.5950 (-5.0%)
2026-03-31 12:51:29,432 - INFO - Setting 2x leverage for MKR/USDT...
2026-03-31 12:51:29,547 - INFO - Setting up SHORT position for MKR/USDT...
2026-03-31 12:51:29,547 - WARNING - 📉 PLACING REAL SHORT ORDER: 0.007459 MKR/USDT @ market
2026-03-31 12:51:29,777 - ERROR - ❌ Trade execution failed: binance {"code":-4140,"msg":"Invalid symbol status for opening position."}
2026-03-31 12:51:29,888 - WARNING - ⚡ STRONG SHORT SIGNAL: COMP/USDT down -3.13%
2026-03-31 12:51:29,888 - WARNING - 🎯 ATTEMPTING REAL FUTURES SHORT: COMP/USDT
2026-03-31 12:51:29,888 - WARNING -    Current price: $17.6500
2026-03-31 12:51:29,888 - WARNING -    24h change: -3.13%
2026-03-31 12:51:29,888 - WARNING -    Position size: 0.697360 contracts
2026-03-31 12:51:29,888 - WARNING -    Position value: $12.31 (with 2x leverage)
2026-03-31 12:51:29,889 - WARNING -    Capital at risk: $6.15
2026-03-31 12:51:29,889 - WARNING -    Stop-loss: $18.1795 (+3.0%)
2026-03-31 12:51:29,889 - WARNING -    Take-profit: $16.7675 (-5.0%)
2026-03-31 12:51:29,889 - INFO - Setting 2x leverage for COMP/USDT...
2026-03-31 12:51:30,002 - INFO - Setting up SHORT position for COMP/USDT...
2026-03-31 12:51:30,003 - WARNING - 📉 PLACING REAL SHORT ORDER: 0.697360 COMP/USDT @ market
2026-03-31 12:51:30,241 - ERROR - ❌ Trade execution failed: binance {"code":-4061,"msg":"Order's position side does not match user's setting."}
2026-03-31 12:51:30,467 - INFO - 
📈 CYCLE 2 SUMMARY:
2026-03-31 12:51:30,467 - INFO -    Trades executed: 0
2026-03-31 12:51:30,467 - INFO -    Daily trades: 0/2
2026-03-31 12:51:30,467 - INFO -    Cycle duration: 4.1 seconds
2026-03-31 12:51:30,467 - INFO -    Free balance: $41.03
2026-03-31 12:51:30,467 - INFO -    ⏳ No trades this cycle
2026-03-31 12:51:30,468 - INFO - 
⏰ Next scan in 120 seconds...
2026-03-31 12:51:30,468 - INFO - ======================================================================
2026-03-31 12:51:30,585 - INFO - 💰 Binance Futures balance:
2026-03-31 12:51:30,585 - INFO -    Free USDT: $41.03
2026-03-31 12:51:30,585 - INFO -    Total USDT: $76.93
2026-03-31 12:53:30,634 - INFO - 
📊 REAL TRADING CYCLE 3 - 12:53:30
2026-03-31 12:53:30,634 - INFO - --------------------------------------------------
2026-03-31 12:53:30,634 - INFO - 🔍 Analyzing futures pairs for SHORT opportunities...
2026-03-31 12:53:31,201 - WARNING - ⚡ STRONG SHORT SIGNAL: XRP/USDT down -2.40%
2026-03-31 12:53:31,202 - WARNING - 🎯 ATTEMPTING REAL FUTURES SHORT: XRP/USDT
2026-03-31 12:53:31,202 - WARNING -    Current price: $1.3228
2026-03-31 12:53:31,202 - WARNING -    24h change: -2.40%
2026-03-31 12:53:31,202 - WARNING -    Position size: 9.304813 contracts
2026-03-31 12:53:31,202 - WARNING -    Position value: $12.31 (with 2x leverage)
2026-03-31 12:53:31,202 - WARNING -    Capital at risk: $6.15
2026-03-31 12:53:31,202 - WARNING -    Stop-loss: $1.3625 (+3.0%)
2026-03-31 12:53:31,202 - WARNING -    Take-profit: $1.2567 (-5.0%)
2026-03-31 12:53:31,202 - INFO - Setting 2x leverage for XRP/USDT...
2026-03-31 12:53:31,318 - INFO - Setting up SHORT position for XRP/USDT...
2026-03-31 12:53:31,318 - WARNING - 📉 PLACING REAL SHORT ORDER: 9.304813 XRP/USDT @ market
2026-03-31 12:53:31,516 - ERROR - ❌ Trade execution failed: binance {"code":-4061,"msg":"Order's position side does not match user's setting."}
2026-03-31 12:53:31,741 - WARNING - ⚡ STRONG SHORT SIGNAL: DOGE/USDT down -1.98%
2026-03-31 12:53:31,741 - WARNING - 🎯 ATTEMPTING REAL FUTURES SHORT: DOGE/USDT
2026-03-31 12:53:31,742 - WARNING -    Current price: $0.0914
2026-03-31 12:53:31,742 - WARNING -    24h change: -1.98%
2026-03-31 12:53:31,742 - WARNING -    Position size: 134.680009 contracts
2026-03-31 12:53:31,742 - WARNING -    Position value: $12.31 (with 2x leverage)
2026-03-31 12:53:31,742 - WARNING -    Capital at risk: $6.15
2026-03-31 12:53:31,742 - WARNING -    Stop-loss: $0.0941 (+3.0%)
2026-03-31 12:53:31,742 - WARNING -    Take-profit: $0.0868 (-5.0%)
2026-03-31 12:53:31,742 - INFO - Setting 2x leverage for DOGE/USDT...
2026-03-31 12:53:31,853 - INFO - Setting up SHORT position for DOGE/USDT...
2026-03-31 12:53:31,853 - WARNING - 📉 PLACING REAL SHORT ORDER: 134.680009 DOGE/USDT @ market
2026-03-31 12:53:32,141 - ERROR - ❌ Trade execution failed: binance {"code":-4061,"msg":"Order's position side does not match user's setting."}
2026-03-31 12:53:33,763 - WARNING - ⚡ STRONG SHORT SIGNAL: MKR/USDT down -3.40%
2026-03-31 12:53:33,763 - WARNING - 🎯 ATTEMPTING REAL FUTURES SHORT: MKR/USDT
2026-03-31 12:53:33,763 - WARNING -    Current price: $1650.1000
2026-03-31 12:53:33,763 - WARNING -    24h change: -3.40%
2026-03-31 12:53:33,763 - WARNING -    Position size: 0.007459 contracts
2026-03-31 12:53:33,764 - WARNING -    Position value: $12.31 (with 2x leverage)
2026-03-31 12:53:33,764 - WARNING -    Capital at risk: $6.15
2026-03-31 12:53:33,764 - WARNING -    Stop-loss: $1699.6030 (+3.0%)
2026-03-31 12:53:33,764 - WARNING -    Take-profit: $1567.5950 (-5.0%)
2026-03-31 12:53:33,764 - INFO - Setting 2x leverage for MKR/USDT...
2026-03-31 12:53:33,877 - INFO - Setting up SHORT position for MKR/USDT...
2026-03-31 12:53:33,878 - WARNING - 📉 PLACING REAL SHORT ORDER: 0.007459 MKR/USDT @ market
2026-03-31 12:53:34,229 - ERROR - ❌ Trade execution failed: binance {"code":-4140,"msg":"Invalid symbol status for opening position."}
2026-03-31 12:53:34,342 - WARNING - ⚡ STRONG SHORT SIGNAL: COMP/USDT down -3.18%
2026-03-31 12:53:34,342 - WARNING - 🎯 ATTEMPTING REAL FUTURES SHORT: COMP/USDT
2026-03-31 12:53:34,342 - WARNING -    Current price: $17.6500
2026-03-31 12:53:34,342 - WARNING -    24h change: -3.18%
2026-03-31 12:53:34,342 - WARNING -    Position size: 0.697360 contracts
2026-03-31 12:53:34,342 - WARNING -    Position value: $12.31 (with 2x leverage)
2026-03-31 12:53:34,342 - WARNING -    Capital at risk: $6.15
2026-03-31 12:53:34,343 - WARNING -    Stop-loss: $18.1795 (+3.0%)
2026-03-31 12:53:34,343 - WARNING -    Take-profit: $16.7675 (-5.0%)
2026-03-31 12:53:34,343 - INFO - Setting 2x leverage for COMP/USDT...
2026-03-31 12:53:34,455 - INFO - Setting up SHORT position for COMP/USDT...
2026-03-31 12:53:34,455 - WARNING - 📉 PLACING REAL SHORT ORDER: 0.697360 COMP/USDT @ market
2026-03-31 12:53:34,791 - ERROR - ❌ Trade execution failed: binance {"code":-4061,"msg":"Order's position side does not match user's setting."}
2026-03-31 12:53:35,015 - INFO - 
📈 CYCLE 3 SUMMARY:
2026-03-31 12:53:35,015 - INFO -    Trades executed: 0
2026-03-31 12:53:35,015 - INFO -    Daily trades: 0/2
2026-03-31 12:53:35,015 - INFO -    Cycle duration: 4.4 seconds
2026-03-31 12:53:35,015 - INFO -    Free balance: $41.03
2026-03-31 12:53:35,016 - INFO -    ⏳ No trades this cycle
2026-03-31 12:53:35,016 - INFO - 
⏰ Next scan in 120 seconds...
2026-03-31 12:53:35,016 - INFO - ======================================================================
2026-03-31 12:53:35,129 - INFO - 💰 Binance Futures balance:
2026-03-31 12:53:35,129 - INFO -    Free USDT: $40.94
2026-03-31 12:53:35,129 - INFO -    Total USDT: $76.87
2026-03-31 12:55:35,146 - INFO - 
📊 REAL TRADING CYCLE 4 - 12:55:35
2026-03-31 12:55:35,146 - INFO - --------------------------------------------------
2026-03-31 12:55:35,146 - INFO - 🔍 Analyzing futures pairs for SHORT opportunities...
2026-03-31 12:55:35,725 - WARNING - ⚡ STRONG SHORT SIGNAL: XRP/USDT down -2.44%
2026-03-31 12:55:35,725 - WARNING - 🎯 ATTEMPTING REAL FUTURES SHORT: XRP/USDT
2026-03-31 12:55:35,725 - WARNING -    Current price: $1.3233
2026-03-31 12:55:35,726 - WARNING -    24h change: -2.44%
2026-03-31 12:55:35,726 - WARNING -    Position size: 9.280370 contracts
2026-03-31 12:55:35,726 - WARNING -    Position value: $12.28 (with 2x leverage)
2026-03-31 12:55:35,726 - WARNING -    Capital at risk: $6.14
2026-03-31 12:55:35,726 - WARNING -    Stop-loss: $1.3630 (+3.0%)
2026-03-31 12:55:35,726 - WARNING -    Take-profit: $1.2571 (-5.0%)
2026-03-31 12:55:35,726 - INFO - Setting 2x leverage for XRP/USDT...
2026-03-31 12:55:35,844 - INFO - Setting up SHORT position for XRP/USDT...
2026-03-31 12:55:35,844 - WARNING - 📉 PLACING REAL SHORT ORDER: 9.280370 XRP/USDT @ market
2026-03-31 12:55:36,038 - ERROR - ❌ Trade execution failed: binance {"code":-4061,"msg":"Order's position side does not match user's setting."}
2026-03-31 12:55:36,155 - WARNING - ⚡ STRONG SHORT SIGNAL: DOT/USDT down -1.03%
2026-03-31 12:55:36,155 - WARNING - 🎯 ATTEMPTING REAL FUTURES SHORT: DOT/USDT
2026-03-31 12:55:36,155 - WARNING -    Current price: $1.2480
2026-03-31 12:55:36,155 - WARNING -    24h change: -1.03%
2026-03-31 12:55:36,156 - WARNING -    Position size: 9.840316 contracts
2026-03-31 12:55:36,156 - WARNING -    Position value: $12.28 (with 2x leverage)
2026-03-31 12:55:36,156 - WARNING -    Capital at risk: $6.14
2026-03-31 12:55:36,156 - WARNING -    Stop-loss: $1.2854 (+3.0%)
2026-03-31 12:55:36,156 - WARNING -    Take-profit: $1.1856 (-5.0%)
2026-03-31 12:55:36,156 - INFO - Setting 2x leverage for DOT/USDT...
2026-03-31 12:55:36,269 - INFO - Setting up SHORT position for DOT/USDT...
2026-03-31 12:55:36,270 - WARNING - 📉 PLACING REAL SHORT ORDER: 9.840316 DOT/USDT @ market
2026-03-31 12:55:36,627 - ERROR - ❌ Trade execution failed: binance {"code":-4061,"msg":"Order's position side does not match user's setting."}
2026-03-31 12:55:36,749 - WARNING - ⚡ STRONG SHORT SIGNAL: DOGE/USDT down -1.97%
2026-03-31 12:55:36,749 - WARNING - 🎯 ATTEMPTING REAL FUTURES SHORT: DOGE/USDT
2026-03-31 12:55:36,750 - WARNING -    Current price: $0.0914
2026-03-31 12:55:36,750 - WARNING -    24h change: -1.97%
2026-03-31 12:55:36,750 - WARNING -    Position size: 134.421125 contracts
2026-03-31 12:55:36,750 - WARNING -    Position value: $12.28 (with 2x leverage)
2026-03-31 12:55:36,750 - WARNING -    Capital at risk: $6.14
2026-03-31 12:55:36,750 - WARNING -    Stop-loss: $0.0941 (+3.0%)
2026-03-31 12:55:36,750 - WARNING -    Take-profit: $0.0868 (-5.0%)
2026-03-31 12:55:36,750 - INFO - Setting 2x leverage for DOGE/USDT...
2026-03-31 12:55:36,866 - INFO - Setting up SHORT position for DOGE/USDT...
2026-03-31 12:55:36,867 - WARNING - 📉 PLACING REAL SHORT ORDER: 134.421125 DOGE/USDT @ market
2026-03-31 12:55:37,101 - ERROR - ❌ Trade execution failed: binance {"code":-4061,"msg":"Order's position side does not match user's setting."}
2026-03-31 12:55:38,653 - WARNING - ⚡ STRONG SHORT SIGNAL: MKR/USDT down -3.40%
2026-03-31 12:55:38,654 - WARNING - 🎯 ATTEMPTING REAL FUTURES SHORT: MKR/USDT
2026-03-31 12:55:38,654 - WARNING -    Current price: $1650.1000
2026-03-31 12:55:38,654 - WARNING -    24h change: -3.40%
2026-03-31 12:55:38,654 - WARNING -    Position size: 0.007442 contracts
2026-03-31 12:55:38,654 - WARNING -    Position value: $12.28 (with 2x leverage)
2026-03-31 12:55:38,654 - WARNING -    Capital at risk: $6.14
2026-03-31 12:55:38,654 - WARNING -    Stop-loss: $1699.6030 (+3.0%)
2026-03-31 12:55:38,654 - WARNING -    Take-profit: $1567.5950 (-5.0%)
2026-03-31 12:55:38,654 - INFO - Setting 2x leverage for MKR/USDT...
2026-03-31 12:55:38,764 - INFO - Setting up SHORT position for MKR/USDT...
2026-03-31 12:55:38,765 - WARNING - 📉 PLACING REAL SHORT ORDER: 0.007442 MKR/USDT @ market
2026-03-31 12:55:38,965 - ERROR - ❌ Trade execution failed: binance {"code":-4140,"msg":"Invalid symbol status for opening position."}
2026-03-31 12:55:39,091 - WARNING - ⚡ STRONG SHORT SIGNAL: COMP/USDT down -3.07%
2026-03-31 12:55:39,092 - WARNING - 🎯 ATTEMPTING REAL FUTURES SHORT: COMP/USDT
2026-03-31 12:55:39,092 - WARNING -    Current price: $17.6600
2026-03-31 12:55:39,092 - WARNING -    24h change: -3.07%
2026-03-31 12:55:39,092 - WARNING -    Position size: 0.695397 contracts
2026-03-31 12:55:39,092 - WARNING -    Position value: $12.28 (with 2x leverage)
2026-03-31 12:55:39,092 - WARNING -    Capital at risk: $6.14
2026-03-31 12:55:39,092 - WARNING -    Stop-loss: $18.1898 (+3.0%)
2026-03-31 12:55:39,092 - WARNING -    Take-profit: $16.7770 (-5.0%)
2026-03-31 12:55:39,093 - INFO - Setting 2x leverage for COMP/USDT...
2026-03-31 12:55:39,206 - INFO - Setting up SHORT position for COMP/USDT...
2026-03-31 12:55:39,206 - WARNING - 📉 PLACING REAL SHORT ORDER: 0.695397 COMP/USDT @ market
2026-03-31 12:55:39,465 - ERROR - ❌ Trade execution failed: binance {"code":-4061,"msg":"Order's position side does not match user's setting."}
2026-03-31 12:55:39,690 - INFO - 
📈 CYCLE 4 SUMMARY:
2026-03-31 12:55:39,690 - INFO -    Trades executed: 0
2026-03-31 12:55:39,690 - INFO -    Daily trades: 0/2
2026-03-31 12:55:39,690 - INFO -    Cycle duration: 4.5 seconds
2026-03-31 12:55:39,690 - INFO -    Free balance: $40.94
2026-03-31 12:55:39,690 - INFO -    ⏳ No trades this cycle
2026-03-31 12:55:39,690 - INFO - 
⏰ Next scan in 120 seconds...
2026-03-31 12:55:39,690 - INFO - ======================================================================
2026-03-31 12:55:39,808 - INFO - 💰 Binance Futures balance:
2026-03-31 12:55:39,808 - INFO -    Free USDT: $40.94
2026-03-31 12:55:39,808 - INFO -    Total USDT: $76.87
2026-03-31 12:57:39,946 - INFO - 
📊 REAL TRADING CYCLE 5 - 12:57:39
2026-03-31 12:57:39,947 - INFO - --------------------------------------------------
2026-03-31 12:57:39,947 - INFO - 🔍 Analyzing futures pairs for SHORT opportunities...
2026-03-31 12:57:40,401 - WARNING - ⚡ STRONG SHORT SIGNAL: ADA/USDT down -1.05%
2026-03-31 12:57:40,401 - WARNING - 🎯 ATTEMPTING REAL FUTURES SHORT: ADA/USDT
2026-03-31 12:57:40,402 - WARNING -    Current price: $0.2442
2026-03-31 12:57:40,402 - WARNING -    24h change: -1.05%
2026-03-31 12:57:40,402 - WARNING -    Position size: 50.289451 contracts
2026-03-31 12:57:40,402 - WARNING -    Position value: $12.28 (with 2x leverage)
2026-03-31 12:57:40,402 - WARNING -    Capital at risk: $6.14
2026-03-31 12:57:40,402 - WARNING -    Stop-loss: $0.2515 (+3.0%)
2026-03-31 12:57:40,402 - WARNING -    Take-profit: $0.2320 (-5.0%)
2026-03-31 12:57:40,402 - INFO - Setting 2x leverage for ADA/USDT...
2026-03-31 12:57:40,517 - INFO - Setting up SHORT position for ADA/USDT...
2026-03-31 12:57:40,517 - WARNING - 📉 PLACING REAL SHORT ORDER: 50.289451 ADA/USDT @ market
2026-03-31 12:57:40,835 - ERROR - ❌ Trade execution failed: binance {"code":-4061,"msg":"Order's position side does not match user's setting."}
2026-03-31 12:57:40,946 - WARNING - ⚡ STRONG SHORT SIGNAL: XRP/USDT down -2.25%
2026-03-31 12:57:40,946 - WARNING - 🎯 ATTEMPTING REAL FUTURES SHORT: XRP/USDT
2026-03-31 12:57:40,946 - WARNING -    Current price: $1.3223
2026-03-31 12:57:40,946 - WARNING -    24h change: -2.25%
2026-03-31 12:57:40,946 - WARNING -    Position size: 9.287366 contracts
2026-03-31 12:57:40,946 - WARNING -    Position value: $12.28 (with 2x leverage)
2026-03-31 12:57:40,946 - WARNING -    Capital at risk: $6.14
2026-03-31 12:57:40,946 - WARNING -    Stop-loss: $1.3620 (+3.0%)
2026-03-31 12:57:40,946 - WARNING -    Take-profit: $1.2562 (-5.0%)
2026-03-31 12:57:40,946 - INFO - Setting 2x leverage for XRP/USDT...
2026-03-31 12:57:41,060 - INFO - Setting up SHORT position for XRP/USDT...
2026-03-31 12:57:41,061 - WARNING - 📉 PLACING REAL SHORT ORDER: 9.287366 XRP/USDT @ market
2026-03-31 12:57:41,407 - ERROR - ❌ Trade execution failed: binance {"code":-4061,"msg":"Order's position side does not match user's setting."}
2026-03-31 12:57:41,519 - WARNING - ⚡ STRONG SHORT SIGNAL: DOT/USDT down -1.27%
2026-03-31 12:57:41,519 - WARNING - 🎯 ATTEMPTING REAL FUTURES SHORT: DOT/USDT
2026-03-31 12:57:41,520 - WARNING -    Current price: $1.2460
2026-03-31 12:57:41,520 - WARNING -    24h change: -1.27%
2026-03-31 12:57:41,520 - WARNING -    Position size: 9.856087 contracts
2026-03-31 12:57:41,520 - WARNING -    Position value: $12.28 (with 2x leverage)
2026-03-31 12:57:41,520 - WARNING -    Capital at risk: $6.14
2026-03-31 12:57:41,520 - WARNING -    Stop-loss: $1.2834 (+3.0%)
2026-03-31 12:57:41,520 - WARNING -    Take-profit: $1.1837 (-5.0%)
2026-03-31 12:57:41,520 - INFO - Setting 2x leverage for DOT/USDT...
2026-03-31 12:57:41,635 - INFO - Setting up SHORT position for DOT/USDT...
2026-03-31 12:57:41,635 - WARNING - 📉 PLACING REAL SHORT ORDER: 9.856087 DOT/USDT @ market
2026-03-31 12:57:41,848 - ERROR - ❌ Trade execution failed: binance {"code":-4061,"msg":"Order's position side does not match user's setting."}
2026-03-31 12:57:41,961 - WARNING - ⚡ STRONG SHORT SIGNAL: DOGE/USDT down -2.07%
2026-03-31 12:57:41,961 - WARNING - 🎯 ATTEMPTING REAL FUTURES SHORT: DOGE/USDT
2026-03-31 12:57:41,961 - WARNING -    Current price: $0.0914
2026-03-31 12:57:41,961 - WARNING -    24h change: -2.07%
2026-03-31 12:57:41,961 - WARNING -    Position size: 134.420797 contracts
2026-03-31 12:57:41,961 - WARNING -    Position value: $12.28 (with 2x leverage)
2026-03-31 12:57:41,961 - WARNING -    Capital at risk: $6.14
2026-03-31 12:57:41,961 - WARNING -    Stop-loss: $0.0941 (+3.0%)
2026-03-31 12:57:41,961 - WARNING -    Take-profit: $0.0868 (-5.0%)
2026-03-31 12:57:41,961 - INFO - Setting 2x leverage for DOGE/USDT...
2026-03-31 12:57:42,075 - INFO - Setting up SHORT position for DOGE/USDT...
2026-03-31 12:57:42,075 - WARNING - 📉 PLACING REAL SHORT ORDER: 134.420797 DOGE/USDT @ market
2026-03-31 12:57:42,419 - ERROR - ❌ Trade execution failed: binance {"code":-4061,"msg":"Order's position side does not match user's setting."}
2026-03-31 12:57:44,031 - WARNING - ⚡ STRONG SHORT SIGNAL: MKR/USDT down -3.40%
2026-03-31 12:57:44,032 - WARNING - 🎯 ATTEMPTING REAL FUTURES SHORT: MKR/USDT
2026-03-31 12:57:44,032 - WARNING -    Current price: $1650.1000
2026-03-31 12:57:44,032 - WARNING -    24h change: -3.40%
2026-03-31 12:57:44,032 - WARNING -    Position size: 0.007442 contracts
2026-03-31 12:57:44,032 - WARNING -    Position value: $12.28 (with 2x leverage)
2026-03-31 12:57:44,032 - WARNING -    Capital at risk: $6.14
2026-03-31 12:57:44,032 - WARNING -    Stop-loss: $1699.6030 (+3.0%)
2026-03-31 12:57:44,032 - WARNING -    Take-profit: $1567.5950 (-5.0%)
2026-03-31 12:57:44,033 - INFO - Setting 2x leverage for MKR/USDT...
2026-03-31 12:57:44,160 - INFO - Setting up SHORT position for MKR/USDT...
2026-03-31 12:57:44,160 - WARNING - 📉 PLACING REAL SHORT ORDER: 0.007442 MKR/USDT @ market
2026-03-31 12:57:44,474 - ERROR - ❌ Trade execution failed: binance {"code":-4140,"msg":"Invalid symbol status for opening position."}
2026-03-31 12:57:44,587 - WARNING - ⚡ STRONG SHORT SIGNAL: COMP/USDT down -3.02%
2026-03-31 12:57:44,587 - WARNING - 🎯 ATTEMPTING REAL FUTURES SHORT: COMP/USDT
2026-03-31 12:57:44,587 - WARNING -    Current price: $17.6700
2026-03-31 12:57:44,587 - WARNING -    24h change: -3.02%
2026-03-31 12:57:44,588 - WARNING -    Position size: 0.695002 contracts
2026-03-31 12:57:44,588 - WARNING -    Position value: $12.28 (with 2x leverage)
2026-03-31 12:57:44,588 - WARNING -    Capital at risk: $6.14
2026-03-31 12:57:44,588 - WARNING -    Stop-loss: $18.2001 (+3.0%)
2026-03-31 12:57:44,588 - WARNING -    Take-profit: $16.7865 (-5.0%)
2026-03-31 12:57:44,588 - INFO - Setting 2x leverage for COMP/USDT...
2026-03-31 12:57:44,710 - INFO - Setting up SHORT position for COMP/USDT...
2026-03-31 12:57:44,710 - WARNING - 📉 PLACING REAL SHORT ORDER: 0.695002 COMP/USDT @ market
2026-03-31 12:57:44,972 - ERROR - ❌ Trade execution failed: binance {"code":-4061,"msg":"Order's position side does not match user's setting."}
2026-03-31 12:57:45,195 - INFO - 
📈 CYCLE 5 SUMMARY:
2026-03-31 12:57:45,196 - INFO -    Trades executed: 0
2026-03-31 12:57:45,196 - INFO -    Daily trades: 0/2
2026-03-31 12:57:45,196 - INFO -    Cycle duration: 5.2 seconds
2026-03-31 12:57:45,196 - INFO -    Free balance: $40.94
2026-03-31 12:57:45,196 - INFO -    ⏳ No trades this cycle
2026-03-31 12:57:45,196 - INFO - 
⏰ Next scan in 120 seconds...
2026-03-31 12:57:45,196 - INFO - ======================================================================
2026-03-31 12:57:45,310 - INFO - 💰 Binance Futures balance:
2026-03-31 12:57:45,311 - INFO -    Free USDT: $41.21
2026-03-31 12:57:45,311 - INFO -    Total USDT: $77.05
2026-03-31 12:59:45,460 - INFO - 
📊 REAL TRADING CYCLE 6 - 12:59:45
2026-03-31 12:59:45,460 - INFO - --------------------------------------------------
2026-03-31 12:59:45,460 - INFO - 🔍 Analyzing futures pairs for SHORT opportunities...
2026-03-31 12:59:45,916 - WARNING - ⚡ STRONG SHORT SIGNAL: ADA/USDT down -1.01%
2026-03-31 12:59:45,916 - WARNING - 🎯 ATTEMPTING REAL FUTURES SHORT: ADA/USDT
2026-03-31 12:59:45,916 - WARNING -    Current price: $0.2442
2026-03-31 12:59:45,916 - WARNING -    24h change: -1.01%
2026-03-31 12:59:45,917 - WARNING -    Position size: 50.629126 contracts
2026-03-31 12:59:45,917 - WARNING -    Position value: $12.36 (with 2x leverage)
2026-03-31 12:59:45,917 - WARNING -    Capital at risk: $6.18
2026-03-31 12:59:45,917 - WARNING -    Stop-loss: $0.2515 (+3.0%)
2026-03-31 12:59:45,917 - WARNING -    Take-profit: $0.2320 (-5.0%)
2026-03-31 12:59:45,917 - INFO - Setting 2x leverage for ADA/USDT...
2026-03-31 12:59:46,030 - INFO - Setting up SHORT position for ADA/USDT...
2026-03-31 12:59:46,031 - WARNING - 📉 PLACING REAL SHORT ORDER: 50.629126 ADA/USDT @ market
2026-03-31 12:59:46,292 - ERROR - ❌ Trade execution failed: binance {"code":-4061,"msg":"Order's position side does not match user's setting."}
2026-03-31 12:59:46,404 - WARNING - ⚡ STRONG SHORT SIGNAL: XRP/USDT down -2.27%
2026-03-31 12:59:46,405 - WARNING - 🎯 ATTEMPTING REAL FUTURES SHORT: XRP/USDT
2026-03-31 12:59:46,405 - WARNING -    Current price: $1.3220
2026-03-31 12:59:46,405 - WARNING -    24h change: -2.27%
2026-03-31 12:59:46,405 - WARNING -    Position size: 9.352218 contracts
2026-03-31 12:59:46,405 - WARNING -    Position value: $12.36 (with 2x leverage)
2026-03-31 12:59:46,405 - WARNING -    Capital at risk: $6.18
2026-03-31 12:59:46,405 - WARNING -    Stop-loss: $1.3617 (+3.0%)
2026-03-31 12:59:46,405 - WARNING -    Take-profit: $1.2559 (-5.0%)
2026-03-31 12:59:46,405 - INFO - Setting 2x leverage for XRP/USDT...
2026-03-31 12:59:46,521 - INFO - Setting up SHORT position for XRP/USDT...
2026-03-31 12:59:46,521 - WARNING - 📉 PLACING REAL SHORT ORDER: 9.352218 XRP/USDT @ market
2026-03-31 12:59:46,772 - ERROR - ❌ Trade execution failed: binance {"code":-4061,"msg":"Order's position side does not match user's setting."}
2026-03-31 12:59:46,883 - WARNING - ⚡ STRONG SHORT SIGNAL: DOT/USDT down -1.35%
2026-03-31 12:59:46,883 - WARNING - 🎯 ATTEMPTING REAL FUTURES SHORT: DOT/USDT
2026-03-31 12:59:46,883 - WARNING -    Current price: $1.2450
2026-03-31 12:59:46,883 - WARNING -    24h change: -1.35%
2026-03-31 12:59:46,883 - WARNING -    Position size: 9.930629 contracts
2026-03-31 12:59:46,883 - WARNING -    Position value: $12.36 (with 2x leverage)
2026-03-31 12:59:46,883 - WARNING -    Capital at risk: $6.18
2026-03-31 12:59:46,883 - WARNING -    Stop-loss: $1.2824 (+3.0%)
2026-03-31 12:59:46,883 - WARNING -    Take-profit: $1.1827 (-5.0%)
2026-03-31 12:59:46,883 - INFO - Setting 2x leverage for DOT/USDT...
2026-03-31 12:59:46,993 - INFO - Setting up SHORT position for DOT/USDT...
2026-03-31 12:59:46,994 - WARNING - 📉 PLACING REAL SHORT ORDER: 9.930629 DOT/USDT @ market
2026-03-31 12:59:47,196 - ERROR - ❌ Trade execution failed: binance {"code":-4061,"msg":"Order's position side does not match user's setting."}
2026-03-31 12:59:47,308 - WARNING - ⚡ STRONG SHORT SIGNAL: DOGE/USDT down -1.79%
2026-03-31 12:59:47,308 - WARNING - 🎯 ATTEMPTING REAL FUTURES SHORT: DOGE/USDT
2026-03-31 12:59:47,308 - WARNING -    Current price: $0.0914
2026-03-31 12:59:47,308 - WARNING -    24h change: -1.79%
2026-03-31 12:59:47,308 - WARNING -    Position size: 135.343542 contracts
2026-03-31 12:59:47,308 - WARNING -    Position value: $12.36 (with 2x leverage)
2026-03-31 12:59:47,308 - WARNING -    Capital at risk: $6.18
2026-03-31 12:59:47,308 - WARNING -    Stop-loss: $0.0941 (+3.0%)
2026-03-31 12:59:47,308 - WARNING -    Take-profit: $0.0868 (-5.0%)
2026-03-31 12:59:47,308 - INFO - Setting 2x leverage for DOGE/USDT...
2026-03-31 12:59:47,418 - INFO - Setting up SHORT position for DOGE/USDT...
2026-03-31 12:59:47,418 - WARNING - 📉 PLACING REAL SHORT ORDER: 135.343542 DOGE/USDT @ market
2026-03-31 12:59:47,630 - ERROR - ❌ Trade execution failed: binance {"code":-4061,"msg":"Order's position side does not match user's setting."}
2026-03-31 12:59:48,752 - WARNING - ⚡ STRONG SHORT SIGNAL: FIL/USDT down -1.19%
2026-03-31 12:59:48,753 - WARNING - 🎯 ATTEMPTING REAL FUTURES SHORT: FIL/USDT
2026-03-31 12:59:48,753 - WARNING -    Current price: $0.8300
2026-03-31 12:59:48,753 - WARNING -    24h change: -1.19%
2026-03-31 12:59:48,753 - WARNING -    Position size: 14.895943 contracts
2026-03-31 12:59:48,753 - WARNING -    Position value: $12.36 (with 2x leverage)
2026-03-31 12:59:48,753 - WARNING -    Capital at risk: $6.18
2026-03-31 12:59:48,753 - WARNING -    Stop-loss: $0.8549 (+3.0%)
2026-03-31 12:59:48,754 - WARNING -    Take-profit: $0.7885 (-5.0%)
2026-03-31 12:59:48,754 - INFO - Setting 2x leverage for FIL/USDT...
2026-03-31 12:59:48,867 - INFO - Setting up SHORT position for FIL/USDT...
2026-03-31 12:59:48,867 - WARNING - 📉 PLACING REAL SHORT ORDER: 14.895943 FIL/USDT @ market
2026-03-31 12:59:49,115 - ERROR - ❌ Trade execution failed: binance {"code":-4061,"msg":"Order's position side does not match user's setting."}
2026-03-31 12:59:49,565 - WARNING - ⚡ STRONG SHORT SIGNAL: MKR/USDT down -3.40%
2026-03-31 12:59:49,565 - WARNING - 🎯 ATTEMPTING REAL FUTURES SHORT: MKR/USDT
2026-03-31 12:59:49,565 - WARNING -    Current price: $1650.1000
2026-03-31 12:59:49,565 - WARNING -    24h change: -3.40%
2026-03-31 12:59:49,566 - WARNING -    Position size: 0.007493 contracts
2026-03-31 12:59:49,566 - WARNING -    Position value: $12.36 (with 2x leverage)
2026-03-31 12:59:49,566 - WARNING -    Capital at risk: $6.18
2026-03-31 12:59:49,566 - WARNING -    Stop-loss: $1699.6030 (+3.0%)
2026-03-31 12:59:49,566 - WARNING -    Take-profit: $1567.5950 (-5.0%)
2026-03-31 12:59:49,566 - INFO - Setting 2x leverage for MKR/USDT...
2026-03-31 12:59:49,677 - INFO - Setting up SHORT position for MKR/USDT...
2026-03-31 12:59:49,677 - WARNING - 📉 PLACING REAL SHORT ORDER: 0.007493 MKR/USDT @ market
2026-03-31 12:59:49,941 - ERROR - ❌ Trade execution failed: binance {"code":-4140,"msg":"Invalid symbol status for opening position."}
2026-03-31 12:59:50,055 - WARNING - ⚡ STRONG SHORT SIGNAL: COMP/USDT down -2.91%
2026-03-31 12:59:50,055 - WARNING - 🎯 ATTEMPTING REAL FUTURES SHORT: COMP/USDT
2026-03-31 12:59:50,055 - WARNING -    Current price: $17.6700
2026-03-31 12:59:50,055 - WARNING -    24h change: -2.91%
2026-03-31 12:59:50,055 - WARNING -    Position size: 0.699696 contracts
2026-03-31 12:59:50,056 - WARNING -    Position value: $12.36 (with 2x leverage)
2026-03-31 12:59:50,056 - WARNING -    Capital at risk: $6.18
2026-03-31 12:59:50,056 - WARNING -    Stop-loss: $18.2001 (+3.0%)
2026-03-31 12:59:50,056 - WARNING -    Take-profit: $16.7865 (-5.0%)
2026-03-31 12:59:50,056 - INFO - Setting 2x leverage for COMP/USDT...
2026-03-31 12:59:50,170 - INFO - Setting up SHORT position for COMP/USDT...
2026-03-31 12:59:50,171 - WARNING - 📉 PLACING REAL SHORT ORDER: 0.699696 COMP/USDT @ market
2026-03-31 12:59:50,422 - ERROR - ❌ Trade execution failed: binance {"code":-4061,"msg":"Order's position side does not match user's setting."}
2026-03-31 12:59:50,645 - INFO - 
📈 CYCLE 6 SUMMARY:
2026-03-31 12:59:50,645 - INFO -    Trades executed: 0
2026-03-31 12:59:50,646 - INFO -    Daily trades: 0/2
2026-03-31 12:59:50,646 - INFO -    Cycle duration: 5.2 seconds
2026-03-31 12:59:50,646 - INFO -    Free balance: $41.21
2026-03-31 12:59:50,646 - INFO -    ⏳ No trades this cycle
2026-03-31 12:59:50,646 - INFO - 
⏰ Next scan in 120 seconds...
2026-03-31 12:59:50,646 - INFO - ======================================================================
2026-03-31 12:59:50,783 - INFO - 💰 Binance Futures balance:
2026-03-31 12:59:50,784 - INFO -    Free USDT: $41.21
2026-03-31 12:59:50,784 - INFO -    Total USDT: $77.05
2026-03-31 13:01:50,850 - INFO - 
📊 REAL TRADING CYCLE 7 - 13:01:50
2026-03-31 13:01:50,850 - INFO - --------------------------------------------------
2026-03-31 13:01:50,851 - INFO - 🔍 Analyzing futures pairs for SHORT opportunities...
2026-03-31 13:01:51,374 - WARNING - ⚡ STRONG SHORT SIGNAL: ADA/USDT down -1.26%
2026-03-31 13:01:51,374 - WARNING - 🎯 ATTEMPTING REAL FUTURES SHORT: ADA/USDT
2026-03-31 13:01:51,374 - WARNING -    Current price: $0.2438
2026-03-31 13:01:51,374 - WARNING -    24h change: -1.26%
2026-03-31 13:01:51,374 - WARNING -    Position size: 50.712409 contracts
2026-03-31 13:01:51,375 - WARNING -    Position value: $12.36 (with 2x leverage)
2026-03-31 13:01:51,375 - WARNING -    Capital at risk: $6.18
2026-03-31 13:01:51,375 - WARNING -    Stop-loss: $0.2511 (+3.0%)
2026-03-31 13:01:51,375 - WARNING -    Take-profit: $0.2316 (-5.0%)
2026-03-31 13:01:51,375 - INFO - Setting 2x leverage for ADA/USDT...
2026-03-31 13:01:51,488 - INFO - Setting up SHORT position for ADA/USDT...
2026-03-31 13:01:51,488 - WARNING - 📉 PLACING REAL SHORT ORDER: 50.712409 ADA/USDT @ market
2026-03-31 13:01:51,758 - ERROR - ❌ Trade execution failed: binance {"code":-4061,"msg":"Order's position side does not match user's setting."}
2026-03-31 13:01:51,873 - WARNING - ⚡ STRONG SHORT SIGNAL: XRP/USDT down -2.50%
2026-03-31 13:01:51,873 - WARNING - 🎯 ATTEMPTING REAL FUTURES SHORT: XRP/USDT
2026-03-31 13:01:51,873 - WARNING -    Current price: $1.3198
2026-03-31 13:01:51,873 - WARNING -    24h change: -2.50%
2026-03-31 13:01:51,874 - WARNING -    Position size: 9.367848 contracts
2026-03-31 13:01:51,874 - WARNING -    Position value: $12.36 (with 2x leverage)
2026-03-31 13:01:51,874 - WARNING -    Capital at risk: $6.18
2026-03-31 13:01:51,874 - WARNING -    Stop-loss: $1.3594 (+3.0%)
2026-03-31 13:01:51,874 - WARNING -    Take-profit: $1.2538 (-5.0%)
2026-03-31 13:01:51,874 - INFO - Setting 2x leverage for XRP/USDT...
2026-03-31 13:01:51,985 - INFO - Setting up SHORT position for XRP/USDT...
2026-03-31 13:01:51,985 - WARNING - 📉 PLACING REAL SHORT ORDER: 9.367848 XRP/USDT @ market
2026-03-31 13:01:52,229 - ERROR - ❌ Trade execution failed: binance {"code":-4061,"msg":"Order's position side does not match user's setting."}
2026-03-31 13:01:52,343 - WARNING - ⚡ STRONG SHORT SIGNAL: DOT/USDT down -1.35%
2026-03-31 13:01:52,344 - WARNING - 🎯 ATTEMPTING REAL FUTURES SHORT: DOT/USDT
2026-03-31 13:01:52,344 - WARNING -    Current price: $1.2450
2026-03-31 13:01:52,344 - WARNING -    24h change: -1.35%
2026-03-31 13:01:52,344 - WARNING -    Position size: 9.930671 contracts
2026-03-31 13:01:52,344 - WARNING -    Position value: $12.36 (with 2x leverage)
2026-03-31 13:01:52,344 - WARNING -    Capital at risk: $6.18
2026-03-31 13:01:52,344 - WARNING -    Stop-loss: $1.2824 (+3.0%)
2026-03-31 13:01:52,345 - WARNING -    Take-profit: $1.1827 (-5.0%)
2026-03-31 13:01:52,345 - INFO - Setting 2x leverage for DOT/USDT...
2026-03-31 13:01:52,455 - INFO - Setting up SHORT position for DOT/USDT...
2026-03-31 13:01:52,455 - WARNING - 📉 PLACING REAL SHORT ORDER: 9.930671 DOT/USDT @ market
2026-03-31 13:01:52,662 - ERROR - ❌ Trade execution failed: binance {"code":-4061,"msg":"Order's position side does not match user's setting."}
2026-03-31 13:01:52,775 - WARNING - ⚡ STRONG SHORT SIGNAL: DOGE/USDT down -2.05%
2026-03-31 13:01:52,775 - WARNING - 🎯 ATTEMPTING REAL FUTURES SHORT: DOGE/USDT
2026-03-31 13:01:52,776 - WARNING -    Current price: $0.0913
2026-03-31 13:01:52,776 - WARNING -    24h change: -2.05%
2026-03-31 13:01:52,776 - WARNING -    Position size: 135.447912 contracts
2026-03-31 13:01:52,776 - WARNING -    Position value: $12.36 (with 2x leverage)
2026-03-31 13:01:52,776 - WARNING -    Capital at risk: $6.18
2026-03-31 13:01:52,776 - WARNING -    Stop-loss: $0.0940 (+3.0%)
2026-03-31 13:01:52,776 - WARNING -    Take-profit: $0.0867 (-5.0%)
2026-03-31 13:01:52,776 - INFO - Setting 2x leverage for DOGE/USDT...
2026-03-31 13:01:52,890 - INFO - Setting up SHORT position for DOGE/USDT...
2026-03-31 13:01:52,890 - WARNING - 📉 PLACING REAL SHORT ORDER: 135.447912 DOGE/USDT @ market
2026-03-31 13:01:53,157 - ERROR - ❌ Trade execution failed: binance {"code":-4061,"msg":"Order's position side does not match user's setting."}
2026-03-31 13:01:54,306 - WARNING - ⚡ STRONG SHORT SIGNAL: FIL/USDT down -1.54%
2026-03-31 13:01:54,306 - WARNING - 🎯 ATTEMPTING REAL FUTURES SHORT: FIL/USDT
2026-03-31 13:01:54,306 - WARNING -    Current price: $0.8290
2026-03-31 13:01:54,307 - WARNING -    24h change: -1.54%
2026-03-31 13:01:54,307 - WARNING -    Position size: 14.913975 contracts
2026-03-31 13:01:54,307 - WARNING -    Position value: $12.36 (with 2x leverage)
2026-03-31 13:01:54,307 - WARNING -    Capital at risk: $6.18
2026-03-31 13:01:54,307 - WARNING -    Stop-loss: $0.8539 (+3.0%)
2026-03-31 13:01:54,307 - WARNING -    Take-profit: $0.7875 (-5.0%)
2026-03-31 13:01:54,307 - INFO - Setting 2x leverage for FIL/USDT...
2026-03-31 13:01:54,421 - INFO - Setting up SHORT position for FIL/USDT...
2026-03-31 13:01:54,421 - WARNING - 📉 PLACING REAL SHORT ORDER: 14.913975 FIL/USDT @ market
2026-03-31 13:01:54,660 - ERROR - ❌ Trade execution failed: binance {"code":-4061,"msg":"Order's position side does not match user's setting."}
2026-03-31 13:01:55,104 - WARNING - ⚡ STRONG SHORT SIGNAL: MKR/USDT down -3.40%
2026-03-31 13:01:55,104 - WARNING - 🎯 ATTEMPTING REAL FUTURES SHORT: MKR/USDT
2026-03-31 13:01:55,104 - WARNING -    Current price: $1650.1000
2026-03-31 13:01:55,104 - WARNING -    24h change: -3.40%
2026-03-31 13:01:55,104 - WARNING -    Position size: 0.007493 contracts
2026-03-31 13:01:55,104 - WARNING -    Position value: $12.36 (with 2x leverage)
2026-03-31 13:01:55,104 - WARNING -    Capital at risk: $6.18
2026-03-31 13:01:55,104 - WARNING -    Stop-loss: $1699.6030 (+3.0%)
2026-03-31 13:01:55,104 - WARNING -    Take-profit: $1567.5950 (-5.0%)
2026-03-31 13:01:55,104 - INFO - Setting 2x leverage for MKR/USDT...
2026-03-31 13:01:55,216 - INFO - Setting up SHORT position for MKR/USDT...
2026-03-31 13:01:55,216 - WARNING - 📉 PLACING REAL SHORT ORDER: 0.007493 MKR/USDT @ market
2026-03-31 13:01:55,417 - ERROR - ❌ Trade execution failed: binance {"code":-4140,"msg":"Invalid symbol status for opening position."}
2026-03-31 13:01:55,527 - WARNING - ⚡ STRONG SHORT SIGNAL: COMP/USDT down -2.80%
2026-03-31 13:01:55,528 - WARNING - 🎯 ATTEMPTING REAL FUTURES SHORT: COMP/USDT
2026-03-31 13:01:55,528 - WARNING -    Current price: $17.7000
2026-03-31 13:01:55,528 - WARNING -    24h change: -2.80%
2026-03-31 13:01:55,528 - WARNING -    Position size: 0.698513 contracts
2026-03-31 13:01:55,528 - WARNING -    Position value: $12.36 (with 2x leverage)
2026-03-31 13:01:55,528 - WARNING -    Capital at risk: $6.18
2026-03-31 13:01:55,528 - WARNING -    Stop-loss: $18.2310 (+3.0%)
2026-03-31 13:01:55,528 - WARNING -    Take-profit: $16.8150 (-5.0%)
2026-03-31 13:01:55,528 - INFO - Setting 2x leverage for COMP/USDT...
2026-03-31 13:01:55,639 - INFO - Setting up SHORT position for COMP/USDT...
2026-03-31 13:01:55,639 - WARNING - 📉 PLACING REAL SHORT ORDER: 0.698513 COMP/USDT @ market
2026-03-31 13:01:55,859 - ERROR - ❌ Trade execution failed: binance {"code":-4061,"msg":"Order's position side does not match user's setting."}
2026-03-31 13:01:56,085 - INFO - 
📈 CYCLE 7 SUMMARY:
2026-03-31 13:01:56,085 - INFO -    Trades executed: 0
2026-03-31 13:01:56,085 - INFO -    Daily trades: 0/2
2026-03-31 13:01:56,085 - INFO -    Cycle duration: 5.2 seconds
2026-03-31 13:01:56,085 - INFO -    Free balance: $41.21
2026-03-31 13:01:56,085 - INFO -    ⏳ No trades this cycle
2026-03-31 13:01:56,085 - INFO - 
⏰ Next scan in 120 seconds...
2026-03-31 13:01:56,085 - INFO - ======================================================================
2026-03-31 13:01:56,197 - INFO - 💰 Binance Futures balance:
2026-03-31 13:01:56,197 - INFO -    Free USDT: $41.36
2026-03-31 13:01:56,197 - INFO -    Total USDT: $77.15
2026-03-31 13:03:56,198 - INFO - 
📊 REAL TRADING CYCLE 8 - 13:03:56
2026-03-31 13:03:56,198 - INFO - --------------------------------------------------
2026-03-31 13:03:56,198 - INFO - 🔍 Analyzing futures pairs for SHORT opportunities...
2026-03-31 13:03:56,650 - WARNING - ⚡ STRONG SHORT SIGNAL: ADA/USDT down -1.53%
2026-03-31 13:03:56,650 - WARNING - 🎯 ATTEMPTING REAL FUTURES SHORT: ADA/USDT
2026-03-31 13:03:56,650 - WARNING -    Current price: $0.2437
2026-03-31 13:03:56,651 - WARNING -    24h change: -1.53%
2026-03-31 13:03:56,651 - WARNING -    Position size: 50.911324 contracts
2026-03-31 13:03:56,651 - WARNING -    Position value: $12.41 (with 2x leverage)
2026-03-31 13:03:56,651 - WARNING -    Capital at risk: $6.20
2026-03-31 13:03:56,651 - WARNING -    Stop-loss: $0.2510 (+3.0%)
2026-03-31 13:03:56,651 - WARNING -    Take-profit: $0.2315 (-5.0%)
2026-03-31 13:03:56,651 - INFO - Setting 2x leverage for ADA/USDT...
2026-03-31 13:03:56,763 - INFO - Setting up SHORT position for ADA/USDT...
2026-03-31 13:03:56,763 - WARNING - 📉 PLACING REAL SHORT ORDER: 50.911324 ADA/USDT @ market
2026-03-31 13:03:57,014 - ERROR - ❌ Trade execution failed: binance {"code":-4061,"msg":"Order's position side does not match user's setting."}
2026-03-31 13:03:57,128 - WARNING - ⚡ STRONG SHORT SIGNAL: XRP/USDT down -2.82%
2026-03-31 13:03:57,129 - WARNING - 🎯 ATTEMPTING REAL FUTURES SHORT: XRP/USDT
2026-03-31 13:03:57,129 - WARNING -    Current price: $1.3175
2026-03-31 13:03:57,129 - WARNING -    24h change: -2.82%
2026-03-31 13:03:57,129 - WARNING -    Position size: 9.417146 contracts
2026-03-31 13:03:57,129 - WARNING -    Position value: $12.41 (with 2x leverage)
2026-03-31 13:03:57,129 - WARNING -    Capital at risk: $6.20
2026-03-31 13:03:57,129 - WARNING -    Stop-loss: $1.3570 (+3.0%)
2026-03-31 13:03:57,129 - WARNING -    Take-profit: $1.2516 (-5.0%)
2026-03-31 13:03:57,129 - INFO - Setting 2x leverage for XRP/USDT...
2026-03-31 13:03:57,242 - INFO - Setting up SHORT position for XRP/USDT...
2026-03-31 13:03:57,243 - WARNING - 📉 PLACING REAL SHORT ORDER: 9.417146 XRP/USDT @ market
2026-03-31 13:03:57,509 - ERROR - ❌ Trade execution failed: binance {"code":-4061,"msg":"Order's position side does not match user's setting."}
2026-03-31 13:03:57,625 - WARNING - ⚡ STRONG SHORT SIGNAL: DOT/USDT down -1.66%
2026-03-31 13:03:57,626 - WARNING - 🎯 ATTEMPTING REAL FUTURES SHORT: DOT/USDT
2026-03-31 13:03:57,626 - WARNING -    Current price: $1.2440
2026-03-31 13:03:57,626 - WARNING -    24h change: -1.66%
2026-03-31 13:03:57,626 - WARNING -    Position size: 9.973545 contracts
2026-03-31 13:03:57,626 - WARNING -    Position value: $12.41 (with 2x leverage)
2026-03-31 13:03:57,626 - WARNING -    Capital at risk: $6.20
2026-03-31 13:03:57,626 - WARNING -    Stop-loss: $1.2813 (+3.0%)
2026-03-31 13:03:57,627 - WARNING -    Take-profit: $1.1818 (-5.0%)
2026-03-31 13:03:57,627 - INFO - Setting 2x leverage for DOT/USDT...
2026-03-31 13:03:57,743 - INFO - Setting up SHORT position for DOT/USDT...
2026-03-31 13:03:57,743 - WARNING - 📉 PLACING REAL SHORT ORDER: 9.973545 DOT/USDT @ market
2026-03-31 13:03:57,979 - ERROR - ❌ Trade execution failed: binance {"code":-4061,"msg":"Order's position side does not match user's setting."}
2026-03-31 13:03:58,090 - WARNING - ⚡ STRONG SHORT SIGNAL: DOGE/USDT down -2.39%
2026-03-31 13:03:58,090 - WARNING - 🎯 ATTEMPTING REAL FUTURES SHORT: DOGE/USDT
2026-03-31 13:03:58,090 - WARNING -    Current price: $0.0912
2026-03-31 13:03:58,090 - WARNING -    24h change: -2.39%
2026-03-31 13:03:58,090 - WARNING -    Position size: 136.072489 contracts
2026-03-31 13:03:58,090 - WARNING -    Position value: $12.41 (with 2x leverage)
2026-03-31 13:03:58,090 - WARNING -    Capital at risk: $6.20
2026-03-31 13:03:58,090 - WARNING -    Stop-loss: $0.0939 (+3.0%)
2026-03-31 13:03:58,090 - WARNING -    Take-profit: $0.0866 (-5.0%)
2026-03-31 13:03:58,090 - INFO - Setting 2x leverage for DOGE/USDT...
2026-03-31 13:03:58,202 - INFO - Setting up SHORT position for DOGE/USDT...
2026-03-31 13:03:58,202 - WARNING - 📉 PLACING REAL SHORT ORDER: 136.072489 DOGE/USDT @ market
2026-03-31 13:03:58,422 - ERROR - ❌ Trade execution failed: binance {"code":-4061,"msg":"Order's position side does not match user's setting."}
2026-03-31 13:03:59,102 - WARNING - ⚡ STRONG SHORT SIGNAL: ETC/USDT down -1.23%
2026-03-31 13:03:59,102 - WARNING - 🎯 ATTEMPTING REAL FUTURES SHORT: ETC/USDT
2026-03-31 13:03:59,102 - WARNING -    Current price: $8.1290
2026-03-31 13:03:59,102 - WARNING -    24h change: -1.23%
2026-03-31 13:03:59,102 - WARNING -    Position size: 1.526275 contracts
2026-03-31 13:03:59,102 - WARNING -    Position value: $12.41 (with 2x leverage)
2026-03-31 13:03:59,102 - WARNING -    Capital at risk: $6.20
2026-03-31 13:03:59,102 - WARNING -    Stop-loss: $8.3729 (+3.0%)
2026-03-31 13:03:59,102 - WARNING -    Take-profit: $7.7225 (-5.0%)
2026-03-31 13:03:59,103 - INFO - Setting 2x leverage for ETC/USDT...
2026-03-31 13:03:59,215 - INFO - Setting up SHORT position for ETC/USDT...
2026-03-31 13:03:59,215 - WARNING - 📉 PLACING REAL SHORT ORDER: 1.526275 ETC/USDT @ market
2026-03-31 13:03:59,445 - ERROR - ❌ Trade execution failed: binance {"code":-4164,"msg":"Order's notional must be no smaller than 20 (unless you choose reduce only)."}
2026-03-31 13:03:59,556 - WARNING - ⚡ STRONG SHORT SIGNAL: XLM/USDT down -1.03%
2026-03-31 13:03:59,557 - WARNING - 🎯 ATTEMPTING REAL FUTURES SHORT: XLM/USDT
2026-03-31 13:03:59,557 - WARNING -    Current price: $0.1675
2026-03-31 13:03:59,557 - WARNING -    24h change: -1.03%
2026-03-31 13:03:59,557 - WARNING -    Position size: 74.067755 contracts
2026-03-31 13:03:59,557 - WARNING -    Position value: $12.41 (with 2x leverage)
2026-03-31 13:03:59,557 - WARNING -    Capital at risk: $6.20
2026-03-31 13:03:59,557 - WARNING -    Stop-loss: $0.1725 (+3.0%)
2026-03-31 13:03:59,557 - WARNING -    Take-profit: $0.1591 (-5.0%)
2026-03-31 13:03:59,557 - INFO - Setting 2x leverage for XLM/USDT...
2026-03-31 13:03:59,668 - INFO - Setting up SHORT position for XLM/USDT...
2026-03-31 13:03:59,669 - WARNING - 📉 PLACING REAL SHORT ORDER: 74.067755 XLM/USDT @ market
2026-03-31 13:03:59,932 - ERROR - ❌ Trade execution failed: binance {"code":-4061,"msg":"Order's position side does not match user's setting."}
2026-03-31 13:04:00,266 - WARNING - ⚡ STRONG SHORT SIGNAL: FIL/USDT down -1.54%
2026-03-31 13:04:00,266 - WARNING - 🎯 ATTEMPTING REAL FUTURES SHORT: FIL/USDT
2026-03-31 13:04:00,266 - WARNING -    Current price: $0.8300
2026-03-31 13:04:00,267 - WARNING -    24h change: -1.54%
2026-03-31 13:04:00,267 - WARNING -    Position size: 14.948301 contracts
2026-03-31 13:04:00,267 - WARNING -    Position value: $12.41 (with 2x leverage)
2026-03-31 13:04:00,267 - WARNING -    Capital at risk: $6.20
2026-03-31 13:04:00,267 - WARNING -    Stop-loss: $0.8549 (+3.0%)
2026-03-31 13:04:00,267 - WARNING -    Take-profit: $0.7885 (-5.0%)
2026-03-31 13:04:00,267 - INFO - Setting 2x leverage for FIL/USDT...
2026-03-31 13:04:00,378 - INFO - Setting up SHORT position for FIL/USDT...
2026-03-31 13:04:00,379 - WARNING - 📉 PLACING REAL SHORT ORDER: 14.948301 FIL/USDT @ market
2026-03-31 13:04:00,618 - ERROR - ❌ Trade execution failed: binance {"code":-4061,"msg":"Order's position side does not match user's setting."}
2026-03-31 13:04:01,067 - WARNING - ⚡ STRONG SHORT SIGNAL: MKR/USDT down -3.40%
2026-03-31 13:04:01,067 - WARNING - 🎯 ATTEMPTING REAL FUTURES SHORT: MKR/USDT
2026-03-31 13:04:01,067 - WARNING -    Current price: $1650.1000
2026-03-31 13:04:01,067 - WARNING -    24h change: -3.40%
2026-03-31 13:04:01,068 - WARNING -    Position size: 0.007519 contracts
2026-03-31 13:04:01,068 - WARNING -    Position value: $12.41 (with 2x leverage)
2026-03-31 13:04:01,068 - WARNING -    Capital at risk: $6.20
2026-03-31 13:04:01,068 - WARNING -    Stop-loss: $1699.6030 (+3.0%)
2026-03-31 13:04:01,068 - WARNING -    Take-profit: $1567.5950 (-5.0%)
2026-03-31 13:04:01,068 - INFO - Setting 2x leverage for MKR/USDT...
2026-03-31 13:04:01,185 - INFO - Setting up SHORT position for MKR/USDT...
2026-03-31 13:04:01,186 - WARNING - 📉 PLACING REAL SHORT ORDER: 0.007519 MKR/USDT @ market
2026-03-31 13:04:01,437 - ERROR - ❌ Trade execution failed: binance {"code":-4140,"msg":"Invalid symbol status for opening position."}
2026-03-31 13:04:01,554 - WARNING - ⚡ STRONG SHORT SIGNAL: COMP/USDT down -3.02%
2026-03-31 13:04:01,554 - WARNING - 🎯 ATTEMPTING REAL FUTURES SHORT: COMP/USDT
2026-03-31 13:04:01,554 - WARNING -    Current price: $17.6800
2026-03-31 13:04:01,554 - WARNING -    24h change: -3.02%
2026-03-31 13:04:01,555 - WARNING -    Position size: 0.701758 contracts
2026-03-31 13:04:01,555 - WARNING -    Position value: $12.41 (with 2x leverage)
2026-03-31 13:04:01,555 - WARNING -    Capital at risk: $6.20
2026-03-31 13:04:01,555 - WARNING -    Stop-loss: $18.2104 (+3.0%)
2026-03-31 13:04:01,555 - WARNING -    Take-profit: $16.7960 (-5.0%)
2026-03-31 13:04:01,555 - INFO - Setting 2x leverage for COMP/USDT...
2026-03-31 13:04:01,667 - INFO - Setting up SHORT position for COMP/USDT...
2026-03-31 13:04:01,667 - WARNING - 📉 PLACING REAL SHORT ORDER: 0.701758 COMP/USDT @ market
2026-03-31 13:04:01,872 - ERROR - ❌ Trade execution failed: binance {"code":-4061,"msg":"Order's position side does not match user's setting."}
2026-03-31 13:04:02,092 - INFO - 
📈 CYCLE 8 SUMMARY:
2026-03-31 13:04:02,092 - INFO -    Trades executed: 0
2026-03-31 13:04:02,092 - INFO -    Daily trades: 0/2
2026-03-31 13:04:02,092 - INFO -    Cycle duration: 5.9 seconds
2026-03-31 13:04:02,092 - INFO -    Free balance: $41.36
2026-03-31 13:04:02,092 - INFO -    ⏳ No trades this cycle
2026-03-31 13:04:02,092 - INFO - 
⏰ Next scan in 120 seconds...
2026-03-31 13:04:02,092 - INFO - ======================================================================
2026-03-31 13:04:02,205 - INFO - 💰 Binance Futures balance:
2026-03-31 13:04:02,205 - INFO -    Free USDT: $41.31
2026-03-31 13:04:02,205 - INFO -    Total USDT: $77.12
