 * Tip: There are .env files present. Install python-dotenv to use them.
🚀 TRUTH DASHBOARD starting on http://localhost:5003
🎯 This shows what's ACTUALLY happening (not simulated data)
 * Serving Flask app 'truth_dashboard'
 * Debug mode: off
[31m[1mWARNING: This is a development server. Do not use it in a production deployment. Use a production WSGI server instead.[0m
 * Running on all addresses (0.0.0.0)
 * Running on http://127.0.0.1:5003
 * Running on http://192.168.1.63:5003
[33mPress CTRL+C to quit[0m
[2026-03-31 17:48:52,348] ERROR in app: Exception on / [GET]
Traceback (most recent call last):
  File "/opt/homebrew/lib/python3.14/site-packages/flask/app.py", line 1511, in wsgi_app
    response = self.full_dispatch_request()
  File "/opt/homebrew/lib/python3.14/site-packages/flask/app.py", line 919, in full_dispatch_request
    rv = self.handle_user_exception(e)
  File "/opt/homebrew/lib/python3.14/site-packages/flask/app.py", line 917, in full_dispatch_request
    rv = self.dispatch_request()
  File "/opt/homebrew/lib/python3.14/site-packages/flask/app.py", line 902, in dispatch_request
    return self.ensure_sync(self.view_functions[rule.endpoint])(**view_args)  # type: ignore[no-any-return]
           ~~~~~~~~~~~~~~~~~~~~~~~~~~~~~~~~~~~~~~~~~~~~~~~~~~~~^^^^^^^^^^^^^
  File "/Users/chetantemkar/.openclaw/workspace/app/truth_dashboard.py", line 469, in index
    return render_template_string(HTML_TEMPLATE, **context)
  File "/opt/homebrew/lib/python3.14/site-packages/flask/templating.py", line 163, in render_template_string
    return _render(app, template, context)
  File "/opt/homebrew/lib/python3.14/site-packages/flask/templating.py", line 132, in _render
    rv = template.render(context)
  File "/opt/homebrew/lib/python3.14/site-packages/jinja2/environment.py", line 1295, in render
    self.environment.handle_exception()
    ~~~~~~~~~~~~~~~~~~~~~~~~~~~~~~~~~^^
  File "/opt/homebrew/lib/python3.14/site-packages/jinja2/environment.py", line 942, in handle_exception
    raise rewrite_traceback_stack(source=source)
  File "<template>", line 111, in top-level template code
TypeError: 'int' object is not subscriptable
127.0.0.1 - - [31/Mar/2026 17:48:52] "[35m[1mGET / HTTP/1.1[0m" 500 -
127.0.0.1 - - [31/Mar/2026 17:48:52] "[33mGET /favicon.ico HTTP/1.1[0m" 404 -
[2026-03-31 17:48:55,985] ERROR in app: Exception on / [GET]
Traceback (most recent call last):
  File "/opt/homebrew/lib/python3.14/site-packages/flask/app.py", line 1511, in wsgi_app
    response = self.full_dispatch_request()
  File "/opt/homebrew/lib/python3.14/site-packages/flask/app.py", line 919, in full_dispatch_request
    rv = self.handle_user_exception(e)
  File "/opt/homebrew/lib/python3.14/site-packages/flask/app.py", line 917, in full_dispatch_request
    rv = self.dispatch_request()
  File "/opt/homebrew/lib/python3.14/site-packages/flask/app.py", line 902, in dispatch_request
    return self.ensure_sync(self.view_functions[rule.endpoint])(**view_args)  # type: ignore[no-any-return]
           ~~~~~~~~~~~~~~~~~~~~~~~~~~~~~~~~~~~~~~~~~~~~~~~~~~~~^^^^^^^^^^^^^
  File "/Users/chetantemkar/.openclaw/workspace/app/truth_dashboard.py", line 469, in index
    return render_template_string(HTML_TEMPLATE, **context)
  File "/opt/homebrew/lib/python3.14/site-packages/flask/templating.py", line 163, in render_template_string
    return _render(app, template, context)
  File "/opt/homebrew/lib/python3.14/site-packages/flask/templating.py", line 132, in _render
    rv = template.render(context)
  File "/opt/homebrew/lib/python3.14/site-packages/jinja2/environment.py", line 1295, in render
    self.environment.handle_exception()
    ~~~~~~~~~~~~~~~~~~~~~~~~~~~~~~~~~^^
  File "/opt/homebrew/lib/python3.14/site-packages/jinja2/environment.py", line 942, in handle_exception
    raise rewrite_traceback_stack(source=source)
  File "<template>", line 111, in top-level template code
TypeError: 'int' object is not subscriptable
127.0.0.1 - - [31/Mar/2026 17:48:55] "[35m[1mGET / HTTP/1.1[0m" 500 -
[2026-03-31 17:49:01,379] ERROR in app: Exception on / [GET]
Traceback (most recent call last):
  File "/opt/homebrew/lib/python3.14/site-packages/flask/app.py", line 1511, in wsgi_app
    response = self.full_dispatch_request()
  File "/opt/homebrew/lib/python3.14/site-packages/flask/app.py", line 919, in full_dispatch_request
    rv = self.handle_user_exception(e)
  File "/opt/homebrew/lib/python3.14/site-packages/flask/app.py", line 917, in full_dispatch_request
    rv = self.dispatch_request()
  File "/opt/homebrew/lib/python3.14/site-packages/flask/app.py", line 902, in dispatch_request
    return self.ensure_sync(self.view_functions[rule.endpoint])(**view_args)  # type: ignore[no-any-return]
           ~~~~~~~~~~~~~~~~~~~~~~~~~~~~~~~~~~~~~~~~~~~~~~~~~~~~^^^^^^^^^^^^^
  File "/Users/chetantemkar/.openclaw/workspace/app/truth_dashboard.py", line 469, in index
    return render_template_string(HTML_TEMPLATE, **context)
  File "/opt/homebrew/lib/python3.14/site-packages/flask/templating.py", line 163, in render_template_string
    return _render(app, template, context)
  File "/opt/homebrew/lib/python3.14/site-packages/flask/templating.py", line 132, in _render
    rv = template.render(context)
  File "/opt/homebrew/lib/python3.14/site-packages/jinja2/environment.py", line 1295, in render
    self.environment.handle_exception()
    ~~~~~~~~~~~~~~~~~~~~~~~~~~~~~~~~~^^
  File "/opt/homebrew/lib/python3.14/site-packages/jinja2/environment.py", line 942, in handle_exception
    raise rewrite_traceback_stack(source=source)
  File "<template>", line 111, in top-level template code
TypeError: 'int' object is not subscriptable
127.0.0.1 - - [31/Mar/2026 17:49:01] "[35m[1mGET / HTTP/1.1[0m" 500 -
