2026-04-03 18:36:02,692 - INFO - 🚀 FINAL WORKING BOT STARTING
2026-04-03 18:36:02,692 - INFO - 💰 YOU HAVE: $50 USDT + 225 MANA
2026-04-03 18:36:02,695 - INFO - 📊 Trading with what you HAVE
2026-04-03 18:36:02,695 - INFO -    Min trade: $10.0
2026-04-03 18:36:02,695 - INFO -    Trade %: 50.0% of available
2026-04-03 18:36:02,695 - INFO - ============================================================
2026-04-03 18:36:02,695 - INFO - 🚀 FINAL WORKING BOT - TRADING YOUR ASSETS
2026-04-03 18:36:02,695 - INFO - ============================================================
2026-04-03 18:36:02,695 - INFO - 🔍 Scan #1
2026-04-03 18:36:04,898 - INFO - 💰 YOUR ACTUAL ASSETS:
2026-04-03 18:36:04,898 - INFO -    USDT: $49.98
2026-04-03 18:36:04,898 - INFO -    MANA: 225.55 ($19.94)
2026-04-03 18:36:04,898 - INFO -    ETH: 0.000334 ($0.69)
2026-04-03 18:36:04,898 - INFO -    TOTAL: $70.61
2026-04-03 18:36:05,013 - INFO - 📊 MANA Price: $0.0884
2026-04-03 18:36:05,013 - INFO - 🎯 BUYING MANA with $20.00 USDT
2026-04-03 18:36:05,013 - INFO -    Amount: 226.24 MANA
2026-04-03 18:36:05,129 - INFO -    ✅ BOUGHT at $0.0884
2026-04-03 18:36:05,129 - INFO -    💰 Cost: $19.98
2026-04-03 18:36:05,130 - INFO -    🎉 REAL TRADE #1 COMPLETE!
2026-04-03 18:36:05,130 - INFO -    📊 New balances:
2026-04-03 18:36:05,130 - INFO -       USDT: $30.00
2026-04-03 18:36:05,130 - INFO -       MANA: 451.55
2026-04-03 18:37:05,201 - INFO - 🔍 Scan #2
2026-04-03 18:37:05,556 - INFO - 💰 YOUR ACTUAL ASSETS:
2026-04-03 18:37:05,556 - INFO -    USDT: $30.00
2026-04-03 18:37:05,557 - INFO -    MANA: 451.32 ($39.94)
2026-04-03 18:37:05,557 - INFO -    ETH: 0.000334 ($0.69)
2026-04-03 18:37:05,557 - INFO -    TOTAL: $70.63
2026-04-03 18:37:05,670 - INFO - 📊 MANA Price: $0.0885
2026-04-03 18:37:05,671 - INFO - 🎯 BUYING MANA with $15.00 USDT
2026-04-03 18:37:05,671 - INFO -    Amount: 169.50 MANA
2026-04-03 18:37:05,784 - INFO -    ✅ BOUGHT at $0.0885
2026-04-03 18:37:05,784 - INFO -    💰 Cost: $14.96
2026-04-03 18:37:05,785 - INFO -    🎉 REAL TRADE #2 COMPLETE!
2026-04-03 18:37:05,785 - INFO -    📊 New balances:
2026-04-03 18:37:05,785 - INFO -       USDT: $15.04
2026-04-03 18:37:05,785 - INFO -       MANA: 620.32
2026-04-03 18:38:05,814 - INFO - 🔍 Scan #3
2026-04-03 18:38:06,162 - INFO - 💰 YOUR ACTUAL ASSETS:
2026-04-03 18:38:06,162 - INFO -    USDT: $15.04
2026-04-03 18:38:06,162 - INFO -    MANA: 620.15 ($54.82)
2026-04-03 18:38:06,162 - INFO -    ETH: 0.000334 ($0.69)
2026-04-03 18:38:06,162 - INFO -    TOTAL: $70.56
2026-04-03 18:38:06,282 - INFO - 📊 MANA Price: $0.0884
2026-04-03 18:38:06,282 - INFO - 🎯 BUYING MANA with $7.52 USDT
2026-04-03 18:38:06,282 - INFO -    Amount: 85.09 MANA
2026-04-03 18:38:06,421 - INFO -    ✅ BOUGHT at $0.0885
2026-04-03 18:38:06,421 - INFO -    💰 Cost: $7.52
2026-04-03 18:38:06,422 - INFO -    🎉 REAL TRADE #3 COMPLETE!
2026-04-03 18:38:06,422 - INFO -    📊 New balances:
2026-04-03 18:38:06,422 - INFO -       USDT: $7.52
2026-04-03 18:38:06,422 - INFO -       MANA: 705.15
2026-04-03 18:39:06,430 - INFO - 🔍 Scan #4
2026-04-03 18:39:06,782 - INFO - 💰 YOUR ACTUAL ASSETS:
2026-04-03 18:39:06,782 - INFO -    USDT: $7.52
2026-04-03 18:39:06,783 - INFO -    MANA: 705.07 ($62.40)
2026-04-03 18:39:06,783 - INFO -    ETH: 0.000334 ($0.69)
2026-04-03 18:39:06,783 - INFO -    TOTAL: $70.61
2026-04-03 18:39:06,912 - INFO - 📊 MANA Price: $0.0885
2026-04-03 18:39:06,912 - INFO -    ⏳ No trade opportunity right now
