2026-04-03 19:53:11,591 - INFO - 🚀 FOREX TRADING BOT INITIALIZING
2026-04-03 19:53:11,591 - INFO - 📝 PAPER TRADING MODE - Ready for real trading
2026-04-03 19:53:11,591 - INFO - 📊 Trading 5 Forex pairs
2026-04-03 19:53:11,591 - INFO - 💰 Paper balance: $10000.00
2026-04-03 19:53:11,591 - INFO - 🎯 Risk: 1.0% per trade
2026-04-03 19:53:11,591 - INFO - 📈 Strategy: Trend following + Mean reversion
2026-04-03 19:53:11,591 - INFO - ============================================================
2026-04-03 19:53:11,591 - INFO - 🚀 FOREX BOT - PAPER TRADING MODE
2026-04-03 19:53:11,591 - INFO - 💰 Ready for real account integration
2026-04-03 19:53:11,591 - INFO - ============================================================
2026-04-03 19:53:11,591 - INFO - 🔍 Forex Scan #1
2026-04-03 19:53:12,251 - INFO - 📈 PERFORMANCE SUMMARY:
2026-04-03 19:53:12,251 - INFO -    Mode: PAPER trading
2026-04-03 19:53:12,251 - INFO -    Balance: $10000.00
2026-04-03 19:53:12,252 - INFO -    Total Profit: $0.00
2026-04-03 19:53:12,252 - INFO -    Open Trades: 0
2026-04-03 19:53:12,252 - INFO -    Closed Trades: 0
2026-04-03 19:53:12,252 - INFO -    Win Rate: 0.0%
2026-04-03 19:53:12,252 - INFO - ⏳ Waiting 10 minutes for next scan...
2026-04-03 20:03:12,288 - INFO - 🔍 Forex Scan #2
2026-04-03 20:03:13,556 - INFO - 📈 PERFORMANCE SUMMARY:
2026-04-03 20:03:13,557 - INFO -    Mode: PAPER trading
2026-04-03 20:03:13,557 - INFO -    Balance: $10000.00
2026-04-03 20:03:13,557 - INFO -    Total Profit: $0.00
2026-04-03 20:03:13,557 - INFO -    Open Trades: 0
2026-04-03 20:03:13,557 - INFO -    Closed Trades: 0
2026-04-03 20:03:13,557 - INFO -    Win Rate: 0.0%
2026-04-03 20:03:13,557 - INFO - ⏳ Waiting 10 minutes for next scan...
2026-04-03 20:13:13,600 - INFO - 🔍 Forex Scan #3
2026-04-03 20:13:14,419 - INFO - 📈 PERFORMANCE SUMMARY:
2026-04-03 20:13:14,419 - INFO -    Mode: PAPER trading
2026-04-03 20:13:14,419 - INFO -    Balance: $10000.00
2026-04-03 20:13:14,420 - INFO -    Total Profit: $0.00
2026-04-03 20:13:14,420 - INFO -    Open Trades: 0
2026-04-03 20:13:14,420 - INFO -    Closed Trades: 0
2026-04-03 20:13:14,420 - INFO -    Win Rate: 0.0%
2026-04-03 20:13:14,420 - INFO - ⏳ Waiting 10 minutes for next scan...
2026-04-03 20:23:14,569 - INFO - 🔍 Forex Scan #4
2026-04-03 20:23:15,505 - INFO - 📈 PERFORMANCE SUMMARY:
2026-04-03 20:23:15,505 - INFO -    Mode: PAPER trading
2026-04-03 20:23:15,505 - INFO -    Balance: $10000.00
2026-04-03 20:23:15,505 - INFO -    Total Profit: $0.00
2026-04-03 20:23:15,505 - INFO -    Open Trades: 0
2026-04-03 20:23:15,505 - INFO -    Closed Trades: 0
2026-04-03 20:23:15,506 - INFO -    Win Rate: 0.0%
2026-04-03 20:23:15,506 - INFO - ⏳ Waiting 10 minutes for next scan...
2026-04-03 20:33:15,626 - INFO - 🔍 Forex Scan #5
2026-04-03 20:33:16,381 - INFO - 📈 PERFORMANCE SUMMARY:
2026-04-03 20:33:16,381 - INFO -    Mode: PAPER trading
2026-04-03 20:33:16,381 - INFO -    Balance: $10000.00
2026-04-03 20:33:16,381 - INFO -    Total Profit: $0.00
2026-04-03 20:33:16,381 - INFO -    Open Trades: 0
2026-04-03 20:33:16,381 - INFO -    Closed Trades: 0
2026-04-03 20:33:16,382 - INFO -    Win Rate: 0.0%
2026-04-03 20:33:16,382 - INFO - ⏳ Waiting 10 minutes for next scan...
