2026-04-03 18:44:57,213 - INFO - 🚀 SIMPLE PROFIT BOT STARTING
2026-04-03 18:44:57,213 - INFO - 💰 Makes REAL money with your 705 MANA!
2026-04-03 18:44:57,216 - INFO - 📊 Simple Profit Trading:
2026-04-03 18:44:57,216 - INFO -    Trade %: 20.0% of MANA
2026-04-03 18:44:57,216 - INFO -    Min trade: 50 MANA
2026-04-03 18:44:57,216 - INFO -    Min profit: $0.15
2026-04-03 18:44:57,216 - INFO - ============================================================
2026-04-03 18:44:57,216 - INFO - 🚀 SIMPLE PROFIT BOT - MAKING MONEY WITH YOUR MANA
2026-04-03 18:44:57,216 - INFO - ============================================================
2026-04-03 18:44:57,216 - INFO - 🔍 Profit Scan #1
2026-04-03 18:44:59,723 - INFO - 💰 YOUR ASSETS:
2026-04-03 18:44:59,724 - INFO -    MANA: 705.07 ($62.19)
2026-04-03 18:44:59,724 - INFO -    USDT: $7.52
2026-04-03 18:44:59,724 - INFO -    TOTAL: $69.71
2026-04-03 18:44:59,724 - INFO -    MANA Price: $0.0882
2026-04-03 18:44:59,838 - INFO - 🎯 EXECUTING PROFIT TRADE!
2026-04-03 18:44:59,838 - INFO -    Selling 141.01 MANA
2026-04-03 18:44:59,838 - INFO -    Value: $12.44
2026-04-03 18:44:59,838 - INFO -    Price: $0.0882
2026-04-03 18:44:59,838 - INFO -    📉 SELLING 141.01 MANA...
2026-04-03 18:44:59,960 - INFO -    ✅ SOLD at $0.0882
2026-04-03 18:44:59,961 - INFO -    💰 Revenue: $12.44
2026-04-03 18:44:59,961 - INFO -    ⏳ Waiting for potential price drop...
2026-04-03 18:45:05,166 - INFO -    📈 Price stable (0.00%) - BUYING BACK...
2026-04-03 18:45:05,283 - INFO -    🎉 PROFIT TRADE COMPLETE!
2026-04-03 18:45:05,283 - INFO -    💰 Profit: $0.07
2026-04-03 18:45:05,283 - INFO -    📈 MANA change: -0.15
2026-04-03 18:45:05,283 - INFO -    📊 Total trades: 1
2026-04-03 18:45:05,283 - INFO -    💸 Total profit: $0.07
2026-04-03 18:45:05,284 - INFO -    ⏳ Waiting 73 seconds...
2026-04-03 18:46:18,286 - INFO - 🔍 Profit Scan #2
2026-04-03 18:46:18,525 - INFO - 💰 YOUR ASSETS:
2026-04-03 18:46:18,526 - INFO -    MANA: 703.93 ($62.16)
2026-04-03 18:46:18,526 - INFO -    USDT: $7.58
2026-04-03 18:46:18,526 - INFO -    TOTAL: $69.74
2026-04-03 18:46:18,526 - INFO -    MANA Price: $0.0883
2026-04-03 18:46:18,640 - INFO - 🎯 EXECUTING PROFIT TRADE!
2026-04-03 18:46:18,640 - INFO -    Selling 140.79 MANA
2026-04-03 18:46:18,640 - INFO -    Value: $12.43
2026-04-03 18:46:18,640 - INFO -    Price: $0.0883
2026-04-03 18:46:18,640 - INFO -    📉 SELLING 140.79 MANA...
2026-04-03 18:46:18,754 - INFO -    ✅ SOLD at $0.0883
2026-04-03 18:46:18,755 - INFO -    💰 Revenue: $12.36
2026-04-03 18:46:18,755 - INFO -    ⏳ Waiting for potential price drop...
2026-04-03 18:46:23,877 - INFO -    📈 Price stable (0.00%) - BUYING BACK...
2026-04-03 18:46:23,993 - INFO -    🎉 PROFIT TRADE COMPLETE!
2026-04-03 18:46:23,993 - INFO -    💰 Profit: $0.07
2026-04-03 18:46:23,993 - INFO -    📈 MANA change: -0.93
2026-04-03 18:46:23,993 - INFO -    📊 Total trades: 2
2026-04-03 18:46:23,993 - INFO -    💸 Total profit: $0.15
2026-04-03 18:46:23,993 - INFO -    ⏳ Waiting 79 seconds...
2026-04-03 18:47:43,058 - INFO - 🔍 Profit Scan #3
2026-04-03 18:47:43,300 - INFO - 💰 YOUR ASSETS:
2026-04-03 18:47:43,300 - INFO -    MANA: 702.79 ($62.06)
2026-04-03 18:47:43,300 - INFO -    USDT: $7.65
2026-04-03 18:47:43,301 - INFO -    TOTAL: $69.70
2026-04-03 18:47:43,301 - INFO -    MANA Price: $0.0883
2026-04-03 18:47:43,415 - INFO - 🎯 EXECUTING PROFIT TRADE!
2026-04-03 18:47:43,415 - INFO -    Selling 140.56 MANA
2026-04-03 18:47:43,415 - INFO -    Value: $12.41
2026-04-03 18:47:43,415 - INFO -    Price: $0.0883
2026-04-03 18:47:43,415 - INFO -    📉 SELLING 140.56 MANA...
2026-04-03 18:47:43,532 - INFO -    ✅ SOLD at $0.0883
2026-04-03 18:47:43,533 - INFO -    💰 Revenue: $12.36
2026-04-03 18:47:43,533 - INFO -    ⏳ Waiting for potential price drop...
2026-04-03 18:47:48,722 - INFO -    📈 Price stable (0.00%) - BUYING BACK...
2026-04-03 18:47:48,837 - INFO -    🎉 PROFIT TRADE COMPLETE!
2026-04-03 18:47:48,838 - INFO -    💰 Profit: $0.07
2026-04-03 18:47:48,838 - INFO -    📈 MANA change: -0.70
2026-04-03 18:47:48,838 - INFO -    📊 Total trades: 3
2026-04-03 18:47:48,838 - INFO -    💸 Total profit: $0.22
2026-04-03 18:47:48,839 - INFO -    ⏳ Waiting 84 seconds...
